<?xml version="1.0" encoding="UTF-8"?>
<coverage generated="1780606458985" clover="3.2.0">
  <project timestamp="1780606458985" name="All files">
    <metrics statements="1654" coveredstatements="824" conditionals="1724" coveredconditionals="707" methods="448" coveredmethods="187" elements="3826" coveredelements="1718" complexity="0" loc="1654" ncloc="1654" packages="3" files="23" classes="23"/>
    <package name="components">
      <metrics statements="61" coveredstatements="33" conditionals="60" coveredconditionals="42" methods="30" coveredmethods="14"/>
      <file name="DreadBanner.tsx" path="D:\source\repos\hundred-days\src\components\DreadBanner.tsx">
        <metrics statements="2" coveredstatements="2" conditionals="2" coveredconditionals="2" methods="1" coveredmethods="1"/>
        <line num="5" count="3" type="cond" truecount="2" falsecount="0"/>
        <line num="6" count="2" type="stmt"/>
      </file>
      <file name="JournalModal.tsx" path="D:\source\repos\hundred-days\src\components\JournalModal.tsx">
        <metrics statements="16" coveredstatements="16" conditionals="26" coveredconditionals="22" methods="6" coveredmethods="6"/>
        <line num="12" count="10" type="stmt"/>
        <line num="14" count="10" type="stmt"/>
        <line num="52" count="11" type="stmt"/>
        <line num="62" count="11" type="stmt"/>
        <line num="63" count="11" type="stmt"/>
        <line num="64" count="2" type="cond" truecount="1" falsecount="1"/>
        <line num="65" count="2" type="cond" truecount="2" falsecount="0"/>
        <line num="66" count="2" type="cond" truecount="2" falsecount="0"/>
        <line num="67" count="2" type="cond" truecount="2" falsecount="0"/>
        <line num="71" count="8" type="cond" truecount="2" falsecount="0"/>
        <line num="72" count="2" type="stmt"/>
        <line num="73" count="2" type="cond" truecount="2" falsecount="0"/>
        <line num="74" count="2" type="stmt"/>
        <line num="81" count="38" type="stmt"/>
        <line num="83" count="11" type="stmt"/>
        <line num="107" count="1" type="stmt"/>
      </file>
      <file name="JourneyBar.tsx" path="D:\source\repos\hundred-days\src\components\JourneyBar.tsx">
        <metrics statements="4" coveredstatements="4" conditionals="5" coveredconditionals="5" methods="1" coveredmethods="1"/>
        <line num="6" count="5" type="stmt"/>
        <line num="7" count="5" type="cond" truecount="2" falsecount="0"/>
        <line num="8" count="5" type="cond" truecount="2" falsecount="0"/>
        <line num="10" count="5" type="stmt"/>
      </file>
      <file name="LevelUpModal.tsx" path="D:\source\repos\hundred-days\src\components\LevelUpModal.tsx">
        <metrics statements="3" coveredstatements="3" conditionals="0" coveredconditionals="0" methods="3" coveredmethods="3"/>
        <line num="13" count="6" type="stmt"/>
        <line num="52" count="12" type="stmt"/>
        <line num="54" count="2" type="stmt"/>
      </file>
      <file name="SettingsModal.tsx" path="D:\source\repos\hundred-days\src\components\SettingsModal.tsx">
        <metrics statements="28" coveredstatements="0" conditionals="14" coveredconditionals="0" methods="16" coveredmethods="0"/>
        <line num="14" count="0" type="stmt"/>
        <line num="15" count="0" type="stmt"/>
        <line num="17" count="0" type="stmt"/>
        <line num="18" count="0" type="cond" truecount="0" falsecount="2"/>
        <line num="19" count="0" type="stmt"/>
        <line num="21" count="0" type="stmt"/>
        <line num="25" count="0" type="stmt"/>
        <line num="26" count="0" type="cond" truecount="0" falsecount="2"/>
        <line num="28" count="0" type="stmt"/>
        <line num="29" count="0" type="stmt"/>
        <line num="30" count="0" type="stmt"/>
        <line num="31" count="0" type="stmt"/>
        <line num="34" count="0" type="cond" truecount="0" falsecount="2"/>
        <line num="36" count="0" type="stmt"/>
        <line num="70" count="0" type="stmt"/>
        <line num="75" count="0" type="stmt"/>
        <line num="83" count="0" type="stmt"/>
        <line num="97" count="0" type="stmt"/>
        <line num="102" count="0" type="stmt"/>
        <line num="109" count="0" type="stmt"/>
        <line num="111" count="0" type="stmt"/>
        <line num="132" count="0" type="stmt"/>
        <line num="150" count="0" type="stmt"/>
        <line num="159" count="0" type="stmt"/>
        <line num="179" count="0" type="stmt"/>
        <line num="192" count="0" type="stmt"/>
        <line num="203" count="0" type="stmt"/>
        <line num="218" count="0" type="stmt"/>
      </file>
      <file name="StatusBar.tsx" path="D:\source\repos\hundred-days\src\components\StatusBar.tsx">
        <metrics statements="6" coveredstatements="6" conditionals="11" coveredconditionals="11" methods="2" coveredmethods="2"/>
        <line num="8" count="8" type="stmt"/>
        <line num="9" count="8" type="stmt"/>
        <line num="11" count="8" type="stmt"/>
        <line num="12" count="8" type="cond" truecount="2" falsecount="0"/>
        <line num="14" count="8" type="stmt"/>
        <line num="39" count="40" type="stmt"/>
      </file>
      <file name="Toast.tsx" path="D:\source\repos\hundred-days\src\components\Toast.tsx">
        <metrics statements="2" coveredstatements="2" conditionals="2" coveredconditionals="2" methods="1" coveredmethods="1"/>
        <line num="5" count="3" type="cond" truecount="2" falsecount="0"/>
        <line num="6" count="2" type="stmt"/>
      </file>
      <file name="index.tsx" path="D:\source\repos\hundred-days\src\components\index.tsx">
        <metrics statements="0" coveredstatements="0" conditionals="0" coveredconditionals="0" methods="0" coveredmethods="0"/>
      </file>
    </package>
    <package name="engine">
      <metrics statements="992" coveredstatements="791" conditionals="974" coveredconditionals="665" methods="222" coveredmethods="173"/>
      <file name="CombatEngine.ts" path="D:\source\repos\hundred-days\src\engine\CombatEngine.ts">
        <metrics statements="206" coveredstatements="136" conditionals="189" coveredconditionals="110" methods="56" coveredmethods="47"/>
        <line num="154" count="1" type="stmt"/>
        <line num="480" count="4" type="stmt"/>
        <line num="483" count="6" type="stmt"/>
        <line num="484" count="12" type="cond" truecount="2" falsecount="0"/>
        <line num="487" count="6" type="cond" truecount="1" falsecount="1"/>
        <line num="489" count="6" type="stmt"/>
        <line num="490" count="6" type="stmt"/>
        <line num="505" count="6" type="stmt"/>
        <line num="512" count="1" type="stmt"/>
        <line num="520" count="3" type="cond" truecount="1" falsecount="1"/>
        <line num="521" count="42" type="stmt"/>
        <line num="522" count="3" type="stmt"/>
        <line num="525" count="3" type="stmt"/>
        <line num="526" count="3" type="stmt"/>
        <line num="527" count="3" type="stmt"/>
        <line num="529" count="3" type="stmt"/>
        <line num="559" count="17" type="stmt"/>
        <line num="560" count="17" type="stmt"/>
        <line num="561" count="17" type="stmt"/>
        <line num="563" count="17" type="cond" truecount="1" falsecount="1"/>
        <line num="564" count="0" type="stmt"/>
        <line num="566" count="17" type="stmt"/>
        <line num="573" count="14" type="cond" truecount="1" falsecount="1"/>
        <line num="574" count="14" type="stmt"/>
        <line num="575" count="14" type="stmt"/>
        <line num="578" count="29" type="stmt"/>
        <line num="583" count="17" type="stmt"/>
        <line num="584" count="17" type="stmt"/>
        <line num="586" count="17" type="stmt"/>
        <line num="592" count="1" type="stmt"/>
        <line num="603" count="17" type="stmt"/>
        <line num="604" count="17" type="stmt"/>
        <line num="617" count="1" type="stmt"/>
        <line num="618" count="1" type="stmt"/>
        <line num="637" count="14" type="cond" truecount="2" falsecount="0"/>
        <line num="638" count="12" type="cond" truecount="2" falsecount="0"/>
        <line num="641" count="10" type="cond" truecount="2" falsecount="0"/>
        <line num="642" count="1" type="stmt"/>
        <line num="643" count="1" type="stmt"/>
        <line num="645" count="9" type="cond" truecount="3" falsecount="1"/>
        <line num="646" count="9" type="cond" truecount="2" falsecount="0"/>
        <line num="647" count="9" type="cond" truecount="1" falsecount="1"/>
        <line num="650" count="10" type="cond" truecount="2" falsecount="0"/>
        <line num="651" count="10" type="cond" truecount="2" falsecount="0"/>
        <line num="653" count="10" type="stmt"/>
        <line num="654" count="10" type="stmt"/>
        <line num="656" count="10" type="cond" truecount="2" falsecount="0"/>
        <line num="657" count="5" type="stmt"/>
        <line num="668" count="8" type="cond" truecount="2" falsecount="0"/>
        <line num="669" count="8" type="cond" truecount="1" falsecount="1"/>
        <line num="670" count="8" type="cond" truecount="1" falsecount="1"/>
        <line num="672" count="8" type="stmt"/>
        <line num="673" count="8" type="cond" truecount="1" falsecount="3"/>
        <line num="674" count="8" type="stmt"/>
        <line num="680" count="8" type="stmt"/>
        <line num="681" count="8" type="stmt"/>
        <line num="687" count="8" type="cond" truecount="2" falsecount="0"/>
        <line num="688" count="3" type="stmt"/>
        <line num="693" count="1" type="stmt"/>
        <line num="696" count="1" type="stmt"/>
        <line num="702" count="0" type="stmt"/>
        <line num="703" count="0" type="cond" truecount="0" falsecount="2"/>
        <line num="709" count="7" type="cond" truecount="2" falsecount="0"/>
        <line num="710" count="7" type="cond" truecount="1" falsecount="1"/>
        <line num="712" count="7" type="stmt"/>
        <line num="713" count="1" type="cond" truecount="1" falsecount="1"/>
        <line num="715" count="1" type="cond" truecount="2" falsecount="6"/>
        <line num="718" count="1" type="stmt"/>
        <line num="719" count="1" type="cond" truecount="1" falsecount="1"/>
        <line num="723" count="0" type="stmt"/>
        <line num="724" count="0" type="stmt"/>
        <line num="725" count="0" type="stmt"/>
        <line num="727" count="1" type="stmt"/>
        <line num="730" count="0" type="cond" truecount="0" falsecount="2"/>
        <line num="731" count="0" type="stmt"/>
        <line num="732" count="0" type="stmt"/>
        <line num="736" count="0" type="stmt"/>
        <line num="737" count="0" type="cond" truecount="0" falsecount="2"/>
        <line num="738" count="0" type="stmt"/>
        <line num="739" count="0" type="stmt"/>
        <line num="740" count="0" type="stmt"/>
        <line num="742" count="0" type="stmt"/>
        <line num="744" count="0" type="stmt"/>
        <line num="748" count="0" type="stmt"/>
        <line num="749" count="0" type="stmt"/>
        <line num="754" count="0" type="stmt"/>
        <line num="755" count="0" type="stmt"/>
        <line num="761" count="1" type="stmt"/>
        <line num="762" count="1" type="stmt"/>
        <line num="763" count="1" type="stmt"/>
        <line num="764" count="1" type="cond" truecount="1" falsecount="1"/>
        <line num="765" count="1" type="stmt"/>
        <line num="772" count="8" type="stmt"/>
        <line num="773" count="8" type="cond" truecount="3" falsecount="1"/>
        <line num="776" count="8" type="cond" truecount="2" falsecount="2"/>
        <line num="777" count="0" type="stmt"/>
        <line num="778" count="0" type="stmt"/>
        <line num="779" count="0" type="stmt"/>
        <line num="783" count="8" type="cond" truecount="2" falsecount="0"/>
        <line num="784" count="8" type="cond" truecount="1" falsecount="1"/>
        <line num="785" count="0" type="stmt"/>
        <line num="787" count="8" type="stmt"/>
        <line num="793" count="8" type="cond" truecount="2" falsecount="0"/>
        <line num="794" count="8" type="stmt"/>
        <line num="795" count="8" type="cond" truecount="1" falsecount="1"/>
        <line num="796" count="0" type="stmt"/>
        <line num="797" count="0" type="stmt"/>
        <line num="799" count="8" type="stmt"/>
        <line num="800" count="8" type="stmt"/>
        <line num="801" count="8" type="stmt"/>
        <line num="805" count="0" type="cond" truecount="0" falsecount="2"/>
        <line num="806" count="0" type="stmt"/>
        <line num="808" count="0" type="cond" truecount="0" falsecount="2"/>
        <line num="809" count="0" type="stmt"/>
        <line num="810" count="0" type="stmt"/>
        <line num="811" count="0" type="stmt"/>
        <line num="814" count="0" type="cond" truecount="0" falsecount="2"/>
        <line num="818" count="0" type="cond" truecount="0" falsecount="4"/>
        <line num="820" count="0" type="cond" truecount="0" falsecount="2"/>
        <line num="821" count="0" type="cond" truecount="0" falsecount="7"/>
        <line num="823" count="0" type="stmt"/>
        <line num="824" count="0" type="cond" truecount="0" falsecount="2"/>
        <line num="825" count="0" type="stmt"/>
        <line num="826" count="0" type="stmt"/>
        <line num="829" count="0" type="cond" truecount="0" falsecount="2"/>
        <line num="830" count="0" type="stmt"/>
        <line num="831" count="0" type="stmt"/>
        <line num="834" count="0" type="stmt"/>
        <line num="835" count="0" type="stmt"/>
        <line num="836" count="0" type="stmt"/>
        <line num="838" count="0" type="cond" truecount="0" falsecount="2"/>
        <line num="839" count="0" type="stmt"/>
        <line num="840" count="0" type="stmt"/>
        <line num="842" count="0" type="stmt"/>
        <line num="843" count="0" type="stmt"/>
        <line num="844" count="0" type="stmt"/>
        <line num="845" count="0" type="stmt"/>
        <line num="848" count="0" type="cond" truecount="0" falsecount="2"/>
        <line num="849" count="0" type="stmt"/>
        <line num="851" count="0" type="stmt"/>
        <line num="852" count="0" type="stmt"/>
        <line num="854" count="0" type="stmt"/>
        <line num="856" count="0" type="stmt"/>
        <line num="857" count="0" type="stmt"/>
        <line num="864" count="2" type="stmt"/>
        <line num="865" count="2" type="stmt"/>
        <line num="867" count="2" type="cond" truecount="0" falsecount="2"/>
        <line num="868" count="2" type="cond" truecount="2" falsecount="2"/>
        <line num="869" count="0" type="stmt"/>
        <line num="870" count="0" type="stmt"/>
        <line num="871" count="0" type="stmt"/>
        <line num="874" count="2" type="stmt"/>
        <line num="875" count="0" type="cond" truecount="0" falsecount="2"/>
        <line num="877" count="2" type="cond" truecount="1" falsecount="1"/>
        <line num="879" count="2" type="stmt"/>
        <line num="881" count="2" type="cond" truecount="2" falsecount="0"/>
        <line num="882" count="1" type="stmt"/>
        <line num="884" count="1" type="stmt"/>
        <line num="885" count="1" type="stmt"/>
        <line num="886" count="1" type="stmt"/>
        <line num="887" count="1" type="cond" truecount="1" falsecount="1"/>
        <line num="888" count="1" type="stmt"/>
        <line num="894" count="2" type="stmt"/>
        <line num="895" count="5" type="stmt"/>
        <line num="896" count="2" type="cond" truecount="3" falsecount="0"/>
        <line num="899" count="2" type="cond" truecount="2" falsecount="0"/>
        <line num="900" count="1" type="stmt"/>
        <line num="901" count="1" type="stmt"/>
        <line num="902" count="1" type="stmt"/>
        <line num="903" count="1" type="cond" truecount="1" falsecount="1"/>
        <line num="904" count="1" type="stmt"/>
        <line num="907" count="1" type="cond" truecount="1" falsecount="1"/>
        <line num="908" count="1" type="stmt"/>
        <line num="909" count="1" type="stmt"/>
        <line num="911" count="0" type="stmt"/>
        <line num="912" count="0" type="stmt"/>
        <line num="913" count="0" type="stmt"/>
        <line num="914" count="0" type="cond" truecount="0" falsecount="2"/>
        <line num="921" count="17" type="stmt"/>
        <line num="922" count="17" type="stmt"/>
        <line num="923" count="17" type="cond" truecount="2" falsecount="0"/>
        <line num="924" count="17" type="stmt"/>
        <line num="925" count="17" type="stmt"/>
        <line num="926" count="17" type="stmt"/>
        <line num="932" count="12" type="cond" truecount="2" falsecount="0"/>
        <line num="933" count="12" type="cond" truecount="2" falsecount="0"/>
        <line num="934" count="8" type="cond" truecount="2" falsecount="0"/>
        <line num="938" count="7" type="stmt"/>
        <line num="940" count="7" type="cond" truecount="1" falsecount="1"/>
        <line num="941" count="7" type="stmt"/>
        <line num="942" count="7" type="cond" truecount="1" falsecount="1"/>
        <line num="943" count="7" type="cond" truecount="1" falsecount="1"/>
        <line num="944" count="7" type="stmt"/>
        <line num="946" count="7" type="cond" truecount="2" falsecount="0"/>
        <line num="951" count="7" type="stmt"/>
        <line num="959" count="4" type="cond" truecount="3" falsecount="1"/>
        <line num="964" count="7" type="stmt"/>
        <line num="970" count="10" type="stmt"/>
        <line num="971" count="0" type="stmt"/>
        <line num="972" count="0" type="stmt"/>
        <line num="973" count="10" type="stmt"/>
        <line num="979" count="20" type="cond" truecount="4" falsecount="0"/>
        <line num="992" count="26" type="stmt"/>
        <line num="993" count="26" type="stmt"/>
        <line num="997" count="47" type="stmt"/>
        <line num="998" count="47" type="stmt"/>
      </file>
      <file name="DialogueEngine.ts" path="D:\source\repos\hundred-days\src\engine\DialogueEngine.ts">
        <metrics statements="80" coveredstatements="78" conditionals="125" coveredconditionals="94" methods="21" coveredmethods="18"/>
        <line num="146" count="19" type="stmt"/>
        <line num="154" count="19" type="stmt"/>
        <line num="155" count="19" type="stmt"/>
        <line num="156" count="19" type="stmt"/>
        <line num="157" count="19" type="stmt"/>
        <line num="168" count="19" type="stmt"/>
        <line num="173" count="6" type="cond" truecount="1" falsecount="1"/>
        <line num="174" count="6" type="stmt"/>
        <line num="175" count="6" type="cond" truecount="1" falsecount="1"/>
        <line num="176" count="6" type="stmt"/>
        <line num="177" count="6" type="cond" truecount="1" falsecount="1"/>
        <line num="179" count="6" type="stmt"/>
        <line num="180" count="6" type="stmt"/>
        <line num="182" count="6" type="cond" truecount="2" falsecount="0"/>
        <line num="183" count="1" type="stmt"/>
        <line num="186" count="6" type="cond" truecount="2" falsecount="0"/>
        <line num="187" count="1" type="stmt"/>
        <line num="189" count="5" type="stmt"/>
        <line num="195" count="1" type="stmt"/>
        <line num="196" count="1" type="cond" truecount="1" falsecount="1"/>
        <line num="197" count="1" type="cond" truecount="1" falsecount="1"/>
        <line num="198" count="0" type="stmt"/>
        <line num="200" count="1" type="stmt"/>
        <line num="206" count="1" type="cond" truecount="1" falsecount="1"/>
        <line num="209" count="4" type="stmt"/>
        <line num="214" count="20" type="stmt"/>
        <line num="215" count="20" type="cond" truecount="1" falsecount="1"/>
        <line num="217" count="20" type="stmt"/>
        <line num="219" count="20" type="stmt"/>
        <line num="220" count="30" type="cond" truecount="2" falsecount="0"/>
        <line num="223" count="20" type="stmt"/>
        <line num="225" count="20" type="cond" truecount="2" falsecount="0"/>
        <line num="226" count="2" type="cond" truecount="2" falsecount="0"/>
        <line num="227" count="2" type="stmt"/>
        <line num="228" count="1" type="stmt"/>
        <line num="235" count="6" type="stmt"/>
        <line num="236" count="6" type="stmt"/>
        <line num="244" count="8" type="stmt"/>
        <line num="245" count="8" type="stmt"/>
        <line num="247" count="8" type="cond" truecount="4" falsecount="0"/>
        <line num="248" count="7" type="cond" truecount="4" falsecount="0"/>
        <line num="249" count="6" type="cond" truecount="2" falsecount="2"/>
        <line num="250" count="6" type="cond" truecount="2" falsecount="2"/>
        <line num="251" count="6" type="cond" truecount="2" falsecount="2"/>
        <line num="252" count="6" type="cond" truecount="4" falsecount="0"/>
        <line num="253" count="5" type="cond" truecount="2" falsecount="2"/>
        <line num="255" count="5" type="cond" truecount="2" falsecount="0"/>
        <line num="256" count="1" type="cond" truecount="1" falsecount="1"/>
        <line num="258" count="4" type="cond" truecount="2" falsecount="0"/>
        <line num="259" count="1" type="cond" truecount="1" falsecount="1"/>
        <line num="262" count="3" type="cond" truecount="4" falsecount="0"/>
        <line num="263" count="2" type="cond" truecount="4" falsecount="0"/>
        <line num="265" count="1" type="cond" truecount="2" falsecount="2"/>
        <line num="267" count="1" type="stmt"/>
        <line num="271" count="6" type="stmt"/>
        <line num="272" count="6" type="cond" truecount="2" falsecount="0"/>
        <line num="273" count="6" type="cond" truecount="2" falsecount="0"/>
        <line num="274" count="6" type="cond" truecount="1" falsecount="1"/>
        <line num="275" count="6" type="cond" truecount="2" falsecount="0"/>
        <line num="276" count="6" type="cond" truecount="2" falsecount="0"/>
        <line num="277" count="6" type="cond" truecount="1" falsecount="1"/>
        <line num="278" count="6" type="cond" truecount="2" falsecount="0"/>
        <line num="279" count="6" type="cond" truecount="1" falsecount="1"/>
        <line num="280" count="6" type="cond" truecount="2" falsecount="0"/>
        <line num="285" count="19" type="stmt"/>
        <line num="301" count="2" type="stmt"/>
        <line num="839" count="0" type="stmt"/>
        <line num="846" count="4" type="stmt"/>
        <line num="847" count="19" type="cond" truecount="2" falsecount="0"/>
        <line num="848" count="13" type="stmt"/>
        <line num="849" count="13" type="cond" truecount="4" falsecount="0"/>
        <line num="850" count="4" type="cond" truecount="4" falsecount="0"/>
        <line num="851" count="3" type="cond" truecount="2" falsecount="2"/>
        <line num="852" count="3" type="cond" truecount="2" falsecount="2"/>
        <line num="855" count="3" type="cond" truecount="4" falsecount="0"/>
        <line num="856" count="2" type="cond" truecount="2" falsecount="2"/>
        <line num="857" count="2" type="cond" truecount="2" falsecount="2"/>
        <line num="858" count="2" type="cond" truecount="4" falsecount="0"/>
        <line num="859" count="1" type="stmt"/>
        <line num="861" count="3" type="stmt"/>
      </file>
      <file name="EventSystem.ts" path="D:\source\repos\hundred-days\src\engine\EventSystem.ts">
        <metrics statements="51" coveredstatements="47" conditionals="101" coveredconditionals="79" methods="15" coveredmethods="9"/>
        <line num="16" count="2" type="stmt"/>
        <line num="374" count="2" type="stmt"/>
        <line num="403" count="0" type="stmt"/>
        <line num="412" count="18" type="stmt"/>
        <line num="413" count="12" type="cond" truecount="2" falsecount="0"/>
        <line num="415" count="10" type="stmt"/>
        <line num="420" count="10" type="cond" truecount="2" falsecount="0"/>
        <line num="422" count="10" type="stmt"/>
        <line num="423" count="190" type="stmt"/>
        <line num="425" count="190" type="cond" truecount="4" falsecount="0"/>
        <line num="427" count="189" type="cond" truecount="4" falsecount="0"/>
        <line num="428" count="169" type="cond" truecount="4" falsecount="0"/>
        <line num="429" count="168" type="cond" truecount="4" falsecount="0"/>
        <line num="430" count="122" type="cond" truecount="3" falsecount="1"/>
        <line num="431" count="122" type="cond" truecount="3" falsecount="1"/>
        <line num="432" count="122" type="cond" truecount="2" falsecount="2"/>
        <line num="434" count="122" type="cond" truecount="4" falsecount="0"/>
        <line num="436" count="100" type="cond" truecount="4" falsecount="0"/>
        <line num="438" count="79" type="cond" truecount="2" falsecount="0"/>
        <line num="439" count="10" type="stmt"/>
        <line num="440" count="10" type="cond" truecount="2" falsecount="0"/>
        <line num="443" count="71" type="cond" truecount="2" falsecount="0"/>
        <line num="444" count="20" type="stmt"/>
        <line num="445" count="20" type="cond" truecount="2" falsecount="0"/>
        <line num="451" count="67" type="cond" truecount="5" falsecount="0"/>
        <line num="453" count="61" type="stmt"/>
        <line num="456" count="10" type="stmt"/>
        <line num="457" count="10" type="stmt"/>
        <line num="458" count="20" type="cond" truecount="1" falsecount="1"/>
        <line num="459" count="20" type="stmt"/>
        <line num="460" count="20" type="cond" truecount="2" falsecount="0"/>
        <line num="464" count="10" type="stmt"/>
        <line num="472" count="2" type="stmt"/>
        <line num="473" count="2" type="cond" truecount="1" falsecount="1"/>
        <line num="475" count="2" type="stmt"/>
        <line num="477" count="2" type="cond" truecount="2" falsecount="0"/>
        <line num="478" count="38" type="cond" truecount="4" falsecount="0"/>
        <line num="479" count="2" type="cond" truecount="4" falsecount="0"/>
        <line num="481" count="1" type="stmt"/>
        <line num="482" count="1" type="cond" truecount="2" falsecount="2"/>
        <line num="483" count="1" type="cond" truecount="2" falsecount="2"/>
        <line num="484" count="1" type="cond" truecount="3" falsecount="1"/>
        <line num="485" count="1" type="cond" truecount="3" falsecount="1"/>
        <line num="486" count="1" type="cond" truecount="2" falsecount="2"/>
        <line num="487" count="1" type="cond" truecount="2" falsecount="2"/>
        <line num="489" count="1" type="cond" truecount="1" falsecount="1"/>
        <line num="490" count="0" type="cond" truecount="0" falsecount="2"/>
        <line num="492" count="1" type="cond" truecount="1" falsecount="1"/>
        <line num="493" count="0" type="cond" truecount="0" falsecount="2"/>
        <line num="496" count="1" type="stmt"/>
        <line num="507" count="0" type="stmt"/>
      </file>
      <file name="GameState.ts" path="D:\source\repos\hundred-days\src\engine\GameState.ts">
        <metrics statements="53" coveredstatements="53" conditionals="53" coveredconditionals="52" methods="15" coveredmethods="15"/>
        <line num="16" count="7" type="stmt"/>
        <line num="21" count="7" type="stmt"/>
        <line num="37" count="7" type="stmt"/>
        <line num="79" count="7" type="stmt"/>
        <line num="80" count="7" type="stmt"/>
        <line num="86" count="112" type="stmt"/>
        <line num="152" count="30" type="cond" truecount="2" falsecount="0"/>
        <line num="153" count="26" type="cond" truecount="2" falsecount="0"/>
        <line num="154" count="14" type="cond" truecount="2" falsecount="0"/>
        <line num="155" count="9" type="cond" truecount="2" falsecount="0"/>
        <line num="156" count="6" type="stmt"/>
        <line num="160" count="19" type="cond" truecount="2" falsecount="0"/>
        <line num="161" count="15" type="cond" truecount="2" falsecount="0"/>
        <line num="162" count="13" type="cond" truecount="2" falsecount="0"/>
        <line num="163" count="8" type="cond" truecount="2" falsecount="0"/>
        <line num="164" count="5" type="stmt"/>
        <line num="168" count="13" type="cond" truecount="5" falsecount="0"/>
        <line num="169" count="1" type="stmt"/>
        <line num="170" count="9" type="stmt"/>
        <line num="171" count="1" type="stmt"/>
        <line num="172" count="1" type="stmt"/>
        <line num="173" count="1" type="stmt"/>
        <line num="178" count="13" type="cond" truecount="5" falsecount="0"/>
        <line num="179" count="1" type="stmt"/>
        <line num="180" count="9" type="stmt"/>
        <line num="181" count="1" type="stmt"/>
        <line num="182" count="1" type="stmt"/>
        <line num="183" count="1" type="stmt"/>
        <line num="188" count="19" type="stmt"/>
        <line num="189" count="19" type="stmt"/>
        <line num="190" count="19" type="stmt"/>
        <line num="199" count="9" type="stmt"/>
        <line num="200" count="9" type="stmt"/>
        <line num="201" count="9" type="stmt"/>
        <line num="219" count="7" type="stmt"/>
        <line num="220" count="7" type="stmt"/>
        <line num="227" count="4" type="stmt"/>
        <line num="228" count="4" type="stmt"/>
        <line num="240" count="17" type="stmt"/>
        <line num="241" count="2" type="stmt"/>
        <line num="245" count="22" type="cond" truecount="2" falsecount="0"/>
        <line num="246" count="4" type="stmt"/>
        <line num="247" count="4" type="stmt"/>
        <line num="248" count="4" type="cond" truecount="2" falsecount="0"/>
        <line num="252" count="4" type="stmt"/>
        <line num="254" count="4" type="stmt"/>
        <line num="259" count="4" type="stmt"/>
        <line num="260" count="1" type="stmt"/>
        <line num="261" count="1" type="stmt"/>
        <line num="264" count="4" type="stmt"/>
        <line num="272" count="4" type="stmt"/>
        <line num="280" count="61" type="stmt"/>
        <line num="284" count="112" type="stmt"/>
      </file>
      <file name="ItemSystem.ts" path="D:\source\repos\hundred-days\src\engine\ItemSystem.ts">
        <metrics statements="111" coveredstatements="109" conditionals="135" coveredconditionals="95" methods="25" coveredmethods="23"/>
        <line num="15" count="3" type="stmt"/>
        <line num="373" count="923" type="stmt"/>
        <line num="387" count="32" type="stmt"/>
        <line num="399" count="49" type="stmt"/>
        <line num="400" count="49" type="cond" truecount="2" falsecount="0"/>
        <line num="403" count="48" type="stmt"/>
        <line num="404" count="50" type="cond" truecount="2" falsecount="0"/>
        <line num="406" count="48" type="cond" truecount="2" falsecount="0"/>
        <line num="407" count="9" type="stmt"/>
        <line num="408" count="9" type="cond" truecount="1" falsecount="1"/>
        <line num="410" count="9" type="stmt"/>
        <line num="414" count="39" type="cond" truecount="2" falsecount="0"/>
        <line num="415" count="1" type="stmt"/>
        <line num="418" count="38" type="stmt"/>
        <line num="424" count="38" type="stmt"/>
        <line num="425" count="38" type="cond" truecount="2" falsecount="0"/>
        <line num="427" count="38" type="stmt"/>
        <line num="434" count="10" type="stmt"/>
        <line num="435" count="10" type="cond" truecount="4" falsecount="0"/>
        <line num="436" count="3" type="stmt"/>
        <line num="439" count="7" type="stmt"/>
        <line num="440" count="7" type="cond" truecount="2" falsecount="0"/>
        <line num="441" count="5" type="stmt"/>
        <line num="442" count="2" type="cond" truecount="1" falsecount="1"/>
        <line num="445" count="7" type="stmt"/>
        <line num="446" count="7" type="stmt"/>
        <line num="447" count="1" type="cond" truecount="1" falsecount="1"/>
        <line num="450" count="7" type="stmt"/>
        <line num="454" count="14" type="stmt"/>
        <line num="455" count="14" type="cond" truecount="5" falsecount="0"/>
        <line num="456" count="1" type="stmt"/>
        <line num="458" count="15" type="cond" truecount="2" falsecount="0"/>
        <line num="459" count="1" type="stmt"/>
        <line num="463" count="12" type="stmt"/>
        <line num="464" count="12" type="stmt"/>
        <line num="465" count="12" type="stmt"/>
        <line num="466" count="15" type="cond" truecount="2" falsecount="0"/>
        <line num="467" count="14" type="cond" truecount="2" falsecount="0"/>
        <line num="468" count="2" type="stmt"/>
        <line num="471" count="12" type="stmt"/>
        <line num="473" count="12" type="stmt"/>
        <line num="477" count="1" type="stmt"/>
        <line num="478" count="1" type="cond" truecount="1" falsecount="1"/>
        <line num="480" count="1" type="stmt"/>
        <line num="481" count="1" type="cond" truecount="1" falsecount="1"/>
        <line num="484" count="1" type="stmt"/>
        <line num="485" count="1" type="stmt"/>
        <line num="486" count="1" type="cond" truecount="1" falsecount="1"/>
        <line num="489" count="1" type="stmt"/>
        <line num="496" count="3" type="stmt"/>
        <line num="497" count="3" type="cond" truecount="1" falsecount="1"/>
        <line num="498" count="3" type="cond" truecount="2" falsecount="0"/>
        <line num="500" count="2" type="stmt"/>
        <line num="501" count="2" type="cond" truecount="1" falsecount="1"/>
        <line num="503" count="2" type="stmt"/>
        <line num="511" count="48" type="stmt"/>
        <line num="513" count="48" type="stmt"/>
        <line num="514" count="7" type="cond" truecount="1" falsecount="1"/>
        <line num="515" count="7" type="stmt"/>
        <line num="516" count="7" type="cond" truecount="1" falsecount="1"/>
        <line num="517" count="7" type="stmt"/>
        <line num="519" count="7" type="cond" truecount="4" falsecount="0"/>
        <line num="520" count="7" type="cond" truecount="4" falsecount="0"/>
        <line num="521" count="7" type="cond" truecount="1" falsecount="3"/>
        <line num="522" count="7" type="cond" truecount="4" falsecount="0"/>
        <line num="523" count="7" type="cond" truecount="1" falsecount="3"/>
        <line num="524" count="7" type="cond" truecount="1" falsecount="3"/>
        <line num="525" count="7" type="cond" truecount="1" falsecount="3"/>
        <line num="526" count="7" type="cond" truecount="1" falsecount="3"/>
        <line num="527" count="7" type="cond" truecount="1" falsecount="3"/>
        <line num="528" count="7" type="cond" truecount="1" falsecount="3"/>
        <line num="529" count="7" type="cond" truecount="1" falsecount="3"/>
        <line num="530" count="7" type="cond" truecount="2" falsecount="0"/>
        <line num="531" count="7" type="cond" truecount="2" falsecount="0"/>
        <line num="532" count="7" type="cond" truecount="2" falsecount="0"/>
        <line num="535" count="48" type="stmt"/>
        <line num="554" count="6" type="stmt"/>
        <line num="555" count="168" type="cond" truecount="2" falsecount="0"/>
        <line num="556" count="138" type="cond" truecount="1" falsecount="1"/>
        <line num="558" count="138" type="cond" truecount="4" falsecount="0"/>
        <line num="559" count="122" type="cond" truecount="3" falsecount="1"/>
        <line num="560" count="122" type="cond" truecount="5" falsecount="0"/>
        <line num="561" count="6" type="stmt"/>
        <line num="562" count="116" type="stmt"/>
        <line num="565" count="6" type="cond" truecount="2" falsecount="0"/>
        <line num="567" count="6" type="stmt"/>
        <line num="568" count="116" type="cond" truecount="1" falsecount="1"/>
        <line num="569" count="116" type="stmt"/>
        <line num="579" count="3" type="stmt"/>
        <line num="580" count="3" type="cond" truecount="1" falsecount="1"/>
        <line num="582" count="3" type="cond" truecount="2" falsecount="0"/>
        <line num="583" count="3" type="stmt"/>
        <line num="585" count="3" type="cond" truecount="2" falsecount="0"/>
        <line num="586" count="1" type="stmt"/>
        <line num="589" count="2" type="stmt"/>
        <line num="590" count="2" type="cond" truecount="1" falsecount="1"/>
        <line num="592" count="2" type="stmt"/>
        <line num="599" count="4" type="stmt"/>
        <line num="600" count="4" type="cond" truecount="4" falsecount="0"/>
        <line num="601" count="1" type="stmt"/>
        <line num="604" count="3" type="stmt"/>
        <line num="605" count="3" type="stmt"/>
        <line num="606" count="3" type="cond" truecount="2" falsecount="0"/>
        <line num="608" count="2" type="stmt"/>
        <line num="615" count="3" type="stmt"/>
        <line num="622" count="3" type="stmt"/>
        <line num="633" count="3" type="stmt"/>
        <line num="646" count="3" type="stmt"/>
        <line num="670" count="43" type="stmt"/>
        <line num="685" count="0" type="stmt"/>
        <line num="698" count="0" type="stmt"/>
      </file>
      <file name="SaveEngine.ts" path="D:\source\repos\hundred-days\src\engine\SaveEngine.ts">
        <metrics statements="121" coveredstatements="89" conditionals="80" coveredconditionals="48" methods="16" coveredmethods="11"/>
        <line num="16" count="1" type="stmt"/>
        <line num="46" count="1" type="stmt"/>
        <line num="64" count="10" type="stmt"/>
        <line num="66" count="10" type="stmt"/>
        <line num="67" count="10" type="cond" truecount="2" falsecount="0"/>
        <line num="68" count="1" type="stmt"/>
        <line num="71" count="10" type="stmt"/>
        <line num="83" count="10" type="stmt"/>
        <line num="86" count="10" type="cond" truecount="2" falsecount="0"/>
        <line num="87" count="1" type="stmt"/>
        <line num="88" count="1" type="stmt"/>
        <line num="91" count="10" type="stmt"/>
        <line num="93" count="0" type="stmt"/>
        <line num="94" count="0" type="stmt"/>
        <line num="101" count="16" type="stmt"/>
        <line num="102" count="16" type="stmt"/>
        <line num="103" count="16" type="cond" truecount="2" falsecount="0"/>
        <line num="105" count="14" type="stmt"/>
        <line num="108" count="12" type="cond" truecount="2" falsecount="0"/>
        <line num="109" count="6" type="stmt"/>
        <line num="110" count="6" type="cond" truecount="1" falsecount="1"/>
        <line num="111" count="6" type="stmt"/>
        <line num="115" count="6" type="stmt"/>
        <line num="116" count="6" type="cond" truecount="1" falsecount="1"/>
        <line num="117" count="0" type="stmt"/>
        <line num="118" count="0" type="stmt"/>
        <line num="121" count="6" type="stmt"/>
        <line num="124" count="2" type="stmt"/>
        <line num="125" count="2" type="stmt"/>
        <line num="132" count="2" type="stmt"/>
        <line num="133" count="2" type="stmt"/>
        <line num="134" count="2" type="stmt"/>
        <line num="135" count="2" type="cond" truecount="1" falsecount="1"/>
        <line num="137" count="2" type="stmt"/>
        <line num="138" count="1" type="stmt"/>
        <line num="140" count="1" type="cond" truecount="1" falsecount="1"/>
        <line num="141" count="0" type="stmt"/>
        <line num="142" count="0" type="stmt"/>
        <line num="146" count="1" type="stmt"/>
        <line num="148" count="1" type="stmt"/>
        <line num="155" count="1" type="stmt"/>
        <line num="156" count="1" type="stmt"/>
        <line num="157" count="1" type="stmt"/>
        <line num="164" count="10" type="stmt"/>
        <line num="175" count="13" type="stmt"/>
        <line num="189" count="7" type="stmt"/>
        <line num="190" count="7" type="cond" truecount="1" falsecount="1"/>
        <line num="191" count="7" type="cond" truecount="3" falsecount="1"/>
        <line num="192" count="7" type="cond" truecount="1" falsecount="1"/>
        <line num="193" count="7" type="cond" truecount="3" falsecount="1"/>
        <line num="194" count="7" type="cond" truecount="3" falsecount="1"/>
        <line num="195" count="7" type="cond" truecount="1" falsecount="1"/>
        <line num="196" count="7" type="cond" truecount="1" falsecount="1"/>
        <line num="197" count="7" type="stmt"/>
        <line num="203" count="6" type="stmt"/>
        <line num="206" count="6" type="cond" truecount="2" falsecount="0"/>
        <line num="207" count="5" type="stmt"/>
        <line num="208" count="5" type="cond" truecount="1" falsecount="1"/>
        <line num="209" count="5" type="stmt"/>
        <line num="217" count="5" type="stmt"/>
        <line num="221" count="6" type="cond" truecount="2" falsecount="0"/>
        <line num="222" count="5" type="stmt"/>
        <line num="223" count="5" type="cond" truecount="1" falsecount="1"/>
        <line num="224" count="0" type="stmt"/>
        <line num="226" count="5" type="cond" truecount="1" falsecount="1"/>
        <line num="227" count="0" type="stmt"/>
        <line num="229" count="5" type="stmt"/>
        <line num="233" count="6" type="cond" truecount="2" falsecount="0"/>
        <line num="234" count="5" type="stmt"/>
        <line num="235" count="5" type="cond" truecount="1" falsecount="1"/>
        <line num="236" count="0" type="stmt"/>
        <line num="238" count="5" type="stmt"/>
        <line num="242" count="6" type="cond" truecount="1" falsecount="1"/>
        <line num="243" count="6" type="stmt"/>
        <line num="244" count="6" type="cond" truecount="2" falsecount="0"/>
        <line num="245" count="1" type="stmt"/>
        <line num="247" count="6" type="stmt"/>
        <line num="251" count="6" type="cond" truecount="1" falsecount="1"/>
        <line num="252" count="6" type="stmt"/>
        <line num="253" count="6" type="cond" truecount="2" falsecount="0"/>
        <line num="254" count="1" type="stmt"/>
        <line num="256" count="6" type="stmt"/>
        <line num="259" count="6" type="cond" truecount="1" falsecount="1"/>
        <line num="260" count="6" type="stmt"/>
        <line num="266" count="1" type="stmt"/>
        <line num="267" count="1" type="stmt"/>
        <line num="268" count="1" type="cond" truecount="1" falsecount="1"/>
        <line num="270" count="1" type="stmt"/>
        <line num="278" count="0" type="stmt"/>
        <line num="283" count="1" type="stmt"/>
        <line num="284" count="1" type="stmt"/>
        <line num="286" count="0" type="stmt"/>
        <line num="291" count="1" type="stmt"/>
        <line num="292" count="1" type="stmt"/>
        <line num="294" count="1" type="cond" truecount="1" falsecount="3"/>
        <line num="296" count="1" type="stmt"/>
        <line num="299" count="0" type="stmt"/>
        <line num="301" count="0" type="stmt"/>
        <line num="304" count="0" type="stmt"/>
        <line num="311" count="0" type="stmt"/>
        <line num="312" count="0" type="stmt"/>
        <line num="314" count="0" type="stmt"/>
        <line num="319" count="0" type="stmt"/>
        <line num="320" count="0" type="stmt"/>
        <line num="321" count="0" type="cond" truecount="0" falsecount="2"/>
        <line num="322" count="0" type="stmt"/>
        <line num="324" count="0" type="stmt"/>
        <line num="331" count="3" type="stmt"/>
        <line num="332" count="3" type="stmt"/>
        <line num="336" count="0" type="stmt"/>
        <line num="337" count="0" type="stmt"/>
        <line num="338" count="0" type="cond" truecount="0" falsecount="2"/>
        <line num="339" count="0" type="stmt"/>
        <line num="340" count="0" type="stmt"/>
        <line num="342" count="0" type="stmt"/>
        <line num="347" count="0" type="stmt"/>
        <line num="348" count="0" type="stmt"/>
        <line num="349" count="0" type="cond" truecount="0" falsecount="2"/>
        <line num="351" count="0" type="stmt"/>
        <line num="356" count="2" type="stmt"/>
        <line num="365" count="1" type="stmt"/>
      </file>
      <file name="SoundEngine.ts" path="D:\source\repos\hundred-days\src\engine\SoundEngine.ts">
        <metrics statements="15" coveredstatements="0" conditionals="2" coveredconditionals="0" methods="5" coveredmethods="0"/>
        <line num="42" count="0" type="stmt"/>
        <line num="43" count="0" type="stmt"/>
        <line num="44" count="0" type="stmt"/>
        <line num="49" count="0" type="stmt"/>
        <line num="50" count="0" type="stmt"/>
        <line num="56" count="0" type="cond" truecount="0" falsecount="2"/>
        <line num="77" count="0" type="stmt"/>
        <line num="78" count="0" type="stmt"/>
        <line num="83" count="0" type="stmt"/>
        <line num="84" count="0" type="stmt"/>
        <line num="86" count="0" type="stmt"/>
        <line num="92" count="0" type="stmt"/>
        <line num="93" count="0" type="stmt"/>
        <line num="98" count="0" type="stmt"/>
        <line num="103" count="0" type="stmt"/>
      </file>
      <file name="TurnEngine.ts" path="D:\source\repos\hundred-days\src\engine\TurnEngine.ts">
        <metrics statements="355" coveredstatements="279" conditionals="289" coveredconditionals="187" methods="69" coveredmethods="50"/>
        <line num="68" count="1" type="stmt"/>
        <line num="80" count="21" type="stmt"/>
        <line num="88" count="21" type="stmt"/>
        <line num="89" count="21" type="stmt"/>
        <line num="90" count="21" type="stmt"/>
        <line num="91" count="21" type="stmt"/>
        <line num="100" count="21" type="cond" truecount="2" falsecount="2"/>
        <line num="101" count="21" type="stmt"/>
        <line num="106" count="1" type="cond" truecount="1" falsecount="1"/>
        <line num="108" count="1" type="stmt"/>
        <line num="109" count="1" type="cond" truecount="1" falsecount="1"/>
        <line num="110" count="4" type="stmt"/>
        <line num="111" count="1" type="cond" truecount="1" falsecount="1"/>
        <line num="112" count="0" type="stmt"/>
        <line num="113" count="0" type="stmt"/>
        <line num="114" count="0" type="cond" truecount="0" falsecount="2"/>
        <line num="115" count="0" type="stmt"/>
        <line num="116" count="0" type="stmt"/>
        <line num="117" count="0" type="stmt"/>
        <line num="121" count="1" type="cond" truecount="2" falsecount="2"/>
        <line num="122" count="0" type="stmt"/>
        <line num="123" count="0" type="stmt"/>
        <line num="124" count="0" type="stmt"/>
        <line num="126" count="1" type="stmt"/>
        <line num="127" count="1" type="stmt"/>
        <line num="132" count="1" type="cond" truecount="1" falsecount="1"/>
        <line num="133" count="1" type="stmt"/>
        <line num="134" count="1" type="stmt"/>
        <line num="138" count="32" type="stmt"/>
        <line num="142" count="0" type="cond" truecount="0" falsecount="2"/>
        <line num="143" count="0" type="stmt"/>
        <line num="148" count="0" type="stmt"/>
        <line num="149" count="0" type="stmt"/>
        <line num="150" count="0" type="stmt"/>
        <line num="158" count="0" type="stmt"/>
        <line num="159" count="0" type="stmt"/>
        <line num="163" count="0" type="stmt"/>
        <line num="164" count="0" type="stmt"/>
        <line num="169" count="0" type="stmt"/>
        <line num="170" count="0" type="stmt"/>
        <line num="172" count="0" type="stmt"/>
        <line num="178" count="0" type="stmt"/>
        <line num="186" count="21" type="stmt"/>
        <line num="187" count="21" type="cond" truecount="2" falsecount="0"/>
        <line num="189" count="19" type="stmt"/>
        <line num="190" count="19" type="stmt"/>
        <line num="192" count="19" type="stmt"/>
        <line num="193" count="19" type="stmt"/>
        <line num="194" count="19" type="stmt"/>
        <line num="196" count="19" type="stmt"/>
        <line num="197" count="19" type="stmt"/>
        <line num="201" count="34" type="cond" truecount="3" falsecount="0"/>
        <line num="203" count="1" type="stmt"/>
        <line num="204" count="1" type="stmt"/>
        <line num="206" count="17" type="stmt"/>
        <line num="207" count="17" type="stmt"/>
        <line num="208" count="17" type="stmt"/>
        <line num="209" count="17" type="stmt"/>
        <line num="210" count="17" type="stmt"/>
        <line num="211" count="17" type="cond" truecount="2" falsecount="0"/>
        <line num="212" count="15" type="stmt"/>
        <line num="214" count="17" type="stmt"/>
        <line num="216" count="16" type="stmt"/>
        <line num="217" count="16" type="stmt"/>
        <line num="218" count="16" type="cond" truecount="2" falsecount="0"/>
        <line num="219" count="16" type="stmt"/>
        <line num="228" count="21" type="stmt"/>
        <line num="236" count="21" type="stmt"/>
        <line num="244" count="21" type="stmt"/>
        <line num="246" count="21" type="cond" truecount="2" falsecount="0"/>
        <line num="247" count="1" type="stmt"/>
        <line num="248" count="1" type="stmt"/>
        <line num="251" count="20" type="cond" truecount="2" falsecount="0"/>
        <line num="252" count="1" type="stmt"/>
        <line num="253" count="1" type="stmt"/>
        <line num="257" count="19" type="cond" truecount="3" falsecount="1"/>
        <line num="258" count="0" type="stmt"/>
        <line num="262" count="0" type="stmt"/>
        <line num="263" count="0" type="stmt"/>
        <line num="266" count="19" type="stmt"/>
        <line num="274" count="19" type="cond" truecount="5" falsecount="1"/>
        <line num="275" count="8" type="stmt"/>
        <line num="276" count="1" type="stmt"/>
        <line num="277" count="2" type="stmt"/>
        <line num="278" count="2" type="stmt"/>
        <line num="279" count="6" type="stmt"/>
        <line num="280" count="0" type="stmt"/>
        <line num="285" count="8" type="stmt"/>
        <line num="286" count="8" type="stmt"/>
        <line num="289" count="8" type="stmt"/>
        <line num="292" count="8" type="cond" truecount="2" falsecount="2"/>
        <line num="297" count="8" type="stmt"/>
        <line num="298" count="0" type="stmt"/>
        <line num="300" count="8" type="stmt"/>
        <line num="301" count="0" type="cond" truecount="0" falsecount="2"/>
        <line num="303" count="8" type="stmt"/>
        <line num="304" count="8" type="cond" truecount="2" falsecount="0"/>
        <line num="305" count="8" type="cond" truecount="2" falsecount="0"/>
        <line num="307" count="8" type="stmt"/>
        <line num="310" count="8" type="cond" truecount="4" falsecount="0"/>
        <line num="311" count="3" type="stmt"/>
        <line num="312" count="3" type="stmt"/>
        <line num="313" count="5" type="cond" truecount="1" falsecount="1"/>
        <line num="314" count="0" type="stmt"/>
        <line num="318" count="8" type="cond" truecount="2" falsecount="0"/>
        <line num="319" count="1" type="stmt"/>
        <line num="320" count="1" type="stmt"/>
        <line num="321" count="1" type="cond" truecount="1" falsecount="1"/>
        <line num="322" count="7" type="cond" truecount="2" falsecount="2"/>
        <line num="323" count="0" type="stmt"/>
        <line num="327" count="8" type="cond" truecount="2" falsecount="0"/>
        <line num="328" count="8" type="stmt"/>
        <line num="329" count="8" type="stmt"/>
        <line num="331" count="8" type="cond" truecount="1" falsecount="1"/>
        <line num="337" count="0" type="stmt"/>
        <line num="338" count="0" type="stmt"/>
        <line num="341" count="8" type="stmt"/>
        <line num="343" count="8" type="stmt"/>
        <line num="348" count="8" type="stmt"/>
        <line num="349" count="8" type="stmt"/>
        <line num="351" count="8" type="stmt"/>
        <line num="353" count="32" type="stmt"/>
        <line num="354" count="29" type="cond" truecount="3" falsecount="0"/>
        <line num="355" count="8" type="cond" truecount="2" falsecount="0"/>
        <line num="357" count="8" type="stmt"/>
        <line num="364" count="8" type="stmt"/>
        <line num="371" count="1" type="stmt"/>
        <line num="374" count="1" type="stmt"/>
        <line num="377" count="1" type="stmt"/>
        <line num="378" count="1" type="cond" truecount="1" falsecount="1"/>
        <line num="381" count="1" type="stmt"/>
        <line num="389" count="1" type="cond" truecount="1" falsecount="1"/>
        <line num="390" count="1" type="cond" truecount="3" falsecount="1"/>
        <line num="391" count="0" type="stmt"/>
        <line num="394" count="1" type="stmt"/>
        <line num="395" count="0" type="cond" truecount="0" falsecount="2"/>
        <line num="398" count="1" type="stmt"/>
        <line num="400" count="1" type="stmt"/>
        <line num="401" count="1" type="stmt"/>
        <line num="403" count="1" type="cond" truecount="1" falsecount="1"/>
        <line num="408" count="1" type="stmt"/>
        <line num="419" count="2" type="cond" truecount="2" falsecount="0"/>
        <line num="420" count="2" type="cond" truecount="2" falsecount="0"/>
        <line num="421" count="2" type="cond" truecount="2" falsecount="0"/>
        <line num="422" count="2" type="cond" truecount="2" falsecount="0"/>
        <line num="424" count="2" type="cond" truecount="4" falsecount="0"/>
        <line num="425" count="1" type="stmt"/>
        <line num="426" count="1" type="stmt"/>
        <line num="427" count="1" type="stmt"/>
        <line num="430" count="1" type="stmt"/>
        <line num="443" count="2" type="stmt"/>
        <line num="444" count="2" type="stmt"/>
        <line num="446" count="2" type="stmt"/>
        <line num="447" count="2" type="stmt"/>
        <line num="448" count="1" type="cond" truecount="1" falsecount="1"/>
        <line num="453" count="2" type="stmt"/>
        <line num="455" count="2" type="stmt"/>
        <line num="467" count="7" type="stmt"/>
        <line num="468" count="7" type="stmt"/>
        <line num="483" count="19" type="stmt"/>
        <line num="484" count="19" type="stmt"/>
        <line num="485" count="19" type="cond" truecount="4" falsecount="0"/>
        <line num="486" count="13" type="stmt"/>
        <line num="487" count="1" type="cond" truecount="1" falsecount="1"/>
        <line num="488" count="1" type="stmt"/>
        <line num="489" count="1" type="stmt"/>
        <line num="492" count="18" type="stmt"/>
        <line num="493" count="18" type="stmt"/>
        <line num="497" count="19" type="cond" truecount="4" falsecount="0"/>
        <line num="499" count="7" type="stmt"/>
        <line num="500" count="7" type="cond" truecount="2" falsecount="0"/>
        <line num="502" count="6" type="cond" truecount="0" falsecount="2"/>
        <line num="503" count="6" type="cond" truecount="1" falsecount="1"/>
        <line num="506" count="0" type="stmt"/>
        <line num="507" count="0" type="cond" truecount="0" falsecount="2"/>
        <line num="509" count="0" type="cond" truecount="0" falsecount="2"/>
        <line num="510" count="0" type="stmt"/>
        <line num="512" count="0" type="stmt"/>
        <line num="523" count="0" type="cond" truecount="0" falsecount="2"/>
        <line num="524" count="0" type="stmt"/>
        <line num="528" count="20" type="cond" truecount="1" falsecount="1"/>
        <line num="530" count="20" type="stmt"/>
        <line num="531" count="3" type="stmt"/>
        <line num="534" count="3" type="stmt"/>
        <line num="535" count="3" type="stmt"/>
        <line num="536" count="3" type="stmt"/>
        <line num="538" count="3" type="cond" truecount="2" falsecount="2"/>
        <line num="539" count="0" type="stmt"/>
        <line num="540" count="3" type="cond" truecount="1" falsecount="1"/>
        <line num="544" count="3" type="stmt"/>
        <line num="545" count="3" type="stmt"/>
        <line num="546" count="3" type="stmt"/>
        <line num="547" count="3" type="stmt"/>
        <line num="548" count="3" type="stmt"/>
        <line num="553" count="17" type="stmt"/>
        <line num="557" count="1" type="stmt"/>
        <line num="575" count="17" type="stmt"/>
        <line num="578" count="17" type="stmt"/>
        <line num="581" count="17" type="stmt"/>
        <line num="583" count="17" type="cond" truecount="2" falsecount="0"/>
        <line num="585" count="17" type="stmt"/>
        <line num="586" count="2" type="stmt"/>
        <line num="588" count="2" type="cond" truecount="4" falsecount="0"/>
        <line num="589" count="1" type="stmt"/>
        <line num="590" count="1" type="cond" truecount="3" falsecount="1"/>
        <line num="591" count="1" type="stmt"/>
        <line num="594" count="2" type="stmt"/>
        <line num="595" count="2" type="cond" truecount="1" falsecount="1"/>
        <line num="600" count="2" type="cond" truecount="2" falsecount="0"/>
        <line num="605" count="17" type="stmt"/>
        <line num="606" count="2" type="cond" truecount="2" falsecount="0"/>
        <line num="610" count="17" type="stmt"/>
        <line num="611" count="17" type="cond" truecount="1" falsecount="1"/>
        <line num="612" count="0" type="stmt"/>
        <line num="613" count="0" type="cond" truecount="0" falsecount="2"/>
        <line num="614" count="0" type="stmt"/>
        <line num="618" count="17" type="cond" truecount="2" falsecount="0"/>
        <line num="620" count="17" type="stmt"/>
        <line num="623" count="17" type="stmt"/>
        <line num="627" count="17" type="stmt"/>
        <line num="628" count="2" type="stmt"/>
        <line num="630" count="17" type="stmt"/>
        <line num="631" count="2" type="stmt"/>
        <line num="634" count="17" type="stmt"/>
        <line num="635" count="1" type="stmt"/>
        <line num="643" count="17" type="cond" truecount="2" falsecount="0"/>
        <line num="644" count="1" type="stmt"/>
        <line num="653" count="17" type="cond" truecount="2" falsecount="0"/>
        <line num="654" count="15" type="cond" truecount="1" falsecount="1"/>
        <line num="655" count="0" type="stmt"/>
        <line num="657" count="15" type="stmt"/>
        <line num="660" count="2" type="stmt"/>
        <line num="661" count="2" type="stmt"/>
        <line num="662" count="2" type="stmt"/>
        <line num="664" count="2" type="stmt"/>
        <line num="679" count="17" type="stmt"/>
        <line num="680" count="17" type="stmt"/>
        <line num="682" count="17" type="cond" truecount="5" falsecount="0"/>
        <line num="685" count="2" type="stmt"/>
        <line num="694" count="2" type="stmt"/>
        <line num="697" count="2" type="stmt"/>
        <line num="700" count="2" type="stmt"/>
        <line num="701" count="2" type="stmt"/>
        <line num="702" count="2" type="stmt"/>
        <line num="706" count="1" type="stmt"/>
        <line num="707" count="1" type="cond" truecount="1" falsecount="1"/>
        <line num="709" count="1" type="stmt"/>
        <line num="710" count="1" type="stmt"/>
        <line num="713" count="1" type="stmt"/>
        <line num="717" count="2" type="stmt"/>
        <line num="718" count="2" type="stmt"/>
        <line num="719" count="0" type="stmt"/>
        <line num="720" count="0" type="cond" truecount="0" falsecount="2"/>
        <line num="721" count="0" type="cond" truecount="0" falsecount="2"/>
        <line num="722" count="0" type="stmt"/>
        <line num="733" count="2" type="stmt"/>
        <line num="741" count="16" type="stmt"/>
        <line num="743" count="16" type="cond" truecount="1" falsecount="1"/>
        <line num="744" count="0" type="stmt"/>
        <line num="745" count="0" type="stmt"/>
        <line num="749" count="16" type="stmt"/>
        <line num="755" count="16" type="stmt"/>
        <line num="756" count="0" type="cond" truecount="0" falsecount="2"/>
        <line num="757" count="0" type="cond" truecount="0" falsecount="2"/>
        <line num="758" count="0" type="stmt"/>
        <line num="761" count="16" type="cond" truecount="4" falsecount="0"/>
        <line num="762" count="1" type="stmt"/>
        <line num="763" count="1" type="stmt"/>
        <line num="765" count="15" type="cond" truecount="2" falsecount="2"/>
        <line num="767" count="0" type="stmt"/>
        <line num="770" count="15" type="cond" truecount="1" falsecount="1"/>
        <line num="771" count="0" type="stmt"/>
        <line num="780" count="15" type="stmt"/>
        <line num="782" count="15" type="stmt"/>
        <line num="784" count="15" type="stmt"/>
        <line num="791" count="15" type="stmt"/>
        <line num="793" count="15" type="stmt"/>
        <line num="794" count="15" type="stmt"/>
        <line num="795" count="15" type="stmt"/>
        <line num="799" count="0" type="stmt"/>
        <line num="800" count="0" type="stmt"/>
        <line num="804" count="0" type="stmt"/>
        <line num="805" count="0" type="stmt"/>
        <line num="813" count="18" type="stmt"/>
        <line num="816" count="18" type="cond" truecount="1" falsecount="1"/>
        <line num="818" count="36" type="cond" truecount="2" falsecount="0"/>
        <line num="819" count="36" type="cond" truecount="2" falsecount="0"/>
        <line num="820" count="36" type="cond" truecount="2" falsecount="0"/>
        <line num="821" count="36" type="cond" truecount="2" falsecount="0"/>
        <line num="822" count="36" type="cond" truecount="2" falsecount="0"/>
        <line num="823" count="36" type="cond" truecount="2" falsecount="0"/>
        <line num="824" count="36" type="cond" truecount="1" falsecount="1"/>
        <line num="826" count="36" type="cond" truecount="2" falsecount="0"/>
        <line num="827" count="1" type="stmt"/>
        <line num="828" count="1" type="stmt"/>
        <line num="829" count="0" type="stmt"/>
        <line num="830" count="0" type="stmt"/>
        <line num="831" count="1" type="stmt"/>
        <line num="834" count="36" type="cond" truecount="1" falsecount="1"/>
        <line num="835" count="0" type="stmt"/>
        <line num="838" count="0" type="stmt"/>
        <line num="843" count="36" type="cond" truecount="2" falsecount="0"/>
        <line num="844" count="18" type="stmt"/>
        <line num="845" count="2" type="stmt"/>
        <line num="846" count="2" type="cond" truecount="1" falsecount="1"/>
        <line num="847" count="2" type="stmt"/>
        <line num="859" count="18" type="stmt"/>
        <line num="862" count="0" type="stmt"/>
        <line num="863" count="0" type="stmt"/>
        <line num="866" count="18" type="stmt"/>
        <line num="881" count="3" type="stmt"/>
        <line num="882" count="3" type="stmt"/>
        <line num="883" count="3" type="stmt"/>
        <line num="884" count="3" type="stmt"/>
        <line num="885" count="3" type="stmt"/>
        <line num="889" count="2" type="stmt"/>
        <line num="890" count="2" type="cond" truecount="1" falsecount="1"/>
        <line num="892" count="0" type="stmt"/>
        <line num="893" count="0" type="cond" truecount="0" falsecount="4"/>
        <line num="894" count="0" type="cond" truecount="0" falsecount="4"/>
        <line num="895" count="0" type="stmt"/>
        <line num="899" count="40" type="cond" truecount="1" falsecount="1"/>
        <line num="900" count="40" type="stmt"/>
        <line num="901" count="40" type="stmt"/>
        <line num="902" count="40" type="cond" truecount="2" falsecount="0"/>
        <line num="906" count="29" type="cond" truecount="1" falsecount="1"/>
        <line num="907" count="29" type="stmt"/>
        <line num="908" count="29" type="stmt"/>
        <line num="912" count="142" type="cond" truecount="2" falsecount="0"/>
        <line num="914" count="30" type="stmt"/>
        <line num="915" count="30" type="stmt"/>
        <line num="917" count="112" type="stmt"/>
        <line num="921" count="203" type="cond" truecount="1" falsecount="1"/>
        <line num="922" count="203" type="stmt"/>
        <line num="926" count="296" type="stmt"/>
        <line num="927" count="296" type="stmt"/>
        <line num="931" count="15" type="stmt"/>
        <line num="932" count="15" type="cond" truecount="1" falsecount="1"/>
        <line num="933" count="22" type="cond" truecount="1" falsecount="1"/>
        <line num="935" count="15" type="stmt"/>
        <line num="941" count="0" type="cond" truecount="1" falsecount="1"/>
        <line num="958" count="8" type="stmt"/>
        <line num="966" count="8" type="stmt"/>
        <line num="968" count="8" type="cond" truecount="1" falsecount="1"/>
        <line num="969" count="0" type="cond" truecount="0" falsecount="2"/>
        <line num="972" count="8" type="cond" truecount="2" falsecount="0"/>
        <line num="973" count="2" type="cond" truecount="1" falsecount="1"/>
        <line num="976" count="6" type="cond" truecount="4" falsecount="0"/>
        <line num="977" count="1" type="stmt"/>
        <line num="980" count="8" type="stmt"/>
        <line num="984" count="1" type="cond" truecount="1" falsecount="3"/>
        <line num="985" count="1" type="stmt"/>
        <line num="986" count="0" type="stmt"/>
        <line num="987" count="0" type="stmt"/>
        <line num="988" count="0" type="stmt"/>
      </file>
      <file name="index.ts" path="D:\source\repos\hundred-days\src\engine\index.ts">
        <metrics statements="0" coveredstatements="0" conditionals="0" coveredconditionals="0" methods="0" coveredmethods="0"/>
      </file>
    </package>
    <package name="screens">
      <metrics statements="601" coveredstatements="0" conditionals="690" coveredconditionals="0" methods="196" coveredmethods="0"/>
      <file name="CombatScreen.tsx" path="D:\source\repos\hundred-days\src\screens\CombatScreen.tsx">
        <metrics statements="96" coveredstatements="0" conditionals="131" coveredconditionals="0" methods="44" coveredmethods="0"/>
        <line num="62" count="0" type="stmt"/>
        <line num="63" count="0" type="stmt"/>
        <line num="65" count="0" type="stmt"/>
        <line num="66" count="0" type="stmt"/>
        <line num="67" count="0" type="stmt"/>
        <line num="68" count="0" type="stmt"/>
        <line num="69" count="0" type="stmt"/>
        <line num="73" count="0" type="stmt"/>
        <line num="77" count="0" type="stmt"/>
        <line num="78" count="0" type="cond" truecount="0" falsecount="2"/>
        <line num="80" count="0" type="stmt"/>
        <line num="85" count="0" type="cond" truecount="0" falsecount="2"/>
        <line num="86" count="0" type="stmt"/>
        <line num="87" count="0" type="stmt"/>
        <line num="89" count="0" type="stmt"/>
        <line num="91" count="0" type="stmt"/>
        <line num="93" count="0" type="cond" truecount="0" falsecount="4"/>
        <line num="94" count="0" type="cond" truecount="0" falsecount="2"/>
        <line num="95" count="0" type="stmt"/>
        <line num="97" count="0" type="stmt"/>
        <line num="102" count="0" type="stmt"/>
        <line num="103" count="0" type="stmt"/>
        <line num="104" count="0" type="stmt"/>
        <line num="105" count="0" type="stmt"/>
        <line num="111" count="0" type="stmt"/>
        <line num="112" count="0" type="stmt"/>
        <line num="117" count="0" type="cond" truecount="0" falsecount="1"/>
        <line num="118" count="0" type="cond" truecount="0" falsecount="2"/>
        <line num="119" count="0" type="cond" truecount="0" falsecount="2"/>
        <line num="120" count="0" type="cond" truecount="0" falsecount="2"/>
        <line num="121" count="0" type="stmt"/>
        <line num="122" count="0" type="stmt"/>
        <line num="124" count="0" type="stmt"/>
        <line num="127" count="0" type="stmt"/>
        <line num="128" count="0" type="cond" truecount="0" falsecount="2"/>
        <line num="129" count="0" type="stmt"/>
        <line num="130" count="0" type="stmt"/>
        <line num="137" count="0" type="cond" truecount="0" falsecount="2"/>
        <line num="138" count="0" type="stmt"/>
        <line num="145" count="0" type="cond" truecount="0" falsecount="2"/>
        <line num="146" count="0" type="stmt"/>
        <line num="147" count="0" type="stmt"/>
        <line num="149" count="0" type="stmt"/>
        <line num="164" count="0" type="stmt"/>
        <line num="171" count="0" type="cond" truecount="0" falsecount="2"/>
        <line num="205" count="0" type="stmt"/>
        <line num="216" count="0" type="stmt"/>
        <line num="234" count="0" type="stmt"/>
        <line num="243" count="0" type="stmt"/>
        <line num="252" count="0" type="stmt"/>
        <line num="261" count="0" type="stmt"/>
        <line num="271" count="0" type="stmt"/>
        <line num="296" count="0" type="cond" truecount="0" falsecount="2"/>
        <line num="297" count="0" type="stmt"/>
        <line num="326" count="0" type="stmt"/>
        <line num="327" count="0" type="stmt"/>
        <line num="340" count="0" type="stmt"/>
        <line num="341" count="0" type="stmt"/>
        <line num="349" count="0" type="stmt"/>
        <line num="352" count="0" type="stmt"/>
        <line num="361" count="0" type="stmt"/>
        <line num="369" count="0" type="cond" truecount="0" falsecount="2"/>
        <line num="370" count="0" type="stmt"/>
        <line num="378" count="0" type="cond" truecount="0" falsecount="2"/>
        <line num="383" count="0" type="stmt"/>
        <line num="402" count="0" type="stmt"/>
        <line num="424" count="0" type="cond" truecount="0" falsecount="2"/>
        <line num="425" count="0" type="stmt"/>
        <line num="426" count="0" type="stmt"/>
        <line num="430" count="0" type="stmt"/>
        <line num="437" count="0" type="stmt"/>
        <line num="443" count="0" type="stmt"/>
        <line num="455" count="0" type="stmt"/>
        <line num="462" count="0" type="stmt"/>
        <line num="489" count="0" type="stmt"/>
        <line num="491" count="0" type="cond" truecount="0" falsecount="2"/>
        <line num="492" count="0" type="cond" truecount="0" falsecount="2"/>
        <line num="493" count="0" type="cond" truecount="0" falsecount="2"/>
        <line num="495" count="0" type="cond" truecount="0" falsecount="2"/>
        <line num="497" count="0" type="cond" truecount="0" falsecount="2"/>
        <line num="500" count="0" type="stmt"/>
        <line num="501" count="0" type="stmt"/>
        <line num="503" count="0" type="stmt"/>
        <line num="504" count="0" type="stmt"/>
        <line num="510" count="0" type="stmt"/>
        <line num="511" count="0" type="cond" truecount="0" falsecount="2"/>
        <line num="512" count="0" type="stmt"/>
        <line num="513" count="0" type="stmt"/>
        <line num="517" count="0" type="stmt"/>
        <line num="518" count="0" type="stmt"/>
        <line num="519" count="0" type="cond" truecount="0" falsecount="3"/>
        <line num="524" count="0" type="stmt"/>
        <line num="525" count="0" type="stmt"/>
        <line num="526" count="0" type="stmt"/>
        <line num="530" count="0" type="stmt"/>
        <line num="540" count="0" type="stmt"/>
      </file>
      <file name="DialogueScreen.tsx" path="D:\source\repos\hundred-days\src\screens\DialogueScreen.tsx">
        <metrics statements="74" coveredstatements="0" conditionals="70" coveredconditionals="0" methods="24" coveredmethods="0"/>
        <line num="48" count="0" type="stmt"/>
        <line num="64" count="0" type="stmt"/>
        <line num="79" count="0" type="stmt"/>
        <line num="80" count="0" type="stmt"/>
        <line num="81" count="0" type="stmt"/>
        <line num="82" count="0" type="stmt"/>
        <line num="83" count="0" type="stmt"/>
        <line num="85" count="0" type="stmt"/>
        <line num="86" count="0" type="stmt"/>
        <line num="87" count="0" type="stmt"/>
        <line num="91" count="0" type="stmt"/>
        <line num="93" count="0" type="stmt"/>
        <line num="96" count="0" type="cond" truecount="0" falsecount="4"/>
        <line num="97" count="0" type="cond" truecount="0" falsecount="2"/>
        <line num="101" count="0" type="cond" truecount="0" falsecount="2"/>
        <line num="102" count="0" type="stmt"/>
        <line num="105" count="0" type="cond" truecount="0" falsecount="2"/>
        <line num="106" count="0" type="stmt"/>
        <line num="107" count="0" type="stmt"/>
        <line num="110" count="0" type="stmt"/>
        <line num="114" count="0" type="stmt"/>
        <line num="115" count="0" type="stmt"/>
        <line num="116" count="0" type="stmt"/>
        <line num="117" count="0" type="stmt"/>
        <line num="120" count="0" type="stmt"/>
        <line num="124" count="0" type="stmt"/>
        <line num="125" count="0" type="stmt"/>
        <line num="127" count="0" type="stmt"/>
        <line num="133" count="0" type="stmt"/>
        <line num="134" count="0" type="stmt"/>
        <line num="135" count="0" type="stmt"/>
        <line num="136" count="0" type="stmt"/>
        <line num="144" count="0" type="stmt"/>
        <line num="145" count="0" type="cond" truecount="0" falsecount="2"/>
        <line num="148" count="0" type="cond" truecount="0" falsecount="2"/>
        <line num="149" count="0" type="stmt"/>
        <line num="152" count="0" type="stmt"/>
        <line num="157" count="0" type="stmt"/>
        <line num="158" count="0" type="cond" truecount="0" falsecount="2"/>
        <line num="159" count="0" type="stmt"/>
        <line num="166" count="0" type="cond" truecount="0" falsecount="2"/>
        <line num="167" count="0" type="stmt"/>
        <line num="175" count="0" type="stmt"/>
        <line num="190" count="0" type="cond" truecount="0" falsecount="2"/>
        <line num="191" count="0" type="stmt"/>
        <line num="202" count="0" type="cond" truecount="0" falsecount="2"/>
        <line num="203" count="0" type="stmt"/>
        <line num="214" count="0" type="cond" truecount="0" falsecount="2"/>
        <line num="215" count="0" type="stmt"/>
        <line num="217" count="0" type="stmt"/>
        <line num="276" count="0" type="stmt"/>
        <line num="279" count="0" type="stmt"/>
        <line num="289" count="0" type="stmt"/>
        <line num="311" count="0" type="stmt"/>
        <line num="312" count="0" type="stmt"/>
        <line num="315" count="0" type="stmt"/>
        <line num="318" count="0" type="stmt"/>
        <line num="321" count="0" type="stmt"/>
        <line num="354" count="0" type="cond" truecount="0" falsecount="5"/>
        <line num="357" count="0" type="cond" truecount="0" falsecount="4"/>
        <line num="360" count="0" type="stmt"/>
        <line num="361" count="0" type="cond" truecount="0" falsecount="2"/>
        <line num="364" count="0" type="stmt"/>
        <line num="371" count="0" type="stmt"/>
        <line num="399" count="0" type="cond" truecount="0" falsecount="2"/>
        <line num="400" count="0" type="stmt"/>
        <line num="401" count="0" type="stmt"/>
        <line num="416" count="0" type="stmt"/>
        <line num="420" count="0" type="cond" truecount="0" falsecount="2"/>
        <line num="421" count="0" type="cond" truecount="0" falsecount="2"/>
        <line num="422" count="0" type="cond" truecount="0" falsecount="2"/>
        <line num="423" count="0" type="stmt"/>
        <line num="427" count="0" type="stmt"/>
        <line num="434" count="0" type="stmt"/>
      </file>
      <file name="InventoryScreen.tsx" path="D:\source\repos\hundred-days\src\screens\InventoryScreen.tsx">
        <metrics statements="188" coveredstatements="0" conditionals="206" coveredconditionals="0" methods="46" coveredmethods="0"/>
        <line num="62" count="0" type="stmt"/>
        <line num="83" count="0" type="stmt"/>
        <line num="84" count="0" type="stmt"/>
        <line num="87" count="0" type="stmt"/>
        <line num="88" count="0" type="stmt"/>
        <line num="89" count="0" type="stmt"/>
        <line num="90" count="0" type="stmt"/>
        <line num="93" count="0" type="stmt"/>
        <line num="94" count="0" type="stmt"/>
        <line num="96" count="0" type="stmt"/>
        <line num="100" count="0" type="stmt"/>
        <line num="101" count="0" type="stmt"/>
        <line num="102" count="0" type="cond" truecount="0" falsecount="2"/>
        <line num="103" count="0" type="stmt"/>
        <line num="107" count="0" type="stmt"/>
        <line num="113" count="0" type="stmt"/>
        <line num="114" count="0" type="stmt"/>
        <line num="115" count="0" type="cond" truecount="0" falsecount="2"/>
        <line num="116" count="0" type="stmt"/>
        <line num="117" count="0" type="stmt"/>
        <line num="118" count="0" type="stmt"/>
        <line num="119" count="0" type="cond" truecount="0" falsecount="2"/>
        <line num="124" count="0" type="stmt"/>
        <line num="125" count="0" type="stmt"/>
        <line num="126" count="0" type="cond" truecount="0" falsecount="2"/>
        <line num="127" count="0" type="stmt"/>
        <line num="128" count="0" type="stmt"/>
        <line num="129" count="0" type="stmt"/>
        <line num="134" count="0" type="stmt"/>
        <line num="135" count="0" type="stmt"/>
        <line num="136" count="0" type="cond" truecount="0" falsecount="2"/>
        <line num="140" count="0" type="stmt"/>
        <line num="141" count="0" type="cond" truecount="0" falsecount="8"/>
        <line num="148" count="0" type="stmt"/>
        <line num="149" count="0" type="stmt"/>
        <line num="152" count="0" type="stmt"/>
        <line num="156" count="0" type="stmt"/>
        <line num="157" count="0" type="cond" truecount="0" falsecount="2"/>
        <line num="158" count="0" type="stmt"/>
        <line num="160" count="0" type="stmt"/>
        <line num="163" count="0" type="stmt"/>
        <line num="164" count="0" type="stmt"/>
        <line num="165" count="0" type="stmt"/>
        <line num="167" count="0" type="cond" truecount="0" falsecount="2"/>
        <line num="169" count="0" type="cond" truecount="0" falsecount="2"/>
        <line num="170" count="0" type="stmt"/>
        <line num="173" count="0" type="cond" truecount="0" falsecount="2"/>
        <line num="174" count="0" type="stmt"/>
        <line num="180" count="0" type="cond" truecount="0" falsecount="2"/>
        <line num="181" count="0" type="stmt"/>
        <line num="184" count="0" type="cond" truecount="0" falsecount="2"/>
        <line num="185" count="0" type="stmt"/>
        <line num="188" count="0" type="stmt"/>
        <line num="193" count="0" type="cond" truecount="0" falsecount="2"/>
        <line num="194" count="0" type="stmt"/>
        <line num="195" count="0" type="cond" truecount="0" falsecount="2"/>
        <line num="196" count="0" type="stmt"/>
        <line num="207" count="0" type="stmt"/>
        <line num="208" count="0" type="stmt"/>
        <line num="209" count="0" type="stmt"/>
        <line num="210" count="0" type="stmt"/>
        <line num="212" count="0" type="stmt"/>
        <line num="217" count="0" type="cond" truecount="0" falsecount="2"/>
        <line num="225" count="0" type="stmt"/>
        <line num="226" count="0" type="stmt"/>
        <line num="227" count="0" type="cond" truecount="0" falsecount="2"/>
        <line num="229" count="0" type="cond" truecount="0" falsecount="2"/>
        <line num="230" count="0" type="cond" truecount="0" falsecount="2"/>
        <line num="232" count="0" type="stmt"/>
        <line num="236" count="0" type="stmt"/>
[...]
        <line num="280" count="0" type="stmt"/>
        <line num="281" count="0" type="stmt"/>
        <line num="287" count="0" type="stmt"/>
        <line num="301" count="0" type="stmt"/>
        <line num="303" count="0" type="stmt"/>
        <line num="393" count="0" type="stmt"/>
        <line num="394" count="0" type="stmt"/>
        <line num="396" count="0" type="stmt"/>
        <line num="399" count="0" type="stmt"/>
        <line num="400" count="0" type="cond" truecount="0" falsecount="2"/>
        <line num="401" count="0" type="stmt"/>
        <line num="402" count="0" type="stmt"/>
        <line num="403" count="0" type="stmt"/>
        <line num="405" count="0" type="stmt"/>
        <line num="408" count="0" type="stmt"/>
        <line num="443" count="0" type="stmt"/>
        <line num="444" count="0" type="stmt"/>
        <line num="445" count="0" type="cond" truecount="0" falsecount="2"/>
        <line num="446" count="0" type="stmt"/>
        <line num="448" count="0" type="stmt"/>
        <line num="451" count="0" type="stmt"/>
        <line num="463" count="0" type="stmt"/>
        <line num="475" count="0" type="stmt"/>
        <line num="478" count="0" type="stmt"/>
        <line num="479" count="0" type="cond" truecount="0" falsecount="2"/>
        <line num="480" count="0" type="stmt"/>
        <line num="482" count="0" type="stmt"/>
        <line num="485" count="0" type="cond" truecount="0" falsecount="2"/>
        <line num="521" count="0" type="stmt"/>
        <line num="523" count="0" type="stmt"/>
        <line num="524" count="0" type="cond" truecount="0" falsecount="1"/>
        <line num="525" count="0" type="cond" truecount="0" falsecount="2"/>
        <line num="526" count="0" type="cond" truecount="0" falsecount="2"/>
        <line num="528" count="0" type="stmt"/>
        <line num="529" count="0" type="cond" truecount="0" falsecount="2"/>
        <line num="530" count="0" type="stmt"/>
        <line num="533" count="0" type="stmt"/>
        <line num="534" count="0" type="stmt"/>
        <line num="535" count="0" type="stmt"/>
        <line num="536" count="0" type="cond" truecount="0" falsecount="2"/>
        <line num="537" count="0" type="cond" truecount="0" falsecount="2"/>
        <line num="538" count="0" type="stmt"/>
        <line num="539" count="0" type="stmt"/>
        <line num="540" count="0" type="stmt"/>
        <line num="541" count="0" type="cond" truecount="0" falsecount="2"/>
        <line num="543" count="0" type="cond" truecount="0" falsecount="2"/>
        <line num="545" count="0" type="cond" truecount="0" falsecount="2"/>
        <line num="547" count="0" type="stmt"/>
        <line num="548" count="0" type="stmt"/>
        <line num="549" count="0" type="stmt"/>
        <line num="551" count="0" type="cond" truecount="0" falsecount="2"/>
        <line num="552" count="0" type="stmt"/>
        <line num="559" count="0" type="stmt"/>
        <line num="564" count="0" type="stmt"/>
        <line num="582" count="0" type="stmt"/>
        <line num="607" count="0" type="stmt"/>
        <line num="608" count="0" type="cond" truecount="0" falsecount="2"/>
        <line num="609" count="0" type="stmt"/>
        <line num="610" count="0" type="cond" truecount="0" falsecount="2"/>
        <line num="611" count="0" type="stmt"/>
        <line num="612" count="0" type="stmt"/>
        <line num="614" count="0" type="stmt"/>
        <line num="663" count="0" type="stmt"/>
        <line num="667" count="0" type="stmt"/>
        <line num="671" count="0" type="stmt"/>
        <line num="675" count="0" type="stmt"/>
        <line num="679" count="0" type="stmt"/>
        <line num="694" count="0" type="stmt"/>
        <line num="706" count="0" type="stmt"/>
        <line num="707" count="0" type="cond" truecount="0" falsecount="2"/>
        <line num="708" count="0" type="cond" truecount="0" falsecount="2"/>
        <line num="709" count="0" type="cond" truecount="0" falsecount="2"/>
        <line num="710" count="0" type="cond" truecount="0" falsecount="2"/>
        <line num="711" count="0" type="cond" truecount="0" falsecount="2"/>
        <line num="712" count="0" type="cond" truecount="0" falsecount="2"/>
        <line num="713" count="0" type="cond" truecount="0" falsecount="2"/>
        <line num="714" count="0" type="cond" truecount="0" falsecount="2"/>
        <line num="715" count="0" type="cond" truecount="0" falsecount="2"/>
        <line num="716" count="0" type="cond" truecount="0" falsecount="2"/>
        <line num="717" count="0" type="cond" truecount="0" falsecount="2"/>
        <line num="718" count="0" type="cond" truecount="0" falsecount="2"/>
        <line num="719" count="0" type="cond" truecount="0" falsecount="2"/>
        <line num="720" count="0" type="cond" truecount="0" falsecount="2"/>
        <line num="722" count="0" type="stmt"/>
        <line num="725" count="0" type="stmt"/>
        <line num="732" count="0" type="stmt"/>
        <line num="733" count="0" type="stmt"/>
        <line num="734" count="0" type="cond" truecount="0" falsecount="2"/>
        <line num="735" count="0" type="cond" truecount="0" falsecount="2"/>
        <line num="736" count="0" type="cond" truecount="0" falsecount="2"/>
        <line num="737" count="0" type="cond" truecount="0" falsecount="2"/>
        <line num="738" count="0" type="cond" truecount="0" falsecount="2"/>
        <line num="739" count="0" type="cond" truecount="0" falsecount="2"/>
        <line num="740" count="0" type="cond" truecount="0" falsecount="2"/>
        <line num="742" count="0" type="cond" truecount="0" falsecount="2"/>
        <line num="743" count="0" type="cond" truecount="0" falsecount="2"/>
        <line num="745" count="0" type="stmt"/>
        <line num="748" count="0" type="stmt"/>
        <line num="758" count="0" type="stmt"/>
      </file>
      <file name="MapScreen.tsx" path="D:\source\repos\hundred-days\src\screens\MapScreen.tsx">
        <metrics statements="76" coveredstatements="0" conditionals="104" coveredconditionals="0" methods="30" coveredmethods="0"/>
        <line num="42" count="0" type="stmt"/>
        <line num="65" count="0" type="stmt"/>
        <line num="66" count="0" type="stmt"/>
        <line num="77" count="0" type="stmt"/>
        <line num="78" count="0" type="stmt"/>
        <line num="79" count="0" type="stmt"/>
        <line num="80" count="0" type="stmt"/>
        <line num="81" count="0" type="stmt"/>
        <line num="82" count="0" type="cond" truecount="0" falsecount="2"/>
        <line num="84" count="0" type="stmt"/>
        <line num="85" count="0" type="cond" truecount="0" falsecount="2"/>
        <line num="86" count="0" type="stmt"/>
        <line num="89" count="0" type="stmt"/>
        <line num="92" count="0" type="stmt"/>
        <line num="99" count="0" type="stmt"/>
        <line num="100" count="0" type="stmt"/>
        <line num="101" count="0" type="stmt"/>
        <line num="102" count="0" type="stmt"/>
        <line num="103" count="0" type="stmt"/>
        <line num="105" count="0" type="stmt"/>
        <line num="106" count="0" type="stmt"/>
        <line num="109" count="0" type="cond" truecount="0" falsecount="2"/>
        <line num="110" count="0" type="cond" truecount="0" falsecount="2"/>
        <line num="111" count="0" type="cond" truecount="0" falsecount="2"/>
        <line num="113" count="0" type="stmt"/>
        <line num="114" count="0" type="cond" truecount="0" falsecount="2"/>
        <line num="118" count="0" type="stmt"/>
        <line num="119" count="0" type="cond" truecount="0" falsecount="2"/>
        <line num="120" count="0" type="stmt"/>
        <line num="122" count="0" type="stmt"/>
        <line num="123" count="0" type="stmt"/>
        <line num="124" count="0" type="stmt"/>
        <line num="129" count="0" type="stmt"/>
        <line num="130" count="0" type="stmt"/>
        <line num="131" count="0" type="stmt"/>
        <line num="132" count="0" type="stmt"/>
        <line num="133" count="0" type="stmt"/>
        <line num="140" count="0" type="stmt"/>
        <line num="141" count="0" type="stmt"/>
        <line num="145" count="0" type="stmt"/>
        <line num="148" count="0" type="stmt"/>
        <line num="156" count="0" type="stmt"/>
        <line num="173" count="0" type="cond" truecount="0" falsecount="2"/>
        <line num="174" count="0" type="stmt"/>
        <line num="181" count="0" type="stmt"/>
        <line num="182" count="0" type="stmt"/>
        <line num="222" count="0" type="stmt"/>
        <line num="223" count="0" type="stmt"/>
        <line num="224" count="0" type="stmt"/>
        <line num="226" count="0" type="stmt"/>
        <line num="252" count="0" type="stmt"/>
        <line num="275" count="0" type="stmt"/>
        <line num="276" count="0" type="stmt"/>
        <line num="277" count="0" type="cond" truecount="0" falsecount="2"/>
        <line num="280" count="0" type="stmt"/>
        <line num="281" count="0" type="stmt"/>
        <line num="307" count="0" type="cond" truecount="0" falsecount="2"/>
        <line num="310" count="0" type="stmt"/>
        <line num="311" count="0" type="stmt"/>
        <line num="313" count="0" type="stmt"/>
        <line num="320" count="0" type="stmt"/>
        <line num="322" count="0" type="stmt"/>
        <line num="350" count="0" type="stmt"/>
        <line num="362" count="0" type="stmt"/>
        <line num="384" count="0" type="stmt"/>
        <line num="385" count="0" type="stmt"/>
        <line num="386" count="0" type="stmt"/>
        <line num="387" count="0" type="stmt"/>
        <line num="388" count="0" type="cond" truecount="0" falsecount="2"/>
        <line num="390" count="0" type="stmt"/>
        <line num="442" count="0" type="cond" truecount="0" falsecount="2"/>
        <line num="444" count="0" type="stmt"/>
        <line num="445" count="0" type="stmt"/>
        <line num="448" count="0" type="stmt"/>
        <line num="491" count="0" type="stmt"/>
        <line num="504" count="0" type="stmt"/>
      </file>
      <file name="RoadScreen.tsx" path="D:\source\repos\hundred-days\src\screens\RoadScreen.tsx">
        <metrics statements="109" coveredstatements="0" conditionals="125" coveredconditionals="0" methods="37" coveredmethods="0"/>
        <line num="21" count="0" type="cond" truecount="0" falsecount="2"/>
        <line num="22" count="0" type="cond" truecount="0" falsecount="2"/>
        <line num="23" count="0" type="cond" truecount="0" falsecount="2"/>
        <line num="24" count="0" type="cond" truecount="0" falsecount="2"/>
        <line num="25" count="0" type="cond" truecount="0" falsecount="2"/>
        <line num="26" count="0" type="cond" truecount="0" falsecount="2"/>
        <line num="27" count="0" type="stmt"/>
        <line num="30" count="0" type="stmt"/>
        <line num="39" count="0" type="stmt"/>
        <line num="40" count="0" type="cond" truecount="0" falsecount="2"/>
        <line num="41" count="0" type="stmt"/>
        <line num="43" count="0" type="cond" truecount="0" falsecount="2"/>
        <line num="44" count="0" type="stmt"/>
        <line num="46" count="0" type="cond" truecount="0" falsecount="2"/>
        <line num="47" count="0" type="stmt"/>
        <line num="49" count="0" type="cond" truecount="0" falsecount="2"/>
        <line num="50" count="0" type="stmt"/>
        <line num="52" count="0" type="cond" truecount="0" falsecount="2"/>
        <line num="53" count="0" type="stmt"/>
        <line num="55" count="0" type="cond" truecount="0" falsecount="2"/>
        <line num="56" count="0" type="stmt"/>
        <line num="58" count="0" type="cond" truecount="0" falsecount="2"/>
        <line num="59" count="0" type="stmt"/>
        <line num="61" count="0" type="cond" truecount="0" falsecount="4"/>
        <line num="62" count="0" type="stmt"/>
        <line num="64" count="0" type="cond" truecount="0" falsecount="2"/>
        <line num="65" count="0" type="stmt"/>
        <line num="67" count="0" type="cond" truecount="0" falsecount="2"/>
        <line num="71" count="0" type="stmt"/>
        <line num="72" count="0" type="cond" truecount="0" falsecount="4"/>
        <line num="73" count="0" type="cond" truecount="0" falsecount="4"/>
        <line num="74" count="0" type="stmt"/>
        <line num="76" count="0" type="stmt"/>
        <line num="165" count="0" type="stmt"/>
        <line num="166" count="0" type="stmt"/>
        <line num="167" count="0" type="stmt"/>
        <line num="168" count="0" type="cond" truecount="0" falsecount="4"/>
        <line num="171" count="0" type="stmt"/>
        <line num="174" count="0" type="cond" truecount="0" falsecount="2"/>
        <line num="175" count="0" type="stmt"/>
        <line num="179" count="0" type="cond" truecount="0" falsecount="2"/>
        <line num="180" count="0" type="stmt"/>
        <line num="181" count="0" type="stmt"/>
        <line num="184" count="0" type="stmt"/>
        <line num="187" count="0" type="stmt"/>
        <line num="188" count="0" type="cond" truecount="0" falsecount="2"/>
        <line num="189" count="0" type="stmt"/>
        <line num="191" count="0" type="stmt"/>
        <line num="195" count="0" type="stmt"/>
        <line num="281" count="0" type="stmt"/>
        <line num="293" count="0" type="stmt"/>
        <line num="294" count="0" type="cond" truecount="0" falsecount="2"/>
        <line num="295" count="0" type="stmt"/>
        <line num="313" count="0" type="stmt"/>
        <line num="314" count="0" type="stmt"/>
        <line num="315" count="0" type="cond" truecount="0" falsecount="2"/>
        <line num="316" count="0" type="cond" truecount="0" falsecount="2"/>
        <line num="317" count="0" type="stmt"/>
        <line num="318" count="0" type="stmt"/>
        <line num="319" count="0" type="stmt"/>
        <line num="331" count="0" type="cond" truecount="0" falsecount="2"/>
        <line num="332" count="0" type="cond" truecount="0" falsecount="2"/>
        <line num="333" count="0" type="cond" truecount="0" falsecount="2"/>
        <line num="334" count="0" type="stmt"/>
        <line num="337" count="0" type="stmt"/>
        <line num="363" count="0" type="stmt"/>
        <line num="364" count="0" type="stmt"/>
        <line num="366" count="0" type="stmt"/>
        <line num="368" count="0" type="stmt"/>
        <line num="397" count="0" type="stmt"/>
        <line num="398" count="0" type="stmt"/>
        <line num="400" count="0" type="stmt"/>
        <line num="416" count="0" type="cond" truecount="0" falsecount="2"/>
        <line num="417" count="0" type="stmt"/>
        <line num="428" count="0" type="stmt"/>
        <line num="448" count="0" type="stmt"/>
        <line num="449" count="0" type="stmt"/>
        <line num="450" count="0" type="stmt"/>
        <line num="452" count="0" type="stmt"/>
        <line num="455" count="0" type="stmt"/>
        <line num="456" count="0" type="stmt"/>
        <line num="465" count="0" type="cond" truecount="0" falsecount="2"/>
        <line num="468" count="0" type="cond" truecount="0" falsecount="2"/>
        <line num="471" count="0" type="cond" truecount="0" falsecount="2"/>
        <line num="473" count="0" type="stmt"/>
        <line num="476" count="0" type="stmt"/>
        <line num="477" count="0" type="stmt"/>
        <line num="507" count="0" type="stmt"/>
        <line num="508" count="0" type="stmt"/>
        <line num="510" count="0" type="stmt"/>
        <line num="511" count="0" type="cond" truecount="0" falsecount="2"/>
        <line num="512" count="0" type="stmt"/>
        <line num="513" count="0" type="stmt"/>
        <line num="516" count="0" type="cond" truecount="0" falsecount="2"/>
        <line num="517" count="0" type="stmt"/>
        <line num="518" count="0" type="stmt"/>
        <line num="521" count="0" type="stmt"/>
        <line num="522" count="0" type="stmt"/>
        <line num="523" count="0" type="stmt"/>
        <line num="524" count="0" type="stmt"/>
        <line num="525" count="0" type="stmt"/>
        <line num="526" count="0" type="cond" truecount="0" falsecount="2"/>
        <line num="527" count="0" type="stmt"/>
        <line num="528" count="0" type="stmt"/>
        <line num="531" count="0" type="stmt"/>
        <line num="532" count="0" type="cond" truecount="0" falsecount="2"/>
        <line num="536" count="0" type="stmt"/>
        <line num="540" count="0" type="cond" truecount="0" falsecount="2"/>
        <line num="541" count="0" type="stmt"/>
      </file>
      <file name="ShopScreen.tsx" path="D:\source\repos\hundred-days\src\screens\ShopScreen.tsx">
        <metrics statements="58" coveredstatements="0" conditionals="54" coveredconditionals="0" methods="15" coveredmethods="0"/>
        <line num="35" count="0" type="stmt"/>
        <line num="64" count="0" type="stmt"/>
        <line num="65" count="0" type="stmt"/>
        <line num="67" count="0" type="stmt"/>
        <line num="68" count="0" type="stmt"/>
        <line num="69" count="0" type="stmt"/>
        <line num="70" count="0" type="stmt"/>
        <line num="73" count="0" type="stmt"/>
        <line num="74" count="0" type="stmt"/>
        <line num="75" count="0" type="cond" truecount="0" falsecount="2"/>
        <line num="78" count="0" type="stmt"/>
        <line num="81" count="0" type="cond" truecount="0" falsecount="2"/>
        <line num="82" count="0" type="stmt"/>
        <line num="83" count="0" type="stmt"/>
        <line num="84" count="0" type="stmt"/>
        <line num="85" count="0" type="cond" truecount="0" falsecount="2"/>
        <line num="86" count="0" type="cond" truecount="0" falsecount="2"/>
        <line num="87" count="0" type="stmt"/>
        <line num="92" count="0" type="stmt"/>
        <line num="93" count="0" type="stmt"/>
        <line num="94" count="0" type="stmt"/>
        <line num="95" count="0" type="stmt"/>
        <line num="96" count="0" type="stmt"/>
        <line num="99" count="0" type="stmt"/>
        <line num="100" count="0" type="stmt"/>
        <line num="101" count="0" type="cond" truecount="0" falsecount="4"/>
        <line num="102" count="0" type="cond" truecount="0" falsecount="2"/>
        <line num="103" count="0" type="stmt"/>
        <line num="105" count="0" type="stmt"/>
        <line num="109" count="0" type="stmt"/>
        <line num="110" count="0" type="stmt"/>
        <line num="111" count="0" type="stmt"/>
        <line num="112" count="0" type="cond" truecount="0" falsecount="2"/>
        <line num="116" count="0" type="stmt"/>
        <line num="117" count="0" type="stmt"/>
        <line num="118" count="0" type="cond" truecount="0" falsecount="4"/>
        <line num="119" count="0" type="cond" truecount="0" falsecount="2"/>
        <line num="120" count="0" type="stmt"/>
        <line num="122" count="0" type="stmt"/>
        <line num="126" count="0" type="stmt"/>
        <line num="127" count="0" type="stmt"/>
        <line num="128" count="0" type="stmt"/>
        <line num="129" count="0" type="stmt"/>
        <line num="130" count="0" type="cond" truecount="0" falsecount="2"/>
        <line num="133" count="0" type="stmt"/>
        <line num="172" count="0" type="stmt"/>
        <line num="174" count="0" type="stmt"/>
        <line num="195" count="0" type="stmt"/>
        <line num="198" count="0" type="stmt"/>
        <line num="205" count="0" type="cond" truecount="0" falsecount="4"/>
        <line num="212" count="0" type="stmt"/>
        <line num="227" count="0" type="stmt"/>
        <line num="228" count="0" type="stmt"/>
        <line num="229" count="0" type="stmt"/>
        <line num="231" count="0" type="stmt"/>
        <line num="275" count="0" type="stmt"/>
        <line num="277" count="0" type="stmt"/>
        <line num="310" count="0" type="stmt"/>
      </file>
    </package>
  </project>
</coverage>
