{"D:\\source\\repos\\hundred-days\\src\\components\\DreadBanner.tsx": {"path":"D:\\source\\repos\\hundred-days\\src\\components\\DreadBanner.tsx","statementMap":{"0":{"start":{"line":5,"column":2},"end":{"line":5,"column":27}},"1":{"start":{"line":5,"column":15},"end":{"line":5,"column":27}},"2":{"start":{"line":6,"column":2},"end":{"line":18,"column":4}}},"fnMap":{"0":{"name":"DreadBanner","decl":{"start":{"line":4,"column":16},"end":{"line":4,"column":27}},"loc":{"start":{"line":4,"column":61},"end":{"line":19,"column":1}},"line":4}},"branchMap":{"0":{"loc":{"start":{"line":5,"column":2},"end":{"line":5,"column":27}},"type":"if","locations":[{"start":{"line":5,"column":2},"end":{"line":5,"column":27}},{"start":{},"end":{}}],"line":5}},"s":{"0":3,"1":1,"2":2},"f":{"0":3},"b":{"0":[1,2]},"_coverageSchema":"1a1c01bbd47fc00a2c39e90264f33305004495a9","hash":"0f545ce2fc6743c77242e396be7aa6d182cbc959"}
,"D:\\source\\repos\\hundred-days\\src\\components\\JournalModal.tsx": {"path":"D:\\source\\repos\\hundred-days\\src\\components\\JournalModal.tsx","statementMap":{"0":{"start":{"line":12,"column":19},"end":{"line":12,"column":41}},"1":{"start":{"line":14,"column":2},"end":{"line":58,"column":4}},"2":{"start":{"line":52,"column":14},"end":{"line":52,"column":79}},"3":{"start":{"line":62,"column":16},"end":{"line":62,"column":17}},"4":{"start":{"line":62,"column":29},"end":{"line":62,"column":30}},"5":{"start":{"line":62,"column":44},"end":{"line":62,"column":45}},"6":{"start":{"line":62,"column":59},"end":{"line":62,"column":60}},"7":{"start":{"line":63,"column":2},"end":{"line":68,"column":3}},"8":{"start":{"line":64,"column":4},"end":{"line":64,"column":31}},"9":{"start":{"line":65,"column":4},"end":{"line":65,"column":31}},"10":{"start":{"line":66,"column":4},"end":{"line":66,"column":31}},"11":{"start":{"line":67,"column":4},"end":{"line":67,"column":31}},"12":{"start":{"line":71,"column":4},"end":{"line":71,"column":41}},"13":{"start":{"line":71,"column":29},"end":{"line":71,"column":41}},"14":{"start":{"line":72,"column":18},"end":{"line":72,"column":25}},"15":{"start":{"line":73,"column":18},"end":{"line":73,"column":45}},"16":{"start":{"line":74,"column":4},"end":{"line":78,"column":6}},"17":{"start":{"line":81,"column":19},"end":{"line":81,"column":89}},"18":{"start":{"line":81,"column":70},"end":{"line":81,"column":88}},"19":{"start":{"line":83,"column":2},"end":{"line":120,"column":4}},"20":{"start":{"line":107,"column":44},"end":{"line":107,"column":65}}},"fnMap":{"0":{"name":"JournalModal","decl":{"start":{"line":11,"column":16},"end":{"line":11,"column":28}},"loc":{"start":{"line":11,"column":79},"end":{"line":59,"column":1}},"line":11},"1":{"name":"(anonymous_1)","decl":{"start":{"line":51,"column":26},"end":{"line":51,"column":27}},"loc":{"start":{"line":52,"column":14},"end":{"line":52,"column":79}},"line":52},"2":{"name":"JournalEntry","decl":{"start":{"line":61,"column":9},"end":{"line":61,"column":21}},"loc":{"start":{"line":61,"column":58},"end":{"line":121,"column":1}},"line":61},"3":{"name":"delta","decl":{"start":{"line":70,"column":11},"end":{"line":70,"column":16}},"loc":{"start":{"line":70,"column":45},"end":{"line":79,"column":3}},"line":70},"4":{"name":"(anonymous_4)","decl":{"start":{"line":81,"column":65},"end":{"line":81,"column":66}},"loc":{"start":{"line":81,"column":70},"end":{"line":81,"column":88}},"line":81},"5":{"name":"(anonymous_5)","decl":{"start":{"line":107,"column":38},"end":{"line":107,"column":39}},"loc":{"start":{"line":107,"column":44},"end":{"line":107,"column":65}},"line":107}},"branchMap":{"0":{"loc":{"start":{"line":39,"column":9},"end":{"line":55,"column":9}},"type":"cond-expr","locations":[{"start":{"line":40,"column":10},"end":{"line":44,"column":17}},{"start":{"line":46,"column":10},"end":{"line":54,"column":23}}],"line":39},"1":{"loc":{"start":{"line":64,"column":17},"end":{"line":64,"column":30}},"type":"binary-expr","locations":[{"start":{"line":64,"column":17},"end":{"line":64,"column":23}},{"start":{"line":64,"column":29},"end":{"line":64,"column":30}}],"line":64},"2":{"loc":{"start":{"line":65,"column":17},"end":{"line":65,"column":30}},"type":"binary-expr","locations":[{"start":{"line":65,"column":17},"end":{"line":65,"column":23}},{"start":{"line":65,"column":29},"end":{"line":65,"column":30}}],"line":65},"3":{"loc":{"start":{"line":66,"column":17},"end":{"line":66,"column":30}},"type":"binary-expr","locations":[{"start":{"line":66,"column":17},"end":{"line":66,"column":25}},{"start":{"line":66,"column":29},"end":{"line":66,"column":30}}],"line":66},"4":{"loc":{"start":{"line":67,"column":17},"end":{"line":67,"column":30}},"type":"binary-expr","locations":[{"start":{"line":67,"column":17},"end":{"line":67,"column":25}},{"start":{"line":67,"column":29},"end":{"line":67,"column":30}}],"line":67},"5":{"loc":{"start":{"line":71,"column":4},"end":{"line":71,"column":41}},"type":"if","locations":[{"start":{"line":71,"column":4},"end":{"line":71,"column":41}},{"start":{},"end":{}}],"line":71},"6":{"loc":{"start":{"line":73,"column":18},"end":{"line":73,"column":45}},"type":"cond-expr","locations":[{"start":{"line":73,"column":24},"end":{"line":73,"column":33}},{"start":{"line":73,"column":36},"end":{"line":73,"column":45}}],"line":73},"7":{"loc":{"start":{"line":76,"column":9},"end":{"line":76,"column":23}},"type":"cond-expr","locations":[{"start":{"line":76,"column":15},"end":{"line":76,"column":18}},{"start":{"line":76,"column":21},"end":{"line":76,"column":23}}],"line":76},"8":{"loc":{"start":{"line":94,"column":11},"end":{"line":94,"column":70}},"type":"binary-expr","locations":[{"start":{"line":94,"column":11},"end":{"line":94,"column":39}},{"start":{"line":94,"column":43},"end":{"line":94,"column":70}}],"line":94},"9":{"loc":{"start":{"line":95,"column":11},"end":{"line":95,"column":58}},"type":"cond-expr","locations":[{"start":{"line":95,"column":36},"end":{"line":95,"column":53}},{"start":{"line":95,"column":56},"end":{"line":95,"column":58}}],"line":95},"10":{"loc":{"start":{"line":99,"column":7},"end":{"line":103,"column":14}},"type":"cond-expr","locations":[{"start":{"line":100,"column":8},"end":{"line":102,"column":15}},{"start":{"line":103,"column":10},"end":{"line":103,"column":14}}],"line":99},"11":{"loc":{"start":{"line":105,"column":7},"end":{"line":109,"column":7}},"type":"binary-expr","locations":[{"start":{"line":105,"column":7},"end":{"line":105,"column":40}},{"start":{"line":106,"column":8},"end":{"line":108,"column":15}}],"line":105},"12":{"loc":{"start":{"line":111,"column":7},"end":{"line":118,"column":7}},"type":"binary-expr","locations":[{"start":{"line":111,"column":7},"end":{"line":111,"column":15}},{"start":{"line":112,"column":8},"end":{"line":117,"column":15}}],"line":111}},"s":{"0":10,"1":10,"2":11,"3":11,"4":11,"5":11,"6":11,"7":11,"8":2,"9":2,"10":2,"11":2,"12":8,"13":6,"14":2,"15":2,"16":2,"17":11,"18":38,"19":11,"20":1},"f":{"0":10,"1":11,"2":11,"3":8,"4":38,"5":1},"b":{"0":[3,7],"1":[2,0],"2":[2,2],"3":[2,2],"4":[2,2],"5":[6,2],"6":[1,1],"7":[1,1],"8":[11,0],"9":[0,11],"10":[11,0],"11":[11,1],"12":[11,2]},"_coverageSchema":"1a1c01bbd47fc00a2c39e90264f33305004495a9","hash":"597b5562545bfa3ae6ecbff8cc41ada747125c5e"}
,"D:\\source\\repos\\hundred-days\\src\\components\\JourneyBar.tsx": {"path":"D:\\source\\repos\\hundred-days\\src\\components\\JourneyBar.tsx","statementMap":{"0":{"start":{"line":6,"column":19},"end":{"line":6,"column":58}},"1":{"start":{"line":7,"column":19},"end":{"line":7,"column":59}},"2":{"start":{"line":8,"column":19},"end":{"line":8,"column":61}},"3":{"start":{"line":10,"column":2},"end":{"line":31,"column":4}}},"fnMap":{"0":{"name":"JourneyBar","decl":{"start":{"line":5,"column":16},"end":{"line":5,"column":26}},"loc":{"start":{"line":5,"column":111},"end":{"line":32,"column":1}},"line":5}},"branchMap":{"0":{"loc":{"start":{"line":5,"column":41},"end":{"line":5,"column":60}},"type":"default-arg","locations":[{"start":{"line":5,"column":55},"end":{"line":5,"column":60}}],"line":5},"1":{"loc":{"start":{"line":7,"column":19},"end":{"line":7,"column":59}},"type":"cond-expr","locations":[{"start":{"line":7,"column":33},"end":{"line":7,"column":45}},{"start":{"line":7,"column":48},"end":{"line":7,"column":59}}],"line":7},"2":{"loc":{"start":{"line":8,"column":19},"end":{"line":8,"column":61}},"type":"cond-expr","locations":[{"start":{"line":8,"column":33},"end":{"line":8,"column":42}},{"start":{"line":8,"column":45},"end":{"line":8,"column":61}}],"line":8}},"s":{"0":5,"1":5,"2":5,"3":5},"f":{"0":5},"b":{"0":[3],"1":[1,4],"2":[1,4]},"_coverageSchema":"1a1c01bbd47fc00a2c39e90264f33305004495a9","hash":"b8654b0c092ee6782ae50d640ea8401e80f8c56f"}
,"D:\\source\\repos\\hundred-days\\src\\components\\LevelUpModal.tsx": {"path":"D:\\source\\repos\\hundred-days\\src\\components\\LevelUpModal.tsx","statementMap":{"0":{"start":{"line":13,"column":2},"end":{"line":85,"column":4}},"1":{"start":{"line":52,"column":12},"end":{"line":80,"column":31}},"2":{"start":{"line":54,"column":29},"end":{"line":54,"column":48}}},"fnMap":{"0":{"name":"LevelUpModal","decl":{"start":{"line":12,"column":16},"end":{"line":12,"column":28}},"loc":{"start":{"line":12,"column":93},"end":{"line":86,"column":1}},"line":12},"1":{"name":"(anonymous_1)","decl":{"start":{"line":51,"column":23},"end":{"line":51,"column":24}},"loc":{"start":{"line":52,"column":12},"end":{"line":80,"column":31}},"line":52},"2":{"name":"(anonymous_2)","decl":{"start":{"line":54,"column":23},"end":{"line":54,"column":24}},"loc":{"start":{"line":54,"column":29},"end":{"line":54,"column":48}},"line":54}},"branchMap":{},"s":{"0":6,"1":12,"2":2},"f":{"0":6,"1":12,"2":2},"b":{},"_coverageSchema":"1a1c01bbd47fc00a2c39e90264f33305004495a9","hash":"4096265d6d7b8ba0086090f8fc12b145835b40dc"}
,"D:\\source\\repos\\hundred-days\\src\\components\\SettingsModal.tsx": {"path":"D:\\source\\repos\\hundred-days\\src\\components\\SettingsModal.tsx","statementMap":{"0":{"start":{"line":14,"column":52},"end":{"line":14,"column":86}},"1":{"start":{"line":15,"column":52},"end":{"line":15,"column":67}},"2":{"start":{"line":17,"column":2},"end":{"line":23,"column":16}},"3":{"start":{"line":18,"column":4},"end":{"line":22,"column":5}},"4":{"start":{"line":19,"column":6},"end":{"line":19,"column":50}},"5":{"start":{"line":21,"column":6},"end":{"line":21,"column":34}},"6":{"start":{"line":25,"column":17},"end":{"line":32,"column":35}},"7":{"start":{"line":26,"column":4},"end":{"line":26,"column":26}},"8":{"start":{"line":26,"column":19},"end":{"line":26,"column":26}},"9":{"start":{"line":28,"column":17},"end":{"line":28,"column":42}},"10":{"start":{"line":29,"column":4},"end":{"line":29,"column":22}},"11":{"start":{"line":30,"column":4},"end":{"line":30,"column":30}},"12":{"start":{"line":31,"column":4},"end":{"line":31,"column":39}},"13":{"start":{"line":34,"column":2},"end":{"line":34,"column":29}},"14":{"start":{"line":34,"column":17},"end":{"line":34,"column":29}},"15":{"start":{"line":36,"column":2},"end":{"line":175,"column":4}},"16":{"start":{"line":70,"column":29},"end":{"line":70,"column":56}},"17":{"start":{"line":75,"column":33},"end":{"line":75,"column":111}},"18":{"start":{"line":83,"column":33},"end":{"line":83,"column":111}},"19":{"start":{"line":97,"column":29},"end":{"line":97,"column":58}},"20":{"start":{"line":102,"column":29},"end":{"line":102,"column":61}},"21":{"start":{"line":109,"column":16},"end":{"line":124,"column":35}},"22":{"start":{"line":111,"column":33},"end":{"line":111,"column":61}},"23":{"start":{"line":132,"column":31},"end":{"line":132,"column":57}},"24":{"start":{"line":150,"column":35},"end":{"line":150,"column":62}},"25":{"start":{"line":159,"column":35},"end":{"line":159,"column":48}},"26":{"start":{"line":179,"column":2},"end":{"line":188,"column":4}},"27":{"start":{"line":192,"column":2},"end":{"line":199,"column":4}},"28":{"start":{"line":203,"column":2},"end":{"line":215,"column":4}},"29":{"start":{"line":218,"column":23},"end":{"line":262,"column":1}}},"fnMap":{"0":{"name":"SettingsModal","decl":{"start":{"line":13,"column":16},"end":{"line":13,"column":29}},"loc":{"start":{"line":13,"column":102},"end":{"line":176,"column":1}},"line":13},"1":{"name":"(anonymous_1)","decl":{"start":{"line":17,"column":12},"end":{"line":17,"column":13}},"loc":{"start":{"line":17,"column":18},"end":{"line":23,"column":3}},"line":17},"2":{"name":"(anonymous_2)","decl":{"start":{"line":25,"column":29},"end":{"line":25,"column":30}},"loc":{"start":{"line":25,"column":62},"end":{"line":32,"column":3}},"line":25},"3":{"name":"(anonymous_3)","decl":{"start":{"line":70,"column":24},"end":{"line":70,"column":25}},"loc":{"start":{"line":70,"column":29},"end":{"line":70,"column":56}},"line":70},"4":{"name":"(anonymous_4)","decl":{"start":{"line":75,"column":27},"end":{"line":75,"column":28}},"loc":{"start":{"line":75,"column":33},"end":{"line":75,"column":111}},"line":75},"5":{"name":"(anonymous_5)","decl":{"start":{"line":83,"column":27},"end":{"line":83,"column":28}},"loc":{"start":{"line":83,"column":33},"end":{"line":83,"column":111}},"line":83},"6":{"name":"(anonymous_6)","decl":{"start":{"line":97,"column":24},"end":{"line":97,"column":25}},"loc":{"start":{"line":97,"column":29},"end":{"line":97,"column":58}},"line":97},"7":{"name":"(anonymous_7)","decl":{"start":{"line":102,"column":24},"end":{"line":102,"column":25}},"loc":{"start":{"line":102,"column":29},"end":{"line":102,"column":61}},"line":102},"8":{"name":"(anonymous_8)","decl":{"start":{"line":108,"column":89},"end":{"line":108,"column":90}},"loc":{"start":{"line":109,"column":16},"end":{"line":124,"column":35}},"line":109},"9":{"name":"(anonymous_9)","decl":{"start":{"line":111,"column":27},"end":{"line":111,"column":28}},"loc":{"start":{"line":111,"column":33},"end":{"line":111,"column":61}},"line":111},"10":{"name":"(anonymous_10)","decl":{"start":{"line":132,"column":25},"end":{"line":132,"column":26}},"loc":{"start":{"line":132,"column":31},"end":{"line":132,"column":57}},"line":132},"11":{"name":"(anonymous_11)","decl":{"start":{"line":150,"column":29},"end":{"line":150,"column":30}},"loc":{"start":{"line":150,"column":35},"end":{"line":150,"column":62}},"line":150},"12":{"name":"(anonymous_12)","decl":{"start":{"line":159,"column":29},"end":{"line":159,"column":30}},"loc":{"start":{"line":159,"column":35},"end":{"line":159,"column":48}},"line":159},"13":{"name":"SettingsSection","decl":{"start":{"line":178,"column":9},"end":{"line":178,"column":24}},"loc":{"start":{"line":178,"column":92},"end":{"line":189,"column":1}},"line":178},"14":{"name":"SettingsRow","decl":{"start":{"line":191,"column":9},"end":{"line":191,"column":20}},"loc":{"start":{"line":191,"column":88},"end":{"line":200,"column":1}},"line":191},"15":{"name":"ToggleRow","decl":{"start":{"line":202,"column":9},"end":{"line":202,"column":18}},"loc":{"start":{"line":202,"column":114},"end":{"line":216,"column":1}},"line":202}},"branchMap":{"0":{"loc":{"start":{"line":18,"column":4},"end":{"line":22,"column":5}},"type":"if","locations":[{"start":{"line":18,"column":4},"end":{"line":22,"column":5}},{"start":{"line":20,"column":11},"end":{"line":22,"column":5}}],"line":18},"1":{"loc":{"start":{"line":26,"column":4},"end":{"line":26,"column":26}},"type":"if","locations":[{"start":{"line":26,"column":4},"end":{"line":26,"column":26}},{"start":{},"end":{}}],"line":26},"2":{"loc":{"start":{"line":34,"column":2},"end":{"line":34,"column":29}},"type":"if","locations":[{"start":{"line":34,"column":2},"end":{"line":34,"column":29}},{"start":{},"end":{}}],"line":34},"3":{"loc":{"start":{"line":115,"column":20},"end":{"line":115,"column":82}},"type":"binary-expr","locations":[{"start":{"line":115,"column":20},"end":{"line":115,"column":48}},{"start":{"line":115,"column":52},"end":{"line":115,"column":82}}],"line":115},"4":{"loc":{"start":{"line":120,"column":20},"end":{"line":120,"column":86}},"type":"binary-expr","locations":[{"start":{"line":120,"column":20},"end":{"line":120,"column":48}},{"start":{"line":120,"column":52},"end":{"line":120,"column":86}}],"line":120},"5":{"loc":{"start":{"line":130,"column":13},"end":{"line":169,"column":13}},"type":"cond-expr","locations":[{"start":{"line":131,"column":14},"end":{"line":142,"column":33}},{"start":{"line":144,"column":14},"end":{"line":168,"column":21}}],"line":130},"6":{"loc":{"start":{"line":212,"column":20},"end":{"line":212,"column":49}},"type":"cond-expr","locations":[{"start":{"line":212,"column":28},"end":{"line":212,"column":37}},{"start":{"line":212,"column":40},"end":{"line":212,"column":49}}],"line":212}},"s":{"0":0,"1":0,"2":0,"3":0,"4":0,"5":0,"6":0,"7":0,"8":0,"9":0,"10":0,"11":0,"12":0,"13":0,"14":0,"15":0,"16":0,"17":0,"18":0,"19":0,"20":0,"21":0,"22":0,"23":0,"24":0,"25":0,"26":0,"27":0,"28":0,"29":0},"f":{"0":0,"1":0,"2":0,"3":0,"4":0,"5":0,"6":0,"7":0,"8":0,"9":0,"10":0,"11":0,"12":0,"13":0,"14":0,"15":0},"b":{"0":[0,0],"1":[0,0],"2":[0,0],"3":[0,0],"4":[0,0],"5":[0,0],"6":[0,0]}}
,"D:\\source\\repos\\hundred-days\\src\\components\\StatusBar.tsx": {"path":"D:\\source\\repos\\hundred-days\\src\\components\\StatusBar.tsx","statementMap":{"0":{"start":{"line":8,"column":19},"end":{"line":8,"column":47}},"1":{"start":{"line":9,"column":19},"end":{"line":9,"column":47}},"2":{"start":{"line":11,"column":19},"end":{"line":11,"column":59}},"3":{"start":{"line":12,"column":19},"end":{"line":12,"column":79}},"4":{"start":{"line":14,"column":2},"end":{"line":35,"column":4}},"5":{"start":{"line":39,"column":2},"end":{"line":53,"column":4}}},"fnMap":{"0":{"name":"StatusBar","decl":{"start":{"line":7,"column":16},"end":{"line":7,"column":25}},"loc":{"start":{"line":7,"column":67},"end":{"line":36,"column":1}},"line":7},"1":{"name":"StatusPill","decl":{"start":{"line":38,"column":9},"end":{"line":38,"column":19}},"loc":{"start":{"line":38,"column":149},"end":{"line":54,"column":1}},"line":38}},"branchMap":{"0":{"loc":{"start":{"line":12,"column":19},"end":{"line":12,"column":79}},"type":"cond-expr","locations":[{"start":{"line":12,"column":42},"end":{"line":12,"column":68}},{"start":{"line":12,"column":71},"end":{"line":12,"column":79}}],"line":12},"1":{"loc":{"start":{"line":30,"column":20},"end":{"line":30,"column":74}},"type":"cond-expr","locations":[{"start":{"line":30,"column":30},"end":{"line":30,"column":39}},{"start":{"line":30,"column":42},"end":{"line":30,"column":74}}],"line":30},"2":{"loc":{"start":{"line":30,"column":42},"end":{"line":30,"column":74}},"type":"cond-expr","locations":[{"start":{"line":30,"column":53},"end":{"line":30,"column":62}},{"start":{"line":30,"column":65},"end":{"line":30,"column":74}}],"line":30},"3":{"loc":{"start":{"line":38,"column":53},"end":{"line":38,"column":61}},"type":"default-arg","locations":[{"start":{"line":38,"column":60},"end":{"line":38,"column":61}}],"line":38},"4":{"loc":{"start":{"line":45,"column":78},"end":{"line":45,"column":108}},"type":"binary-expr","locations":[{"start":{"line":45,"column":78},"end":{"line":45,"column":88}},{"start":{"line":45,"column":92},"end":{"line":45,"column":108}}],"line":45},"5":{"loc":{"start":{"line":48,"column":9},"end":{"line":50,"column":9}},"type":"binary-expr","locations":[{"start":{"line":48,"column":9},"end":{"line":48,"column":12}},{"start":{"line":49,"column":10},"end":{"line":49,"column":104}}],"line":48}},"s":{"0":8,"1":8,"2":8,"3":8,"4":8,"5":40},"f":{"0":8,"1":40},"b":{"0":[1,7],"1":[1,7],"2":[1,6],"3":[32],"4":[40,38],"5":[40,16]},"_coverageSchema":"1a1c01bbd47fc00a2c39e90264f33305004495a9","hash":"5485788427f1568f430aa8fd94f2991ada1d970d"}
,"D:\\source\\repos\\hundred-days\\src\\components\\Toast.tsx": {"path":"D:\\source\\repos\\hundred-days\\src\\components\\Toast.tsx","statementMap":{"0":{"start":{"line":5,"column":2},"end":{"line":5,"column":28}},"1":{"start":{"line":5,"column":16},"end":{"line":5,"column":28}},"2":{"start":{"line":6,"column":2},"end":{"line":30,"column":4}}},"fnMap":{"0":{"name":"Toast","decl":{"start":{"line":4,"column":16},"end":{"line":4,"column":21}},"loc":{"start":{"line":4,"column":56},"end":{"line":31,"column":1}},"line":4}},"branchMap":{"0":{"loc":{"start":{"line":5,"column":2},"end":{"line":5,"column":28}},"type":"if","locations":[{"start":{"line":5,"column":2},"end":{"line":5,"column":28}},{"start":{},"end":{}}],"line":5}},"s":{"0":3,"1":1,"2":2},"f":{"0":3},"b":{"0":[1,2]},"_coverageSchema":"1a1c01bbd47fc00a2c39e90264f33305004495a9","hash":"f13016193991d37cedfd2f5ce8414c78458b5464"}
,"D:\\source\\repos\\hundred-days\\src\\components\\index.tsx": {"path":"D:\\source\\repos\\hundred-days\\src\\components\\index.tsx","statementMap":{},"fnMap":{},"branchMap":{},"s":{},"f":{},"b":{}}
,"D:\\source\\repos\\hundred-days\\src\\engine\\CombatEngine.ts": {"path":"D:\\source\\repos\\hundred-days\\src\\engine\\CombatEngine.ts","statementMap":{"0":{"start":{"line":154,"column":52},"end":{"line":470,"column":1}},"1":{"start":{"line":480,"column":2},"end":{"line":505,"column":52}},"2":{"start":{"line":483,"column":18},"end":{"line":486,"column":7}},"3":{"start":{"line":484,"column":13},"end":{"line":485,"column":61}},"4":{"start":{"line":487,"column":6},"end":{"line":487,"column":28}},"5":{"start":{"line":487,"column":16},"end":{"line":487,"column":28}},"6":{"start":{"line":489,"column":28},"end":{"line":489,"column":102}},"7":{"start":{"line":490,"column":6},"end":{"line":503,"column":33}},"8":{"start":{"line":505,"column":40},"end":{"line":505,"column":50}},"9":{"start":{"line":512,"column":50},"end":{"line":517,"column":1}},"10":{"start":{"line":520,"column":18},"end":{"line":520,"column":80}},"11":{"start":{"line":521,"column":16},"end":{"line":521,"column":62}},"12":{"start":{"line":521,"column":44},"end":{"line":521,"column":60}},"13":{"start":{"line":522,"column":16},"end":{"line":522,"column":33}},"14":{"start":{"line":525,"column":18},"end":{"line":525,"column":43}},"15":{"start":{"line":526,"column":18},"end":{"line":526,"column":45}},"16":{"start":{"line":527,"column":18},"end":{"line":527,"column":41}},"17":{"start":{"line":529,"column":2},"end":{"line":542,"column":5}},"18":{"start":{"line":559,"column":4},"end":{"line":559,"column":41}},"19":{"start":{"line":560,"column":4},"end":{"line":560,"column":57}},"20":{"start":{"line":561,"column":4},"end":{"line":561,"column":55}},"21":{"start":{"line":563,"column":4},"end":{"line":567,"column":5}},"22":{"start":{"line":564,"column":6},"end":{"line":564,"column":26}},"23":{"start":{"line":566,"column":6},"end":{"line":566,"column":49}},"24":{"start":{"line":573,"column":4},"end":{"line":573,"column":54}},"25":{"start":{"line":573,"column":47},"end":{"line":573,"column":54}},"26":{"start":{"line":574,"column":4},"end":{"line":574,"column":42}},"27":{"start":{"line":575,"column":4},"end":{"line":575,"column":30}},"28":{"start":{"line":578,"column":28},"end":{"line":578,"column":46}},"29":{"start":{"line":583,"column":25},"end":{"line":583,"column":63}},"30":{"start":{"line":583,"column":54},"end":{"line":583,"column":61}},"31":{"start":{"line":584,"column":25},"end":{"line":584,"column":101}},"32":{"start":{"line":586,"column":4},"end":{"line":599,"column":6}},"33":{"start":{"line":592,"column":44},"end":{"line":592,"column":66}},"34":{"start":{"line":603,"column":20},"end":{"line":603,"column":82}},"35":{"start":{"line":604,"column":4},"end":{"line":613,"column":6}},"36":{"start":{"line":617,"column":16},"end":{"line":617,"column":31}},"37":{"start":{"line":618,"column":4},"end":{"line":630,"column":6}},"38":{"start":{"line":637,"column":4},"end":{"line":637,"column":73}},"39":{"start":{"line":637,"column":39},"end":{"line":637,"column":58}},"40":{"start":{"line":637,"column":64},"end":{"line":637,"column":71}},"41":{"start":{"line":638,"column":4},"end":{"line":638,"column":73}},"42":{"start":{"line":638,"column":39},"end":{"line":638,"column":63}},"43":{"start":{"line":638,"column":64},"end":{"line":638,"column":71}},"44":{"start":{"line":641,"column":4},"end":{"line":648,"column":5}},"45":{"start":{"line":642,"column":6},"end":{"line":642,"column":116}},"46":{"start":{"line":643,"column":6},"end":{"line":643,"column":48}},"47":{"start":{"line":645,"column":6},"end":{"line":645,"column":84}},"48":{"start":{"line":645,"column":36},"end":{"line":645,"column":84}},"49":{"start":{"line":646,"column":6},"end":{"line":646,"column":56}},"50":{"start":{"line":646,"column":36},"end":{"line":646,"column":56}},"51":{"start":{"line":647,"column":6},"end":{"line":647,"column":69}},"52":{"start":{"line":647,"column":36},"end":{"line":647,"column":69}},"53":{"start":{"line":650,"column":4},"end":{"line":650,"column":45}},"54":{"start":{"line":650,"column":24},"end":{"line":650,"column":45}},"55":{"start":{"line":651,"column":4},"end":{"line":651,"column":44}},"56":{"start":{"line":651,"column":24},"end":{"line":651,"column":44}},"57":{"start":{"line":653,"column":4},"end":{"line":653,"column":29}},"58":{"start":{"line":654,"column":4},"end":{"line":654,"column":20}},"59":{"start":{"line":656,"column":4},"end":{"line":662,"column":5}},"60":{"start":{"line":657,"column":6},"end":{"line":661,"column":33}},"61":{"start":{"line":668,"column":19},"end":{"line":668,"column":82}},"62":{"start":{"line":668,"column":50},"end":{"line":668,"column":81}},"63":{"start":{"line":669,"column":19},"end":{"line":669,"column":47}},"64":{"start":{"line":670,"column":4},"end":{"line":670,"column":24}},"65":{"start":{"line":670,"column":17},"end":{"line":670,"column":24}},"66":{"start":{"line":672,"column":22},"end":{"line":672,"column":85}},"67":{"start":{"line":672,"column":64},"end":{"line":672,"column":84}},"68":{"start":{"line":673,"column":22},"end":{"line":673,"column":68}},"69":{"start":{"line":674,"column":35},"end":{"line":678,"column":5}},"70":{"start":{"line":680,"column":4},"end":{"line":680,"column":62}},"71":{"start":{"line":681,"column":4},"end":{"line":686,"column":6}},"72":{"start":{"line":687,"column":4},"end":{"line":689,"column":5}},"73":{"start":{"line":688,"column":6},"end":{"line":688,"column":117}},"74":{"start":{"line":693,"column":4},"end":{"line":695,"column":7}},"75":{"start":{"line":696,"column":4},"end":{"line":696,"column":113}},"76":{"start":{"line":702,"column":4},"end":{"line":702,"column":102}},"77":{"start":{"line":703,"column":4},"end":{"line":703,"column":117}},"78":{"start":{"line":709,"column":18},"end":{"line":709,"column":81}},"79":{"start":{"line":709,"column":49},"end":{"line":709,"column":80}},"80":{"start":{"line":710,"column":4},"end":{"line":710,"column":30}},"81":{"start":{"line":710,"column":23},"end":{"line":710,"column":30}},"82":{"start":{"line":712,"column":4},"end":{"line":757,"column":5}},"83":{"start":{"line":713,"column":6},"end":{"line":713,"column":45}},"84":{"start":{"line":713,"column":36},"end":{"line":713,"column":45}},"85":{"start":{"line":715,"column":6},"end":{"line":756,"column":7}},"86":{"start":{"line":718,"column":10},"end":{"line":718,"column":52}},"87":{"start":{"line":719,"column":10},"end":{"line":726,"column":11}},"88":{"start":{"line":723,"column":12},"end":{"line":723,"column":50}},"89":{"start":{"line":724,"column":12},"end":{"line":724,"column":108}},"90":{"start":{"line":725,"column":12},"end":{"line":725,"column":154}},"91":{"start":{"line":727,"column":10},"end":{"line":727,"column":16}},"92":{"start":{"line":730,"column":26},"end":{"line":730,"column":83}},"93":{"start":{"line":730,"column":49},"end":{"line":730,"column":82}},"94":{"start":{"line":731,"column":10},"end":{"line":731,"column":56}},"95":{"start":{"line":732,"column":10},"end":{"line":732,"column":16}},"96":{"start":{"line":736,"column":22},"end":{"line":736,"column":75}},"97":{"start":{"line":737,"column":10},"end":{"line":743,"column":11}},"98":{"start":{"line":738,"column":25},"end":{"line":738,"column":48}},"99":{"start":{"line":739,"column":12},"end":{"line":739,"column":112}},"100":{"start":{"line":740,"column":12},"end":{"line":740,"column":120}},"101":{"start":{"line":742,"column":12},"end":{"line":742,"column":59}},"102":{"start":{"line":744,"column":10},"end":{"line":744,"column":16}},"103":{"start":{"line":748,"column":10},"end":{"line":748,"column":137}},"104":{"start":{"line":749,"column":10},"end":{"line":749,"column":16}},"105":{"start":{"line":754,"column":10},"end":{"line":754,"column":52}},"106":{"start":{"line":755,"column":10},"end":{"line":755,"column":16}},"107":{"start":{"line":761,"column":23},"end":{"line":761,"column":98}},"108":{"start":{"line":762,"column":4},"end":{"line":762,"column":62}},"109":{"start":{"line":763,"column":4},"end":{"line":763,"column":127}},"110":{"start":{"line":764,"column":4},"end":{"line":766,"column":5}},"111":{"start":{"line":765,"column":6},"end":{"line":765,"column":113}},"112":{"start":{"line":772,"column":4},"end":{"line":789,"column":5}},"113":{"start":{"line":773,"column":6},"end":{"line":773,"column":60}},"114":{"start":{"line":773,"column":51},"end":{"line":773,"column":60}},"115":{"start":{"line":776,"column":6},"end":{"line":780,"column":7}},"116":{"start":{"line":777,"column":8},"end":{"line":777,"column":31}},"117":{"start":{"line":778,"column":8},"end":{"line":778,"column":110}},"118":{"start":{"line":779,"column":8},"end":{"line":779,"column":17}},"119":{"start":{"line":783,"column":22},"end":{"line":783,"column":86}},"120":{"start":{"line":783,"column":48},"end":{"line":783,"column":77}},"121":{"start":{"line":784,"column":6},"end":{"line":788,"column":7}},"122":{"start":{"line":785,"column":8},"end":{"line":785,"column":49}},"123":{"start":{"line":787,"column":8},"end":{"line":787,"column":37}},"124":{"start":{"line":793,"column":23},"end":{"line":793,"column":64}},"125":{"start":{"line":794,"column":23},"end":{"line":794,"column":88}},"126":{"start":{"line":794,"column":65},"end":{"line":794,"column":87}},"127":{"start":{"line":795,"column":4},"end":{"line":798,"column":5}},"128":{"start":{"line":796,"column":6},"end":{"line":796,"column":117}},"129":{"start":{"line":797,"column":6},"end":{"line":797,"column":13}},"130":{"start":{"line":799,"column":23},"end":{"line":799,"column":89}},"131":{"start":{"line":800,"column":4},"end":{"line":800,"column":84}},"132":{"start":{"line":801,"column":4},"end":{"line":801,"column":120}},"133":{"start":{"line":805,"column":20},"end":{"line":805,"column":61}},"134":{"start":{"line":806,"column":20},"end":{"line":806,"column":21}},"135":{"start":{"line":808,"column":4},"end":{"line":812,"column":5}},"136":{"start":{"line":809,"column":18},"end":{"line":809,"column":111}},"137":{"start":{"line":810,"column":6},"end":{"line":810,"column":29}},"138":{"start":{"line":811,"column":6},"end":{"line":811,"column":87}},"139":{"start":{"line":814,"column":20},"end":{"line":816,"column":31}},"140":{"start":{"line":818,"column":4},"end":{"line":818,"column":131}},"141":{"start":{"line":820,"column":16},"end":{"line":820,"column":44}},"142":{"start":{"line":821,"column":4},"end":{"line":858,"column":5}},"143":{"start":{"line":823,"column":23},"end":{"line":823,"column":75}},"144":{"start":{"line":824,"column":8},"end":{"line":824,"column":110}},"145":{"start":{"line":825,"column":8},"end":{"line":825,"column":116}},"146":{"start":{"line":826,"column":8},"end":{"line":826,"column":14}},"147":{"start":{"line":829,"column":8},"end":{"line":829,"column":107}},"148":{"start":{"line":830,"column":8},"end":{"line":830,"column":127}},"149":{"start":{"line":831,"column":8},"end":{"line":831,"column":14}},"150":{"start":{"line":834,"column":8},"end":{"line":834,"column":49}},"151":{"start":{"line":835,"column":8},"end":{"line":835,"column":104}},"152":{"start":{"line":836,"column":8},"end":{"line":836,"column":14}},"153":{"start":{"line":838,"column":8},"end":{"line":838,"column":107}},"154":{"start":{"line":839,"column":8},"end":{"line":839,"column":126}},"155":{"start":{"line":840,"column":8},"end":{"line":840,"column":14}},"156":{"start":{"line":842,"column":24},"end":{"line":842,"column":49}},"157":{"start":{"line":843,"column":8},"end":{"line":843,"column":75}},"158":{"start":{"line":844,"column":8},"end":{"line":844,"column":124}},"159":{"start":{"line":845,"column":8},"end":{"line":845,"column":14}},"160":{"start":{"line":848,"column":8},"end":{"line":853,"column":9}},"161":{"start":{"line":849,"column":10},"end":{"line":849,"column":143}},"162":{"start":{"line":851,"column":10},"end":{"line":851,"column":104}},"163":{"start":{"line":852,"column":10},"end":{"line":852,"column":141}},"164":{"start":{"line":854,"column":8},"end":{"line":854,"column":14}},"165":{"start":{"line":856,"column":8},"end":{"line":856,"column":111}},"166":{"start":{"line":857,"column":8},"end":{"line":857,"column":14}},"167":{"start":{"line":864,"column":25},"end":{"line":864,"column":74}},"168":{"start":{"line":864,"column":65},"end":{"line":864,"column":72}},"169":{"start":{"line":865,"column":25},"end":{"line":865,"column":78}},"170":{"start":{"line":867,"column":17},"end":{"line":867,"column":99}},"171":{"start":{"line":867,"column":49},"end":{"line":867,"column":98}},"172":{"start":{"line":868,"column":4},"end":{"line":872,"column":5}},"173":{"start":{"line":869,"column":6},"end":{"line":869,"column":23}},"174":{"start":{"line":870,"column":6},"end":{"line":870,"column":39}},"175":{"start":{"line":871,"column":6},"end":{"line":871,"column":131}},"176":{"start":{"line":874,"column":21},"end":{"line":876,"column":5}},"177":{"start":{"line":875,"column":11},"end":{"line":875,"column":70}},"178":{"start":{"line":877,"column":4},"end":{"line":877,"column":37}},"179":{"start":{"line":877,"column":18},"end":{"line":877,"column":37}},"180":{"start":{"line":879,"column":4},"end":{"line":879,"column":59}},"181":{"start":{"line":881,"column":4},"end":{"line":890,"column":5}},"182":{"start":{"line":882,"column":6},"end":{"line":882,"column":29}},"183":{"start":{"line":884,"column":6},"end":{"line":884,"column":124}},"184":{"start":{"line":885,"column":6},"end":{"line":885,"column":26}},"185":{"start":{"line":886,"column":6},"end":{"line":886,"column":22}},"186":{"start":{"line":887,"column":6},"end":{"line":889,"column":7}},"187":{"start":{"line":888,"column":8},"end":{"line":888,"column":80}},"188":{"start":{"line":894,"column":19},"end":{"line":897,"column":6}},"189":{"start":{"line":895,"column":18},"end":{"line":895,"column":65}},"190":{"start":{"line":895,"column":46},"end":{"line":895,"column":64}},"191":{"start":{"line":896,"column":6},"end":{"line":896,"column":62}},"192":{"start":{"line":899,"column":4},"end":{"line":905,"column":5}},"193":{"start":{"line":900,"column":6},"end":{"line":900,"column":134}},"194":{"start":{"line":901,"column":6},"end":{"line":901,"column":26}},"195":{"start":{"line":902,"column":6},"end":{"line":902,"column":22}},"196":{"start":{"line":903,"column":6},"end":{"line":903,"column":118}},"197":{"start":{"line":903,"column":46},"end":{"line":903,"column":118}},"198":{"start":{"line":904,"column":6},"end":{"line":904,"column":13}},"199":{"start":{"line":907,"column":4},"end":{"line":915,"column":5}},"200":{"start":{"line":908,"column":6},"end":{"line":908,"column":121}},"201":{"start":{"line":909,"column":6},"end":{"line":909,"column":35}},"202":{"start":{"line":911,"column":6},"end":{"line":911,"column":122}},"203":{"start":{"line":912,"column":6},"end":{"line":912,"column":26}},"204":{"start":{"line":913,"column":6},"end":{"line":913,"column":22}},"205":{"start":{"line":914,"column":6},"end":{"line":914,"column":118}},"206":{"start":{"line":914,"column":46},"end":{"line":914,"column":118}},"207":{"start":{"line":921,"column":24},"end":{"line":921,"column":49}},"208":{"start":{"line":922,"column":24},"end":{"line":922,"column":44}},"209":{"start":{"line":923,"column":24},"end":{"line":923,"column":47}},"210":{"start":{"line":924,"column":24},"end":{"line":924,"column":95}},"211":{"start":{"line":925,"column":4},"end":{"line":925,"column":59}},"212":{"start":{"line":926,"column":4},"end":{"line":926,"column":55}},"213":{"start":{"line":932,"column":20},"end":{"line":932,"column":82}},"214":{"start":{"line":932,"column":50},"end":{"line":932,"column":81}},"215":{"start":{"line":933,"column":4},"end":{"line":934,"column":72}},"216":{"start":{"line":933,"column":44},"end":{"line":933,"column":70}},"217":{"start":{"line":934,"column":9},"end":{"line":934,"column":72}},"218":{"start":{"line":934,"column":47},"end":{"line":934,"column":72}},"219":{"start":{"line":938,"column":21},"end":{"line":938,"column":69}},"220":{"start":{"line":938,"column":52},"end":{"line":938,"column":68}},"221":{"start":{"line":940,"column":23},"end":{"line":941,"column":77}},"222":{"start":{"line":940,"column":49},"end":{"line":940,"column":117}},"223":{"start":{"line":940,"column":82},"end":{"line":940,"column":100}},"224":{"start":{"line":941,"column":54},"end":{"line":941,"column":65}},"225":{"start":{"line":942,"column":23},"end":{"line":942,"column":123}},"226":{"start":{"line":942,"column":49},"end":{"line":942,"column":119}},"227":{"start":{"line":942,"column":82},"end":{"line":942,"column":100}},"228":{"start":{"line":943,"column":23},"end":{"line":943,"column":123}},"229":{"start":{"line":943,"column":49},"end":{"line":943,"column":119}},"230":{"start":{"line":943,"column":82},"end":{"line":943,"column":100}},"231":{"start":{"line":944,"column":23},"end":{"line":944,"column":86}},"232":{"start":{"line":946,"column":24},"end":{"line":949,"column":27}},"233":{"start":{"line":951,"column":33},"end":{"line":962,"column":5}},"234":{"start":{"line":959,"column":79},"end":{"line":959,"column":90}},"235":{"start":{"line":964,"column":4},"end":{"line":964,"column":52}},"236":{"start":{"line":970,"column":4},"end":{"line":972,"column":42}},"237":{"start":{"line":971,"column":17},"end":{"line":971,"column":65}},"238":{"start":{"line":972,"column":19},"end":{"line":972,"column":40}},"239":{"start":{"line":973,"column":4},"end":{"line":973,"column":42}},"240":{"start":{"line":979,"column":4},"end":{"line":980,"column":44}},"241":{"start":{"line":979,"column":41},"end":{"line":979,"column":72}},"242":{"start":{"line":992,"column":4},"end":{"line":992,"column":84}},"243":{"start":{"line":993,"column":4},"end":{"line":993,"column":35}},"244":{"start":{"line":997,"column":4},"end":{"line":997,"column":47}},"245":{"start":{"line":998,"column":4},"end":{"line":998,"column":35}}},"fnMap":{"0":{"name":"buildEnemiesForLocation","decl":{"start":{"line":476,"column":16},"end":{"line":476,"column":39}},"loc":{"start":{"line":479,"column":20},"end":{"line":506,"column":1}},"line":479},"1":{"name":"(anonymous_1)","decl":{"start":{"line":482,"column":9},"end":{"line":482,"column":10}},"loc":{"start":{"line":482,"column":42},"end":{"line":504,"column":5}},"line":482},"2":{"name":"(anonymous_2)","decl":{"start":{"line":484,"column":8},"end":{"line":484,"column":9}},"loc":{"start":{"line":484,"column":13},"end":{"line":485,"column":61}},"line":484},"3":{"name":"(anonymous_3)","decl":{"start":{"line":505,"column":12},"end":{"line":505,"column":13}},"loc":{"start":{"line":505,"column":40},"end":{"line":505,"column":50}},"line":505},"4":{"name":"buildBossEnemy","decl":{"start":{"line":519,"column":16},"end":{"line":519,"column":30}},"loc":{"start":{"line":519,"column":66},"end":{"line":543,"column":1}},"line":519},"5":{"name":"(anonymous_5)","decl":{"start":{"line":521,"column":39},"end":{"line":521,"column":40}},"loc":{"start":{"line":521,"column":44},"end":{"line":521,"column":60}},"line":521},"6":{"name":"(anonymous_6)","decl":{"start":{"line":554,"column":2},"end":{"line":554,"column":3}},"loc":{"start":{"line":558,"column":4},"end":{"line":568,"column":3}},"line":558},"7":{"name":"(anonymous_7)","decl":{"start":{"line":572,"column":2},"end":{"line":572,"column":3}},"loc":{"start":{"line":572,"column":43},"end":{"line":576,"column":3}},"line":572},"8":{"name":"(anonymous_8)","decl":{"start":{"line":578,"column":2},"end":{"line":578,"column":3}},"loc":{"start":{"line":578,"column":26},"end":{"line":578,"column":48}},"line":578},"9":{"name":"(anonymous_9)","decl":{"start":{"line":582,"column":2},"end":{"line":582,"column":3}},"loc":{"start":{"line":582,"column":72},"end":{"line":600,"column":3}},"line":582},"10":{"name":"(anonymous_10)","decl":{"start":{"line":583,"column":49},"end":{"line":583,"column":50}},"loc":{"start":{"line":583,"column":54},"end":{"line":583,"column":61}},"line":583},"11":{"name":"(anonymous_11)","decl":{"start":{"line":592,"column":39},"end":{"line":592,"column":40}},"loc":{"start":{"line":592,"column":44},"end":{"line":592,"column":66}},"line":592},"12":{"name":"(anonymous_12)","decl":{"start":{"line":602,"column":2},"end":{"line":602,"column":3}},"loc":{"start":{"line":602,"column":56},"end":{"line":614,"column":3}},"line":602},"13":{"name":"(anonymous_13)","decl":{"start":{"line":616,"column":2},"end":{"line":616,"column":3}},"loc":{"start":{"line":616,"column":59},"end":{"line":631,"column":3}},"line":616},"14":{"name":"(anonymous_14)","decl":{"start":{"line":635,"column":2},"end":{"line":635,"column":3}},"loc":{"start":{"line":635,"column":51},"end":{"line":663,"column":3}},"line":635},"15":{"name":"(anonymous_15)","decl":{"start":{"line":667,"column":2},"end":{"line":667,"column":3}},"loc":{"start":{"line":667,"column":48},"end":{"line":690,"column":3}},"line":667},"16":{"name":"(anonymous_16)","decl":{"start":{"line":668,"column":45},"end":{"line":668,"column":46}},"loc":{"start":{"line":668,"column":50},"end":{"line":668,"column":81}},"line":668},"17":{"name":"(anonymous_17)","decl":{"start":{"line":672,"column":59},"end":{"line":672,"column":60}},"loc":{"start":{"line":672,"column":64},"end":{"line":672,"column":84}},"line":672},"18":{"name":"(anonymous_18)","decl":{"start":{"line":692,"column":2},"end":{"line":692,"column":3}},"loc":{"start":{"line":692,"column":31},"end":{"line":697,"column":3}},"line":692},"19":{"name":"(anonymous_19)","decl":{"start":{"line":699,"column":2},"end":{"line":699,"column":3}},"loc":{"start":{"line":699,"column":46},"end":{"line":704,"column":3}},"line":699},"20":{"name":"(anonymous_20)","decl":{"start":{"line":708,"column":2},"end":{"line":708,"column":3}},"loc":{"start":{"line":708,"column":32},"end":{"line":758,"column":3}},"line":708},"21":{"name":"(anonymous_21)","decl":{"start":{"line":709,"column":44},"end":{"line":709,"column":45}},"loc":{"start":{"line":709,"column":49},"end":{"line":709,"column":80}},"line":709},"22":{"name":"(anonymous_22)","decl":{"start":{"line":730,"column":39},"end":{"line":730,"column":40}},"loc":{"start":{"line":730,"column":49},"end":{"line":730,"column":82}},"line":730},"23":{"name":"(anonymous_23)","decl":{"start":{"line":760,"column":2},"end":{"line":760,"column":3}},"loc":{"start":{"line":760,"column":91},"end":{"line":767,"column":3}},"line":760},"24":{"name":"(anonymous_24)","decl":{"start":{"line":771,"column":2},"end":{"line":771,"column":3}},"loc":{"start":{"line":771,"column":31},"end":{"line":790,"column":3}},"line":771},"25":{"name":"(anonymous_25)","decl":{"start":{"line":783,"column":43},"end":{"line":783,"column":44}},"loc":{"start":{"line":783,"column":48},"end":{"line":783,"column":77}},"line":783},"26":{"name":"(anonymous_26)","decl":{"start":{"line":792,"column":2},"end":{"line":792,"column":3}},"loc":{"start":{"line":792,"column":56},"end":{"line":802,"column":3}},"line":792},"27":{"name":"(anonymous_27)","decl":{"start":{"line":794,"column":60},"end":{"line":794,"column":61}},"loc":{"start":{"line":794,"column":65},"end":{"line":794,"column":87}},"line":794},"28":{"name":"(anonymous_28)","decl":{"start":{"line":804,"column":2},"end":{"line":804,"column":3}},"loc":{"start":{"line":804,"column":82},"end":{"line":859,"column":3}},"line":804},"29":{"name":"(anonymous_29)","decl":{"start":{"line":863,"column":2},"end":{"line":863,"column":3}},"loc":{"start":{"line":863,"column":30},"end":{"line":891,"column":3}},"line":863},"30":{"name":"(anonymous_30)","decl":{"start":{"line":864,"column":60},"end":{"line":864,"column":61}},"loc":{"start":{"line":864,"column":65},"end":{"line":864,"column":72}},"line":864},"31":{"name":"(anonymous_31)","decl":{"start":{"line":867,"column":44},"end":{"line":867,"column":45}},"loc":{"start":{"line":867,"column":49},"end":{"line":867,"column":98}},"line":867},"32":{"name":"(anonymous_32)","decl":{"start":{"line":875,"column":6},"end":{"line":875,"column":7}},"loc":{"start":{"line":875,"column":11},"end":{"line":875,"column":70}},"line":875},"33":{"name":"(anonymous_33)","decl":{"start":{"line":893,"column":2},"end":{"line":893,"column":3}},"loc":{"start":{"line":893,"column":35},"end":{"line":916,"column":3}},"line":893},"34":{"name":"(anonymous_34)","decl":{"start":{"line":894,"column":43},"end":{"line":894,"column":44}},"loc":{"start":{"line":894,"column":48},"end":{"line":897,"column":5}},"line":894},"35":{"name":"(anonymous_35)","decl":{"start":{"line":895,"column":41},"end":{"line":895,"column":42}},"loc":{"start":{"line":895,"column":46},"end":{"line":895,"column":64}},"line":895},"36":{"name":"(anonymous_36)","decl":{"start":{"line":920,"column":2},"end":{"line":920,"column":3}},"loc":{"start":{"line":920,"column":108},"end":{"line":927,"column":3}},"line":920},"37":{"name":"(anonymous_37)","decl":{"start":{"line":931,"column":2},"end":{"line":931,"column":3}},"loc":{"start":{"line":931,"column":27},"end":{"line":935,"column":3}},"line":931},"38":{"name":"(anonymous_38)","decl":{"start":{"line":932,"column":45},"end":{"line":932,"column":46}},"loc":{"start":{"line":932,"column":50},"end":{"line":932,"column":81}},"line":932},"39":{"name":"(anonymous_39)","decl":{"start":{"line":937,"column":2},"end":{"line":937,"column":3}},"loc":{"start":{"line":937,"column":60},"end":{"line":965,"column":3}},"line":937},"40":{"name":"(anonymous_40)","decl":{"start":{"line":938,"column":47},"end":{"line":938,"column":48}},"loc":{"start":{"line":938,"column":52},"end":{"line":938,"column":68}},"line":938},"41":{"name":"(anonymous_41)","decl":{"start":{"line":940,"column":39},"end":{"line":940,"column":40}},"loc":{"start":{"line":940,"column":49},"end":{"line":940,"column":117}},"line":940},"42":{"name":"(anonymous_42)","decl":{"start":{"line":940,"column":77},"end":{"line":940,"column":78}},"loc":{"start":{"line":940,"column":82},"end":{"line":940,"column":100}},"line":940},"43":{"name":"(anonymous_43)","decl":{"start":{"line":941,"column":49},"end":{"line":941,"column":50}},"loc":{"start":{"line":941,"column":54},"end":{"line":941,"column":65}},"line":941},"44":{"name":"(anonymous_44)","decl":{"start":{"line":942,"column":39},"end":{"line":942,"column":40}},"loc":{"start":{"line":942,"column":49},"end":{"line":942,"column":119}},"line":942},"45":{"name":"(anonymous_45)","decl":{"start":{"line":942,"column":77},"end":{"line":942,"column":78}},"loc":{"start":{"line":942,"column":82},"end":{"line":942,"column":100}},"line":942},"46":{"name":"(anonymous_46)","decl":{"start":{"line":943,"column":39},"end":{"line":943,"column":40}},"loc":{"start":{"line":943,"column":49},"end":{"line":943,"column":119}},"line":943},"47":{"name":"(anonymous_47)","decl":{"start":{"line":943,"column":77},"end":{"line":943,"column":78}},"loc":{"start":{"line":943,"column":82},"end":{"line":943,"column":100}},"line":943},"48":{"name":"(anonymous_48)","decl":{"start":{"line":959,"column":74},"end":{"line":959,"column":75}},"loc":{"start":{"line":959,"column":79},"end":{"line":959,"column":90}},"line":959},"49":{"name":"(anonymous_49)","decl":{"start":{"line":969,"column":2},"end":{"line":969,"column":3}},"loc":{"start":{"line":969,"column":36},"end":{"line":974,"column":3}},"line":969},"50":{"name":"(anonymous_50)","decl":{"start":{"line":971,"column":11},"end":{"line":971,"column":12}},"loc":{"start":{"line":971,"column":17},"end":{"line":971,"column":65}},"line":971},"51":{"name":"(anonymous_51)","decl":{"start":{"line":972,"column":14},"end":{"line":972,"column":15}},"loc":{"start":{"line":972,"column":19},"end":{"line":972,"column":40}},"line":972},"52":{"name":"(anonymous_52)","decl":{"start":{"line":978,"column":2},"end":{"line":978,"column":3}},"loc":{"start":{"line":978,"column":28},"end":{"line":981,"column":3}},"line":978},"53":{"name":"(anonymous_53)","decl":{"start":{"line":979,"column":36},"end":{"line":979,"column":37}},"loc":{"start":{"line":979,"column":41},"end":{"line":979,"column":72}},"line":979},"54":{"name":"(anonymous_54)","decl":{"start":{"line":983,"column":2},"end":{"line":983,"column":3}},"loc":{"start":{"line":991,"column":10},"end":{"line":994,"column":3}},"line":991},"55":{"name":"(anonymous_55)","decl":{"start":{"line":996,"column":2},"end":{"line":996,"column":3}},"loc":{"start":{"line":996,"column":56},"end":{"line":999,"column":3}},"line":996}},"branchMap":{"0":{"loc":{"start":{"line":484,"column":13},"end":{"line":485,"column":61}},"type":"binary-expr","locations":[{"start":{"line":484,"column":13},"end":{"line":484,"column":56}},{"start":{"line":485,"column":13},"end":{"line":485,"column":61}}],"line":484},"1":{"loc":{"start":{"line":487,"column":6},"end":{"line":487,"column":28}},"type":"if","locations":[{"start":{"line":487,"column":6},"end":{"line":487,"column":28}},{"start":{},"end":{}}],"line":487},"2":{"loc":{"start":{"line":520,"column":18},"end":{"line":520,"column":80}},"type":"binary-expr","locations":[{"start":{"line":520,"column":18},"end":{"line":520,"column":59}},{"start":{"line":520,"column":63},"end":{"line":520,"column":80}}],"line":520},"3":{"loc":{"start":{"line":563,"column":4},"end":{"line":567,"column":5}},"type":"if","locations":[{"start":{"line":563,"column":4},"end":{"line":567,"column":5}},{"start":{"line":565,"column":11},"end":{"line":567,"column":5}}],"line":563},"4":{"loc":{"start":{"line":573,"column":4},"end":{"line":573,"column":54}},"type":"if","locations":[{"start":{"line":573,"column":4},"end":{"line":573,"column":54}},{"start":{},"end":{}}],"line":573},"5":{"loc":{"start":{"line":607,"column":52},"end":{"line":607,"column":77}},"type":"binary-expr","locations":[{"start":{"line":607,"column":52},"end":{"line":607,"column":71}},{"start":{"line":607,"column":76},"end":{"line":607,"column":77}}],"line":607},"6":{"loc":{"start":{"line":608,"column":52},"end":{"line":608,"column":77}},"type":"binary-expr","locations":[{"start":{"line":608,"column":52},"end":{"line":608,"column":72}},{"start":{"line":608,"column":76},"end":{"line":608,"column":77}}],"line":608},"7":{"loc":{"start":{"line":609,"column":52},"end":{"line":609,"column":77}},"type":"binary-expr","locations":[{"start":{"line":609,"column":52},"end":{"line":609,"column":70}},{"start":{"line":609,"column":76},"end":{"line":609,"column":77}}],"line":609},"8":{"loc":{"start":{"line":612,"column":23},"end":{"line":612,"column":55}},"type":"binary-expr","locations":[{"start":{"line":612,"column":23},"end":{"line":612,"column":46}},{"start":{"line":612,"column":50},"end":{"line":612,"column":55}}],"line":612},"9":{"loc":{"start":{"line":624,"column":48},"end":{"line":624,"column":76}},"type":"cond-expr","locations":[{"start":{"line":624,"column":71},"end":{"line":624,"column":72}},{"start":{"line":624,"column":75},"end":{"line":624,"column":76}}],"line":624},"10":{"loc":{"start":{"line":637,"column":4},"end":{"line":637,"column":73}},"type":"if","locations":[{"start":{"line":637,"column":4},"end":{"line":637,"column":73}},{"start":{},"end":{}}],"line":637},"11":{"loc":{"start":{"line":638,"column":4},"end":{"line":638,"column":73}},"type":"if","locations":[{"start":{"line":638,"column":4},"end":{"line":638,"column":73}},{"start":{},"end":{}}],"line":638},"12":{"loc":{"start":{"line":641,"column":4},"end":{"line":648,"column":5}},"type":"if","locations":[{"start":{"line":641,"column":4},"end":{"line":648,"column":5}},{"start":{"line":644,"column":11},"end":{"line":648,"column":5}}],"line":641},"13":{"loc":{"start":{"line":645,"column":6},"end":{"line":645,"column":84}},"type":"if","locations":[{"start":{"line":645,"column":6},"end":{"line":645,"column":84}},{"start":{},"end":{}}],"line":645},"14":{"loc":{"start":{"line":645,"column":54},"end":{"line":645,"column":82}},"type":"binary-expr","locations":[{"start":{"line":645,"column":54},"end":{"line":645,"column":77}},{"start":{"line":645,"column":81},"end":{"line":645,"column":82}}],"line":645},"15":{"loc":{"start":{"line":646,"column":6},"end":{"line":646,"column":56}},"type":"if","locations":[{"start":{"line":646,"column":6},"end":{"line":646,"column":56}},{"start":{},"end":{}}],"line":646},"16":{"loc":{"start":{"line":647,"column":6},"end":{"line":647,"column":69}},"type":"if","locations":[{"start":{"line":647,"column":6},"end":{"line":647,"column":69}},{"start":{},"end":{}}],"line":647},"17":{"loc":{"start":{"line":650,"column":4},"end":{"line":650,"column":45}},"type":"if","locations":[{"start":{"line":650,"column":4},"end":{"line":650,"column":45}},{"start":{},"end":{}}],"line":650},"18":{"loc":{"start":{"line":651,"column":4},"end":{"line":651,"column":44}},"type":"if","locations":[{"start":{"line":651,"column":4},"end":{"line":651,"column":44}},{"start":{},"end":{}}],"line":651},"19":{"loc":{"start":{"line":656,"column":4},"end":{"line":662,"column":5}},"type":"if","locations":[{"start":{"line":656,"column":4},"end":{"line":662,"column":5}},{"start":{},"end":{}}],"line":656},"20":{"loc":{"start":{"line":668,"column":50},"end":{"line":668,"column":81}},"type":"binary-expr","locations":[{"start":{"line":668,"column":50},"end":{"line":668,"column":65}},{"start":{"line":668,"column":69},"end":{"line":668,"column":81}}],"line":668},"21":{"loc":{"start":{"line":669,"column":19},"end":{"line":669,"column":47}},"type":"binary-expr","locations":[{"start":{"line":669,"column":19},"end":{"line":669,"column":35}},{"start":{"line":669,"column":39},"end":{"line":669,"column":47}}],"line":669},"22":{"loc":{"start":{"line":670,"column":4},"end":{"line":670,"column":24}},"type":"if","locations":[{"start":{"line":670,"column":4},"end":{"line":670,"column":24}},{"start":{},"end":{}}],"line":670},"23":{"loc":{"start":{"line":673,"column":22},"end":{"line":673,"column":68}},"type":"cond-expr","locations":[{"start":{"line":673,"column":35},"end":{"line":673,"column":61}},{"start":{"line":673,"column":65},"end":{"line":673,"column":68}}],"line":673},"24":{"loc":{"start":{"line":673,"column":35},"end":{"line":673,"column":61}},"type":"binary-expr","locations":[{"start":{"line":673,"column":35},"end":{"line":673,"column":54}},{"start":{"line":673,"column":58},"end":{"line":673,"column":61}}],"line":673},"25":{"loc":{"start":{"line":683,"column":52},"end":{"line":683,"column":89}},"type":"cond-expr","locations":[{"start":{"line":683,"column":65},"end":{"line":683,"column":83}},{"start":{"line":683,"column":86},"end":{"line":683,"column":89}}],"line":683},"26":{"loc":{"start":{"line":685,"column":6},"end":{"line":685,"column":36}},"type":"cond-expr","locations":[{"start":{"line":685,"column":19},"end":{"line":685,"column":25}},{"start":{"line":685,"column":28},"end":{"line":685,"column":36}}],"line":685},"27":{"loc":{"start":{"line":687,"column":4},"end":{"line":689,"column":5}},"type":"if","locations":[{"start":{"line":687,"column":4},"end":{"line":689,"column":5}},{"start":{},"end":{}}],"line":687},"28":{"loc":{"start":{"line":703,"column":31},"end":{"line":703,"column":51}},"type":"binary-expr","locations":[{"start":{"line":703,"column":31},"end":{"line":703,"column":38}},{"start":{"line":703,"column":42},"end":{"line":703,"column":51}}],"line":703},"29":{"loc":{"start":{"line":709,"column":49},"end":{"line":709,"column":80}},"type":"binary-expr","locations":[{"start":{"line":709,"column":49},"end":{"line":709,"column":64}},{"start":{"line":709,"column":68},"end":{"line":709,"column":80}}],"line":709},"30":{"loc":{"start":{"line":710,"column":4},"end":{"line":710,"column":30}},"type":"if","locations":[{"start":{"line":710,"column":4},"end":{"line":710,"column":30}},{"start":{},"end":{}}],"line":710},"31":{"loc":{"start":{"line":713,"column":6},"end":{"line":713,"column":45}},"type":"if","locations":[{"start":{"line":713,"column":6},"end":{"line":713,"column":45}},{"start":{},"end":{}}],"line":713},"32":{"loc":{"start":{"line":715,"column":6},"end":{"line":756,"column":7}},"type":"switch","locations":[{"start":{"line":716,"column":8},"end":{"line":716,"column":40}},{"start":{"line":717,"column":8},"end":{"line":727,"column":16}},{"start":{"line":729,"column":8},"end":{"line":733,"column":9}},{"start":{"line":735,"column":8},"end":{"line":745,"column":9}},{"start":{"line":747,"column":8},"end":{"line":749,"column":16}},{"start":{"line":751,"column":8},"end":{"line":751,"column":38}},{"start":{"line":752,"column":8},"end":{"line":752,"column":37}},{"start":{"line":753,"column":8},"end":{"line":755,"column":16}}],"line":715},"33":{"loc":{"start":{"line":719,"column":10},"end":{"line":726,"column":11}},"type":"if","locations":[{"start":{"line":719,"column":10},"end":{"line":726,"column":11}},{"start":{},"end":{}}],"line":719},"34":{"loc":{"start":{"line":720,"column":12},"end":{"line":721,"column":71}},"type":"binary-expr","locations":[{"start":{"line":720,"column":12},"end":{"line":720,"column":41}},{"start":{"line":721,"column":12},"end":{"line":721,"column":71}}],"line":720},"35":{"loc":{"start":{"line":730,"column":49},"end":{"line":730,"column":82}},"type":"cond-expr","locations":[{"start":{"line":730,"column":77},"end":{"line":730,"column":78}},{"start":{"line":730,"column":81},"end":{"line":730,"column":82}}],"line":730},"36":{"loc":{"start":{"line":737,"column":10},"end":{"line":743,"column":11}},"type":"if","locations":[{"start":{"line":737,"column":10},"end":{"line":743,"column":11}},{"start":{"line":741,"column":17},"end":{"line":743,"column":11}}],"line":737},"37":{"loc":{"start":{"line":760,"column":73},"end":{"line":760,"column":83}},"type":"default-arg","locations":[{"start":{"line":760,"column":80},"end":{"line":760,"column":83}}],"line":760},"38":{"loc":{"start":{"line":764,"column":4},"end":{"line":766,"column":5}},"type":"if","locations":[{"start":{"line":764,"column":4},"end":{"line":766,"column":5}},{"start":{},"end":{}}],"line":764},"39":{"loc":{"start":{"line":773,"column":6},"end":{"line":773,"column":60}},"type":"if","locations":[{"start":{"line":773,"column":6},"end":{"line":773,"column":60}},{"start":{},"end":{}}],"line":773},"40":{"loc":{"start":{"line":773,"column":10},"end":{"line":773,"column":49}},"type":"binary-expr","locations":[{"start":{"line":773,"column":10},"end":{"line":773,"column":30}},{"start":{"line":773,"column":34},"end":{"line":773,"column":49}}],"line":773},"41":{"loc":{"start":{"line":776,"column":6},"end":{"line":780,"column":7}},"type":"if","locations":[{"start":{"line":776,"column":6},"end":{"line":780,"column":7}},{"start":{},"end":{}}],"line":776},"42":{"loc":{"start":{"line":776,"column":10},"end":{"line":776,"column":93}},"type":"binary-expr","locations":[{"start":{"line":776,"column":10},"end":{"line":776,"column":54}},{"start":{"line":776,"column":58},"end":{"line":776,"column":93}}],"line":776},"43":{"loc":{"start":{"line":783,"column":22},"end":{"line":783,"column":86}},"type":"binary-expr","locations":[{"start":{"line":783,"column":22},"end":{"line":783,"column":78}},{"start":{"line":783,"column":82},"end":{"line":783,"column":86}}],"line":783},"44":{"loc":{"start":{"line":784,"column":6},"end":{"line":788,"column":7}},"type":"if","locations":[{"start":{"line":784,"column":6},"end":{"line":788,"column":7}},{"start":{"line":786,"column":13},"end":{"line":788,"column":7}}],"line":784},"45":{"loc":{"start":{"line":793,"column":23},"end":{"line":793,"column":64}},"type":"cond-expr","locations":[{"start":{"line":793,"column":55},"end":{"line":793,"column":58}},{"start":{"line":793,"column":61},"end":{"line":793,"column":64}}],"line":793},"46":{"loc":{"start":{"line":795,"column":4},"end":{"line":798,"column":5}},"type":"if","locations":[{"start":{"line":795,"column":4},"end":{"line":798,"column":5}},{"start":{},"end":{}}],"line":795},"47":{"loc":{"start":{"line":805,"column":20},"end":{"line":805,"column":61}},"type":"cond-expr","locations":[{"start":{"line":805,"column":52},"end":{"line":805,"column":55}},{"start":{"line":805,"column":58},"end":{"line":805,"column":61}}],"line":805},"48":{"loc":{"start":{"line":808,"column":4},"end":{"line":812,"column":5}},"type":"if","locations":[{"start":{"line":808,"column":4},"end":{"line":812,"column":5}},{"start":{},"end":{}}],"line":808},"49":{"loc":{"start":{"line":814,"column":20},"end":{"line":816,"column":31}},"type":"cond-expr","locations":[{"start":{"line":815,"column":8},"end":{"line":815,"column":60}},{"start":{"line":816,"column":8},"end":{"line":816,"column":31}}],"line":814},"50":{"loc":{"start":{"line":818,"column":52},"end":{"line":818,"column":72}},"type":"binary-expr","locations":[{"start":{"line":818,"column":52},"end":{"line":818,"column":59}},{"start":{"line":818,"column":63},"end":{"line":818,"column":72}}],"line":818},"51":{"loc":{"start":{"line":818,"column":96},"end":{"line":818,"column":129}},"type":"cond-expr","locations":[{"start":{"line":818,"column":110},"end":{"line":818,"column":118}},{"start":{"line":818,"column":121},"end":{"line":818,"column":129}}],"line":818},"52":{"loc":{"start":{"line":820,"column":16},"end":{"line":820,"column":44}},"type":"binary-expr","locations":[{"start":{"line":820,"column":16},"end":{"line":820,"column":39}},{"start":{"line":820,"column":43},"end":{"line":820,"column":44}}],"line":820},"53":{"loc":{"start":{"line":821,"column":4},"end":{"line":858,"column":5}},"type":"switch","locations":[{"start":{"line":822,"column":6},"end":{"line":827,"column":7}},{"start":{"line":828,"column":6},"end":{"line":832,"column":7}},{"start":{"line":833,"column":6},"end":{"line":836,"column":14}},{"start":{"line":837,"column":6},"end":{"line":840,"column":14}},{"start":{"line":841,"column":6},"end":{"line":846,"column":7}},{"start":{"line":847,"column":6},"end":{"line":854,"column":14}},{"start":{"line":855,"column":6},"end":{"line":857,"column":14}}],"line":821},"54":{"loc":{"start":{"line":824,"column":53},"end":{"line":824,"column":99}},"type":"binary-expr","locations":[{"start":{"line":824,"column":53},"end":{"line":824,"column":94}},{"start":{"line":824,"column":98},"end":{"line":824,"column":99}}],"line":824},"55":{"loc":{"start":{"line":829,"column":53},"end":{"line":829,"column":99}},"type":"binary-expr","locations":[{"start":{"line":829,"column":53},"end":{"line":829,"column":94}},{"start":{"line":829,"column":98},"end":{"line":829,"column":99}}],"line":829},"56":{"loc":{"start":{"line":838,"column":53},"end":{"line":838,"column":99}},"type":"binary-expr","locations":[{"start":{"line":838,"column":53},"end":{"line":838,"column":94}},{"start":{"line":838,"column":98},"end":{"line":838,"column":99}}],"line":838},"57":{"loc":{"start":{"line":848,"column":8},"end":{"line":853,"column":9}},"type":"if","locations":[{"start":{"line":848,"column":8},"end":{"line":853,"column":9}},{"start":{"line":850,"column":15},"end":{"line":853,"column":9}}],"line":848},"58":{"loc":{"start":{"line":867,"column":49},"end":{"line":867,"column":98}},"type":"binary-expr","locations":[{"start":{"line":867,"column":49},"end":{"line":867,"column":79}},{"start":{"line":867,"column":83},"end":{"line":867,"column":98}}],"line":867},"59":{"loc":{"start":{"line":868,"column":4},"end":{"line":872,"column":5}},"type":"if","locations":[{"start":{"line":868,"column":4},"end":{"line":872,"column":5}},{"start":{},"end":{}}],"line":868},"60":{"loc":{"start":{"line":868,"column":8},"end":{"line":868,"column":52}},"type":"binary-expr","locations":[{"start":{"line":868,"column":8},"end":{"line":868,"column":33}},{"start":{"line":868,"column":37},"end":{"line":868,"column":52}}],"line":868},"61":{"loc":{"start":{"line":875,"column":11},"end":{"line":875,"column":70}},"type":"binary-expr","locations":[{"start":{"line":875,"column":11},"end":{"line":875,"column":51}},{"start":{"line":875,"column":55},"end":{"line":875,"column":70}}],"line":875},"62":{"loc":{"start":{"line":877,"column":4},"end":{"line":877,"column":37}},"type":"if","locations":[{"start":{"line":877,"column":4},"end":{"line":877,"column":37}},{"start":{},"end":{}}],"line":877},"63":{"loc":{"start":{"line":881,"column":4},"end":{"line":890,"column":5}},"type":"if","locations":[{"start":{"line":881,"column":4},"end":{"line":890,"column":5}},{"start":{"line":883,"column":11},"end":{"line":890,"column":5}}],"line":881},"64":{"loc":{"start":{"line":887,"column":6},"end":{"line":889,"column":7}},"type":"if","locations":[{"start":{"line":887,"column":6},"end":{"line":889,"column":7}},{"start":{},"end":{}}],"line":887},"65":{"loc":{"start":{"line":896,"column":13},"end":{"line":896,"column":61}},"type":"binary-expr","locations":[{"start":{"line":896,"column":13},"end":{"line":896,"column":16}},{"start":{"line":896,"column":20},"end":{"line":896,"column":42}},{"start":{"line":896,"column":46},"end":{"line":896,"column":61}}],"line":896},"66":{"loc":{"start":{"line":899,"column":4},"end":{"line":905,"column":5}},"type":"if","locations":[{"start":{"line":899,"column":4},"end":{"line":905,"column":5}},{"start":{},"end":{}}],"line":899},"67":{"loc":{"start":{"line":903,"column":6},"end":{"line":903,"column":118}},"type":"if","locations":[{"start":{"line":903,"column":6},"end":{"line":903,"column":118}},{"start":{},"end":{}}],"line":903},"68":{"loc":{"start":{"line":907,"column":4},"end":{"line":915,"column":5}},"type":"if","locations":[{"start":{"line":907,"column":4},"end":{"line":915,"column":5}},{"start":{"line":910,"column":11},"end":{"line":915,"column":5}}],"line":907},"69":{"loc":{"start":{"line":914,"column":6},"end":{"line":914,"column":118}},"type":"if","locations":[{"start":{"line":914,"column":6},"end":{"line":914,"column":118}},{"start":{},"end":{}}],"line":914},"70":{"loc":{"start":{"line":920,"column":54},"end":{"line":920,"column":65}},"type":"default-arg","locations":[{"start":{"line":920,"column":64},"end":{"line":920,"column":65}}],"line":920},"71":{"loc":{"start":{"line":923,"column":24},"end":{"line":923,"column":47}},"type":"cond-expr","locations":[{"start":{"line":923,"column":37},"end":{"line":923,"column":41}},{"start":{"line":923,"column":44},"end":{"line":923,"column":47}}],"line":923},"72":{"loc":{"start":{"line":932,"column":50},"end":{"line":932,"column":81}},"type":"binary-expr","locations":[{"start":{"line":932,"column":50},"end":{"line":932,"column":66}},{"start":{"line":932,"column":70},"end":{"line":932,"column":81}}],"line":932},"73":{"loc":{"start":{"line":933,"column":4},"end":{"line":934,"column":72}},"type":"if","locations":[{"start":{"line":933,"column":4},"end":{"line":934,"column":72}},{"start":{"line":934,"column":9},"end":{"line":934,"column":72}}],"line":933},"74":{"loc":{"start":{"line":934,"column":9},"end":{"line":934,"column":72}},"type":"if","locations":[{"start":{"line":934,"column":9},"end":{"line":934,"column":72}},{"start":{},"end":{}}],"line":934},"75":{"loc":{"start":{"line":940,"column":54},"end":{"line":940,"column":116}},"type":"binary-expr","locations":[{"start":{"line":940,"column":54},"end":{"line":940,"column":111}},{"start":{"line":940,"column":115},"end":{"line":940,"column":116}}],"line":940},"76":{"loc":{"start":{"line":942,"column":54},"end":{"line":942,"column":118}},"type":"binary-expr","locations":[{"start":{"line":942,"column":54},"end":{"line":942,"column":113}},{"start":{"line":942,"column":117},"end":{"line":942,"column":118}}],"line":942},"77":{"loc":{"start":{"line":943,"column":54},"end":{"line":943,"column":118}},"type":"binary-expr","locations":[{"start":{"line":943,"column":54},"end":{"line":943,"column":113}},{"start":{"line":943,"column":117},"end":{"line":943,"column":118}}],"line":943},"78":{"loc":{"start":{"line":946,"column":24},"end":{"line":949,"column":27}},"type":"cond-expr","locations":[{"start":{"line":946,"column":52},"end":{"line":946,"column":53}},{"start":{"line":947,"column":24},"end":{"line":949,"column":27}}],"line":946},"79":{"loc":{"start":{"line":947,"column":24},"end":{"line":949,"column":27}},"type":"cond-expr","locations":[{"start":{"line":947,"column":52},"end":{"line":947,"column":54}},{"start":{"line":948,"column":24},"end":{"line":949,"column":27}}],"line":947},"80":{"loc":{"start":{"line":948,"column":24},"end":{"line":949,"column":27}},"type":"cond-expr","locations":[{"start":{"line":948,"column":53},"end":{"line":948,"column":54}},{"start":{"line":949,"column":24},"end":{"line":949,"column":27}}],"line":948},"81":{"loc":{"start":{"line":955,"column":39},"end":{"line":955,"column":85}},"type":"binary-expr","locations":[{"start":{"line":955,"column":39},"end":{"line":955,"column":80}},{"start":{"line":955,"column":84},"end":{"line":955,"column":85}}],"line":955},"82":{"loc":{"start":{"line":956,"column":39},"end":{"line":956,"column":85}},"type":"binary-expr","locations":[{"start":{"line":956,"column":39},"end":{"line":956,"column":80}},{"start":{"line":956,"column":84},"end":{"line":956,"column":85}}],"line":956},"83":{"loc":{"start":{"line":958,"column":40},"end":{"line":958,"column":86}},"type":"binary-expr","locations":[{"start":{"line":958,"column":40},"end":{"line":958,"column":81}},{"start":{"line":958,"column":85},"end":{"line":958,"column":86}}],"line":958},"84":{"loc":{"start":{"line":959,"column":25},"end":{"line":959,"column":99}},"type":"cond-expr","locations":[{"start":{"line":959,"column":94},"end":{"line":959,"column":95}},{"start":{"line":959,"column":98},"end":{"line":959,"column":99}}],"line":959},"85":{"loc":{"start":{"line":959,"column":25},"end":{"line":959,"column":91}},"type":"binary-expr","locations":[{"start":{"line":959,"column":25},"end":{"line":959,"column":46}},{"start":{"line":959,"column":50},"end":{"line":959,"column":91}}],"line":959},"86":{"loc":{"start":{"line":960,"column":25},"end":{"line":960,"column":59}},"type":"cond-expr","locations":[{"start":{"line":960,"column":43},"end":{"line":960,"column":54}},{"start":{"line":960,"column":57},"end":{"line":960,"column":59}}],"line":960},"87":{"loc":{"start":{"line":979,"column":11},"end":{"line":980,"column":43}},"type":"binary-expr","locations":[{"start":{"line":979,"column":11},"end":{"line":979,"column":73}},{"start":{"line":980,"column":11},"end":{"line":980,"column":43}}],"line":979},"88":{"loc":{"start":{"line":979,"column":41},"end":{"line":979,"column":72}},"type":"binary-expr","locations":[{"start":{"line":979,"column":41},"end":{"line":979,"column":57}},{"start":{"line":979,"column":61},"end":{"line":979,"column":72}}],"line":979},"89":{"loc":{"start":{"line":990,"column":4},"end":{"line":990,"column":49}},"type":"default-arg","locations":[{"start":{"line":990,"column":41},"end":{"line":990,"column":49}}],"line":990}},"s":{"0":1,"1":4,"2":6,"3":12,"4":6,"5":0,"6":6,"7":6,"8":6,"9":1,"10":3,"11":3,"12":42,"13":3,"14":3,"15":3,"16":3,"17":3,"18":17,"19":17,"20":17,"21":17,"22":0,"23":17,"24":14,"25":0,"26":14,"27":14,"28":29,"29":17,"30":17,"31":17,"32":17,"33":1,"34":17,"35":17,"36":1,"37":1,"38":14,"39":2,"40":2,"41":12,"42":2,"43":2,"44":10,"45":1,"46":1,"47":9,"48":8,"49":9,"50":1,"51":9,"52":0,"53":10,"54":7,"55":10,"56":6,"57":10,"58":10,"59":10,"60":5,"61":8,"62":8,"63":8,"64":8,"65":0,"66":8,"67":0,"68":8,"69":8,"70":8,"71":8,"72":8,"73":3,"74":1,"75":1,"76":0,"77":0,"78":7,"79":7,"80":7,"81":0,"82":7,"83":1,"84":0,"85":1,"86":1,"87":1,"88":0,"89":0,"90":0,"91":1,"92":0,"93":0,"94":0,"95":0,"96":0,"97":0,"98":0,"99":0,"100":0,"101":0,"102":0,"103":0,"104":0,"105":0,"106":0,"107":1,"108":1,"109":1,"110":1,"111":1,"112":8,"113":8,"114":0,"115":8,"116":0,"117":0,"118":0,"119":8,"120":8,"121":8,"122":0,"123":8,"124":8,"125":8,"126":0,"127":8,"128":0,"129":0,"130":8,"131":8,"132":8,"133":0,"134":0,"135":0,"136":0,"137":0,"138":0,"139":0,"140":0,"141":0,"142":0,"143":0,"144":0,"145":0,"146":0,"147":0,"148":0,"149":0,"150":0,"151":0,"152":0,"153":0,"154":0,"155":0,"156":0,"157":0,"158":0,"159":0,"160":0,"161":0,"162":0,"163":0,"164":0,"165":0,"166":0,"167":2,"168":2,"169":2,"170":2,"171":0,"172":2,"173":0,"174":0,"175":0,"176":2,"177":0,"178":2,"179":0,"180":2,"181":2,"182":1,"183":1,"184":1,"185":1,"186":1,"187":1,"188":2,"189":2,"190":5,"191":2,"192":2,"193":1,"194":1,"195":1,"196":1,"197":1,"198":1,"199":1,"200":1,"201":1,"202":0,"203":0,"204":0,"205":0,"206":0,"207":17,"208":17,"209":17,"210":17,"211":17,"212":17,"213":12,"214":12,"215":12,"216":4,"217":8,"218":1,"219":7,"220":7,"221":7,"222":4,"223":4,"224":7,"225":7,"226":4,"227":4,"228":7,"229":4,"230":4,"231":7,"232":7,"233":7,"234":4,"235":7,"236":10,"237":0,"238":0,"239":10,"240":20,"241":20,"242":26,"243":26,"244":47,"245":47},"f":{"0":4,"1":6,"2":12,"3":6,"4":3,"5":42,"6":17,"7":14,"8":29,"9":17,"10":17,"11":1,"12":17,"13":1,"14":14,"15":8,"16":8,"17":0,"18":1,"19":0,"20":7,"21":7,"22":0,"23":1,"24":8,"25":8,"26":8,"27":0,"28":0,"29":2,"30":2,"31":0,"32":0,"33":2,"34":2,"35":5,"36":17,"37":12,"38":12,"39":7,"40":7,"41":4,"42":4,"43":7,"44":4,"45":4,"46":4,"47":4,"48":4,"49":10,"50":0,"51":0,"52":20,"53":20,"54":26,"55":47},"b":{"0":[12,6],"1":[0,6],"2":[3,0],"3":[0,17],"4":[0,14],"5":[17,16],"6":[17,17],"7":[17,17],"8":[17,17],"9":[0,1],"10":[2,12],"11":[2,10],"12":[1,9],"13":[8,1],"14":[8,0],"15":[1,8],"16":[0,9],"17":[7,3],"18":[6,4],"19":[5,5],"20":[8,8],"21":[8,0],"22":[0,8],"23":[0,8],"24":[0,0],"25":[1,7],"26":[1,7],"27":[3,5],"28":[0,0],"29":[7,7],"30":[0,7],"31":[0,1],"32":[1,1,0,0,0,0,0,0],"33":[0,1],"34":[1,0],"35":[0,0],"36":[0,0],"37":[1],"38":[1,0],"39":[0,8],"40":[8,8],"41":[0,8],"42":[8,0],"43":[8,8],"44":[0,8],"45":[1,7],"46":[0,8],"47":[0,0],"48":[0,0],"49":[0,0],"50":[0,0],"51":[0,0],"52":[0,0],"53":[0,0,0,0,0,0,0],"54":[0,0],"55":[0,0],"56":[0,0],"57":[0,0],"58":[0,0],"59":[0,2],"60":[2,0],"61":[0,0],"62":[0,2],"63":[1,1],"64":[1,0],"65":[2,2,1],"66":[1,1],"67":[1,0],"68":[1,0],"69":[0,0],"70":[8],"71":[1,16],"72":[12,8],"73":[4,8],"74":[1,7],"75":[4,0],"76":[4,0],"77":[4,0],"78":[4,3],"79":[1,2],"80":[1,1],"81":[7,7],"82":[7,7],"83":[7,7],"84":[0,7],"85":[7,4],"86":[0,7],"87":[20,13],"88":[20,13],"89":[0]},"_coverageSchema":"1a1c01bbd47fc00a2c39e90264f33305004495a9","hash":"d6d63bc2dace18983e5e705cf40eb32739dffe53"}
,"D:\\source\\repos\\hundred-days\\src\\engine\\DialogueEngine.ts": {"path":"D:\\source\\repos\\hundred-days\\src\\engine\\DialogueEngine.ts","statementMap":{"0":{"start":{"line":146,"column":67},"end":{"line":146,"column":71}},"1":{"start":{"line":154,"column":4},"end":{"line":154,"column":33}},"2":{"start":{"line":155,"column":4},"end":{"line":155,"column":37}},"3":{"start":{"line":156,"column":4},"end":{"line":156,"column":35}},"4":{"start":{"line":157,"column":4},"end":{"line":163,"column":6}},"5":{"start":{"line":168,"column":4},"end":{"line":168,"column":68}},"6":{"start":{"line":173,"column":4},"end":{"line":173,"column":40}},"7":{"start":{"line":173,"column":33},"end":{"line":173,"column":40}},"8":{"start":{"line":174,"column":19},"end":{"line":174,"column":66}},"9":{"start":{"line":175,"column":4},"end":{"line":175,"column":24}},"10":{"start":{"line":175,"column":17},"end":{"line":175,"column":24}},"11":{"start":{"line":176,"column":19},"end":{"line":176,"column":60}},"12":{"start":{"line":176,"column":42},"end":{"line":176,"column":59}},"13":{"start":{"line":177,"column":4},"end":{"line":177,"column":24}},"14":{"start":{"line":177,"column":17},"end":{"line":177,"column":24}},"15":{"start":{"line":179,"column":4},"end":{"line":179,"column":46}},"16":{"start":{"line":180,"column":4},"end":{"line":180,"column":43}},"17":{"start":{"line":182,"column":4},"end":{"line":184,"column":5}},"18":{"start":{"line":183,"column":6},"end":{"line":183,"column":72}},"19":{"start":{"line":183,"column":43},"end":{"line":183,"column":70}},"20":{"start":{"line":186,"column":4},"end":{"line":190,"column":5}},"21":{"start":{"line":187,"column":6},"end":{"line":187,"column":71}},"22":{"start":{"line":189,"column":6},"end":{"line":189,"column":17}},"23":{"start":{"line":195,"column":17},"end":{"line":195,"column":64}},"24":{"start":{"line":196,"column":4},"end":{"line":196,"column":35}},"25":{"start":{"line":196,"column":28},"end":{"line":196,"column":35}},"26":{"start":{"line":197,"column":4},"end":{"line":201,"column":5}},"27":{"start":{"line":198,"column":6},"end":{"line":198,"column":66}},"28":{"start":{"line":200,"column":6},"end":{"line":200,"column":17}},"29":{"start":{"line":206,"column":4},"end":{"line":206,"column":67}},"30":{"start":{"line":206,"column":31},"end":{"line":206,"column":67}},"31":{"start":{"line":209,"column":34},"end":{"line":209,"column":54}},"32":{"start":{"line":214,"column":17},"end":{"line":214,"column":44}},"33":{"start":{"line":215,"column":4},"end":{"line":215,"column":38}},"34":{"start":{"line":215,"column":17},"end":{"line":215,"column":28}},"35":{"start":{"line":215,"column":29},"end":{"line":215,"column":36}},"36":{"start":{"line":217,"column":4},"end":{"line":217,"column":40}},"37":{"start":{"line":219,"column":27},"end":{"line":221,"column":5}},"38":{"start":{"line":220,"column":11},"end":{"line":220,"column":84}},"39":{"start":{"line":223,"column":4},"end":{"line":223,"column":44}},"40":{"start":{"line":225,"column":4},"end":{"line":231,"column":5}},"41":{"start":{"line":226,"column":20},"end":{"line":226,"column":51}},"42":{"start":{"line":227,"column":6},"end":{"line":230,"column":8}},"43":{"start":{"line":228,"column":14},"end":{"line":228,"column":49}},"44":{"start":{"line":235,"column":4},"end":{"line":235,"column":35}},"45":{"start":{"line":236,"column":4},"end":{"line":236,"column":42}},"46":{"start":{"line":244,"column":19},"end":{"line":244,"column":40}},"47":{"start":{"line":245,"column":19},"end":{"line":245,"column":36}},"48":{"start":{"line":247,"column":4},"end":{"line":247,"column":80}},"49":{"start":{"line":247,"column":67},"end":{"line":247,"column":80}},"50":{"start":{"line":248,"column":4},"end":{"line":248,"column":80}},"51":{"start":{"line":248,"column":67},"end":{"line":248,"column":80}},"52":{"start":{"line":249,"column":4},"end":{"line":249,"column":80}},"53":{"start":{"line":249,"column":67},"end":{"line":249,"column":80}},"54":{"start":{"line":250,"column":4},"end":{"line":250,"column":80}},"55":{"start":{"line":250,"column":67},"end":{"line":250,"column":80}},"56":{"start":{"line":251,"column":4},"end":{"line":251,"column":92}},"57":{"start":{"line":251,"column":79},"end":{"line":251,"column":92}},"58":{"start":{"line":252,"column":4},"end":{"line":252,"column":89}},"59":{"start":{"line":252,"column":76},"end":{"line":252,"column":89}},"60":{"start":{"line":253,"column":4},"end":{"line":253,"column":89}},"61":{"start":{"line":253,"column":76},"end":{"line":253,"column":89}},"62":{"start":{"line":255,"column":4},"end":{"line":257,"column":5}},"63":{"start":{"line":256,"column":6},"end":{"line":256,"column":80}},"64":{"start":{"line":256,"column":33},"end":{"line":256,"column":64}},"65":{"start":{"line":256,"column":67},"end":{"line":256,"column":80}},"66":{"start":{"line":258,"column":4},"end":{"line":260,"column":5}},"67":{"start":{"line":259,"column":6},"end":{"line":259,"column":80}},"68":{"start":{"line":259,"column":32},"end":{"line":259,"column":64}},"69":{"start":{"line":259,"column":67},"end":{"line":259,"column":80}},"70":{"start":{"line":262,"column":4},"end":{"line":262,"column":77}},"71":{"start":{"line":262,"column":64},"end":{"line":262,"column":77}},"72":{"start":{"line":263,"column":4},"end":{"line":263,"column":78}},"73":{"start":{"line":263,"column":65},"end":{"line":263,"column":78}},"74":{"start":{"line":265,"column":4},"end":{"line":265,"column":116}},"75":{"start":{"line":265,"column":103},"end":{"line":265,"column":116}},"76":{"start":{"line":267,"column":4},"end":{"line":267,"column":16}},"77":{"start":{"line":271,"column":16},"end":{"line":271,"column":36}},"78":{"start":{"line":272,"column":4},"end":{"line":272,"column":74}},"79":{"
[...]
9},"end":{"line":396,"column":42}}],"line":396},"49":{"loc":{"start":{"line":416,"column":2},"end":{"line":427,"column":3}},"type":"if","locations":[{"start":{"line":416,"column":2},"end":{"line":427,"column":3}},{"start":{},"end":{}}],"line":416},"50":{"loc":{"start":{"line":422,"column":9},"end":{"line":424,"column":9}},"type":"binary-expr","locations":[{"start":{"line":422,"column":9},"end":{"line":422,"column":14}},{"start":{"line":423,"column":10},"end":{"line":423,"column":133}}],"line":422},"51":{"loc":{"start":{"line":433,"column":7},"end":{"line":435,"column":7}},"type":"binary-expr","locations":[{"start":{"line":433,"column":7},"end":{"line":433,"column":12}},{"start":{"line":434,"column":8},"end":{"line":434,"column":91}}],"line":433},"52":{"loc":{"start":{"line":457,"column":11},"end":{"line":457,"column":70}},"type":"binary-expr","locations":[{"start":{"line":457,"column":11},"end":{"line":457,"column":25}},{"start":{"line":457,"column":29},"end":{"line":457,"column":70}}],"line":457},"53":{"loc":{"start":{"line":465,"column":22},"end":{"line":467,"column":32}},"type":"cond-expr","locations":[{"start":{"line":465,"column":48},"end":{"line":465,"column":60}},{"start":{"line":466,"column":22},"end":{"line":467,"column":32}}],"line":465},"54":{"loc":{"start":{"line":466,"column":22},"end":{"line":467,"column":32}},"type":"cond-expr","locations":[{"start":{"line":466,"column":48},"end":{"line":466,"column":59}},{"start":{"line":467,"column":22},"end":{"line":467,"column":32}}],"line":466},"55":{"loc":{"start":{"line":468,"column":22},"end":{"line":470,"column":31}},"type":"cond-expr","locations":[{"start":{"line":468,"column":48},"end":{"line":468,"column":57}},{"start":{"line":469,"column":22},"end":{"line":470,"column":31}}],"line":468},"56":{"loc":{"start":{"line":469,"column":22},"end":{"line":470,"column":31}},"type":"cond-expr","locations":[{"start":{"line":469,"column":48},"end":{"line":469,"column":57}},{"start":{"line":470,"column":22},"end":{"line":470,"column":31}}],"line":469},"57":{"loc":{"start":{"line":471,"column":22},"end":{"line":471,"column":77}},"type":"cond-expr","locations":[{"start":{"line":471,"column":48},"end":{"line":471,"column":58}},{"start":{"line":471,"column":61},"end":{"line":471,"column":77}}],"line":471},"58":{"loc":{"start":{"line":506,"column":39},"end":{"line":506,"column":52}},"type":"default-arg","locations":[{"start":{"line":506,"column":50},"end":{"line":506,"column":52}}],"line":506},"59":{"loc":{"start":{"line":511,"column":4},"end":{"line":514,"column":5}},"type":"if","locations":[{"start":{"line":511,"column":4},"end":{"line":514,"column":5}},{"start":{},"end":{}}],"line":511},"60":{"loc":{"start":{"line":516,"column":4},"end":{"line":519,"column":5}},"type":"if","locations":[{"start":{"line":516,"column":4},"end":{"line":519,"column":5}},{"start":{},"end":{}}],"line":516},"61":{"loc":{"start":{"line":526,"column":6},"end":{"line":529,"column":7}},"type":"if","locations":[{"start":{"line":526,"column":6},"end":{"line":529,"column":7}},{"start":{},"end":{}}],"line":526},"62":{"loc":{"start":{"line":532,"column":6},"end":{"line":532,"column":66}},"type":"if","locations":[{"start":{"line":532,"column":6},"end":{"line":532,"column":66}},{"start":{},"end":{}}],"line":532},"63":{"loc":{"start":{"line":540,"column":20},"end":{"line":540,"column":80}},"type":"binary-expr","locations":[{"start":{"line":540,"column":20},"end":{"line":540,"column":42}},{"start":{"line":540,"column":46},"end":{"line":540,"column":80}}],"line":540}},"s":{"0":0,"1":0,"2":0,"3":0,"4":0,"5":0,"6":0,"7":0,"8":0,"9":0,"10":0,"11":0,"12":0,"13":0,"14":0,"15":0,"16":0,"17":0,"18":0,"19":0,"20":0,"21":0,"22":0,"23":0,"24":0,"25":0,"26":0,"27":0,"28":0,"29":0,"30":0,"31":0,"32":0,"33":0,"34":0,"35":0,"36":0,"37":0,"38":0,"39":0,"40":0,"41":0,"42":0,"43":0,"44":0,"45":0,"46":0,"47":0,"48":0,"49":0,"50":0,"51":0,"52":0,"53":0,"54":0,"55":0,"56":0,"57":0,"58":0,"59":0,"60":0,"61":0,"62":0,"63":0,"64":0,"65":0,"66":0,"67":0,"68":0,"69":0,"70":0,"71":0,"72":0,"73":0,"74":0,"75":0,"76":0,"77":0,"78":0,"79":0,"80":0,"81":0,"82":0,"83":0,"84":0,"85":0,"86":0,"87":0,"88":0,"89":0,"90":0,"91":0,"92":0,"93":0,"94":0,"95":0,"96":0,"97":0,"98":0,"99":0,"100":0,"101":0,"102":0,"103":0,"104":0,"105":0,"106":0,"107":0,"108":0,"109":0,"110":0,"111":0,"112":0,"113":0,"114":0,"115":0,"116":0,"117":0,"118":0,"119":0,"120":0,"121":0,"122":0,"123":0,"124":0,"125":0,"126":0,"127":0},"f":{"0":0,"1":0,"2":0,"3":0,"4":0,"5":0,"6":0,"7":0,"8":0,"9":0,"10":0,"11":0,"12":0,"13":0,"14":0,"15":0,"16":0,"17":0,"18":0,"19":0,"20":0,"21":0,"22":0,"23":0,"24":0,"25":0,"26":0,"27":0,"28":0,"29":0,"30":0,"31":0,"32":0,"33":0,"34":0,"35":0,"36":0},"b":{"0":[0,0],"1":[0,0],"2":[0,0],"3":[0,0],"4":[0,0],"5":[0,0],"6":[0,0],"7":[0,0],"8":[0,0],"9":[0,0],"10":[0,0],"11":[0,0],"12":[0,0],"13":[0,0],"14":[0,0],"15":[0,0],"16":[0,0],"17":[0,0],"18":[0,0],"19":[0,0],"20":[0,0],"21":[0,0],"22":[0],"23":[0],"24":[0,0],"25":[0,0],"26":[0,0],"27":[0,0],"28":[0,0],"29":[0,0],"30":[0,0],"31":[0,0],"32":[0,0,0],"33":[0,0],"34":[0,0],"35":[0,0],"36":[0,0],"37":[0,0],"38":[0,0],"39":[0,0],"40":[0,0],"41":[0,0],"42":[0,0],"43":[0,0],"44":[0,0],"45":[0,0],"46":[0,0],"47":[0,0],"48":[0],"49":[0,0],"50":[0,0],"51":[0,0],"52":[0,0],"53":[0,0],"54":[0,0],"55":[0,0],"56":[0,0],"57":[0,0],"58":[0],"59":[0,0],"60":[0,0],"61":[0,0],"62":[0,0],"63":[0,0]}}
,"D:\\source\\repos\\hundred-days\\src\\screens\\ShopScreen.tsx": {"path":"D:\\source\\repos\\hundred-days\\src\\screens\\ShopScreen.tsx","statementMap":{"0":{"start":{"line":35,"column":10},"end":{"line":45,"column":1}},"1":{"start":{"line":64,"column":24},"end":{"line":64,"column":55}},"2":{"start":{"line":65,"column":24},"end":{"line":65,"column":57}},"3":{"start":{"line":65,"column":42},"end":{"line":65,"column":56}},"4":{"start":{"line":67,"column":27},"end":{"line":67,"column":50}},"5":{"start":{"line":68,"column":27},"end":{"line":68,"column":80}},"6":{"start":{"line":69,"column":27},"end":{"line":69,"column":70}},"7":{"start":{"line":70,"column":27},"end":{"line":70,"column":99}},"8":{"start":{"line":73,"column":24},"end":{"line":75,"column":85}},"9":{"start":{"line":74,"column":21},"end":{"line":74,"column":71}},"10":{"start":{"line":75,"column":25},"end":{"line":75,"column":84}},"11":{"start":{"line":78,"column":16},"end":{"line":78,"column":34}},"12":{"start":{"line":81,"column":4},"end":{"line":97,"column":5}},"13":{"start":{"line":82,"column":26},"end":{"line":82,"column":69}},"14":{"start":{"line":83,"column":26},"end":{"line":84,"column":59}},"15":{"start":{"line":84,"column":39},"end":{"line":84,"column":58}},"16":{"start":{"line":85,"column":6},"end":{"line":85,"column":55}},"17":{"start":{"line":85,"column":23},"end":{"line":85,"column":45}},"18":{"start":{"line":85,"column":46},"end":{"line":85,"column":53}},"19":{"start":{"line":86,"column":6},"end":{"line":86,"column":70}},"20":{"start":{"line":86,"column":33},"end":{"line":86,"column":60}},"21":{"start":{"line":86,"column":61},"end":{"line":86,"column":68}},"22":{"start":{"line":87,"column":27},"end":{"line":91,"column":7}},"23":{"start":{"line":92,"column":23},"end":{"line":92,"column":64}},"24":{"start":{"line":93,"column":6},"end":{"line":93,"column":24}},"25":{"start":{"line":94,"column":6},"end":{"line":94,"column":35}},"26":{"start":{"line":95,"column":6},"end":{"line":95,"column":85}},"27":{"start":{"line":96,"column":6},"end":{"line":96,"column":13}},"28":{"start":{"line":99,"column":19},"end":{"line":99,"column":62}},"29":{"start":{"line":100,"column":19},"end":{"line":100,"column":83}},"30":{"start":{"line":101,"column":4},"end":{"line":104,"column":5}},"31":{"start":{"line":102,"column":6},"end":{"line":102,"column":45}},"32":{"start":{"line":103,"column":6},"end":{"line":103,"column":13}},"33":{"start":{"line":105,"column":25},"end":{"line":108,"column":5}},"34":{"start":{"line":109,"column":21},"end":{"line":109,"column":62}},"35":{"start":{"line":110,"column":4},"end":{"line":110,"column":22}},"36":{"start":{"line":111,"column":4},"end":{"line":111,"column":33}},"37":{"start":{"line":112,"column":4},"end":{"line":112,"column":72}},"38":{"start":{"line":116,"column":19},"end":{"line":116,"column":62}},"39":{"start":{"line":117,"column":19},"end":{"line":117,"column":40}},"40":{"start":{"line":118,"column":4},"end":{"line":121,"column":5}},"41":{"start":{"line":119,"column":6},"end":{"line":119,"column":46}},"42":{"start":{"line":120,"column":6},"end":{"line":120,"column":13}},"43":{"start":{"line":122,"column":25},"end":{"line":125,"column":5}},"44":{"start":{"line":126,"column":21},"end":{"line":126,"column":62}},"45":{"start":{"line":127,"column":4},"end":{"line":127,"column":22}},"46":{"start":{"line":128,"column":4},"end":{"line":128,"column":33}},"47":{"start":{"line":129,"column":16},"end":{"line":129,"column":34}},"48":{"start":{"line":130,"column":4},"end":{"line":130,"column":72}},"49":{"start":{"line":133,"column":2},"end":{"line":219,"column":4}},"50":{"start":{"line":172,"column":12},"end":{"line":181,"column":31}},"51":{"start":{"line":174,"column":29},"end":{"line":174,"column":38}},"52":{"start":{"line":195,"column":12},"end":{"line":199,"column":14}},"53":{"start":{"line":198,"column":27},"end":{"line":198,"column":49}},"54":{"start":{"line":205,"column":69},"end":{"line":214,"column":11}},"55":{"start":{"line":212,"column":28},"end":{"line":212,"column":60}},"56":{"start":{"line":227,"column":41},"end":{"line":227,"column":45}},"57":{"start":{"line":228,"column":22},"end":{"line":228,"column":48}},"58":{"start":{"line":229,"column":22},"end":{"line":229,"column":50}},"59":{"start":{"line":231,"column":2},"end":{"line":259,"column":4}},"60":{"start":{"line":275,"column":22},"end":{"line":275,"column":44}},"61":{"start":{"line":277,"column":2},"end":{"line":303,"column":4}},"62":{"start":{"line":310,"column":10},"end":{"line":533,"column":2}}},"fnMap":{"0":{"name":"ShopScreen","decl":{"start":{"line":63,"column":16},"end":{"line":63,"column":26}},"loc":{"start":{"line":63,"column":88},"end":{"line":220,"column":1}},"line":63},"1":{"name":"(anonymous_1)","decl":{"start":{"line":65,"column":37},"end":{"line":65,"column":38}},"loc":{"start":{"line":65,"column":42},"end":{"line":65,"column":56}},"line":65},"2":{"name":"(anonymous_2)","decl":{"start":{"line":74,"column":9},"end":{"line":74,"column":10}},"loc":{"start":{"line":74,"column":21},"end":{"line":74,"column":71}},"line":74},"3":{"name":"(anonymous_3)","decl":{"start":{"line":75,"column":12},"end":{"line":75,"column":13}},"loc":{"start":{"line":75,"column":25},"end":{"line":75,"column":84}},"line":75},"4":{"name":"handleBuy","decl":{"start":{"line":77,"column":11},"end":{"line":77,"column":20}},"loc":{"start":{"line":77,"column":37},"end":{"line":113,"column":3}},"line":77},"5":{"name":"(anonymous_5)","decl":{"start":{"line":84,"column":34},"end":{"line":84,"column":35}},"loc":{"start":{"line":84,"column":39},"end":{"line":84,"column":58}},"line":84},"6":{"name":"handleSell","decl":{"start":{"line":115,"column":11},"end":{"line":115,"column":21}},"loc":{"start":{"line":115,"column":38},"end":{"line":131,"column":3}},"line":115},"7":{"name":"(anonymous_7)","decl":{"start":{"line":171,"column":42},"end":{"line":171,"column":43}},"loc":{"start":{"line":172,"column":12},"end":{"line":181,"column":31}},"line":172},"8":{"name":"(anonymous_8)","decl":{"start":{"line":174,"column":23},"end":{"line":174,"column":24}},"loc":{"start":{"line":174,"column":29},"end":{"line":174,"column":38}},"line":174},"9":{"name":"(anonymous_9)","decl":{"start":{"line":194,"column":42},"end":{"line":194,"column":43}},"loc":{"start":{"line":195,"column":12},"end":{"line":199,"column":14}},"line":195},"10":{"name":"(anonymous_10)","decl":{"start":{"line":198,"column":21},"end":{"line":198,"column":22}},"loc":{"start":{"line":198,"column":27},"end":{"line":198,"column":49}},"line":198},"11":{"name":"(anonymous_11)","decl":{"start":{"line":205,"column":47},"end":{"line":205,"column":48}},"loc":{"start":{"line":205,"column":69},"end":{"line":214,"column":11}},"line":205},"12":{"name":"(anonymous_12)","decl":{"start":{"line":212,"column":22},"end":{"line":212,"column":23}},"loc":{"start":{"line":212,"column":28},"end":{"line":212,"column":60}},"line":212},"13":{"name":"BuyRow","decl":{"start":{"line":226,"column":9},"end":{"line":226,"column":15}},"loc":{"start":{"line":226,"column":72},"end":{"line":260,"column":1}},"line":226},"14":{"name":"SellRow","decl":{"start":{"line":266,"column":9},"end":{"line":266,"column":16}},"loc":{"start":{"line":274,"column":3},"end":{"line":304,"column":1}},"line":274}},"branchMap":{"0":{"loc":{"start":{"line":75,"column":25},"end":{"line":75,"column":84}},"type":"binary-expr","locations":[{"start":{"line":75,"column":25},"end":{"line":75,"column":41}},{"start":{"line":75,"column":45},"end":{"line":75,"column":84}}],"line":75},"1":{"loc":{"start":{"line":81,"column":4},"end":{"line":97,"column":5}},"type":"if","locations":[{"start":{"line":81,"column":4},"end":{"line":97,"column":5}},{"start":{},"end":{}}],"line":81},"2":{"loc":{"start":{"line":85,"column":6},"end":{"line":85,"column":55}},"type":"if","locations":[{"start":{"line":85,"column":6},"end":{"line":85,"column":55}},{"start":{},"end":{}}],"line":85},"3":{"loc":{"start":{"line":86,"column":6},"end":{"line":86,"column":70}},"type":"if","locations":[{"start":{"line":86,"column":6},"end":{"line":86,"column":70}},{"start":{},"end":{}}],"line":86},"4":{"loc":{"start":{"line":101,"column":4},"end":{"line":104,"column":5}},"type":"if","locations":[{"start":{"line":101,"column":4},"end":{"line":104,"column":5}},{"start":{},"end":{}}],"line":101},"5":{"loc":{"start":{"line":101,"column":8},"end":{"line":101,"column":44}},"type":"binary-expr","locations":[{"start":{"line":101,"column":8},"end":{"line":101,"column":23}},{"start":{"line":101,"column":27},"end":{"line":101,"column":44}}],"line":101},"6":{"loc":{"start":{"line":102,"column":14},"end":{"line":102,"column":43}},"type":"binary-expr","locations":[{"start":{"line":102,"column":14},"end":{"line":102,"column":27}},{"start":{"line":102,"column":31},"end":{"line":102,"column":43}}],"line":102},"7":{"loc":{"start":{"line":112,"column":22},"end":{"line":112,"column":41}},"type":"binary-expr","locations":[{"start":{"line":112,"column":22},"end":{"line":112,"column":31}},{"start":{"line":112,"column":35},"end":{"line":112,"column":41}}],"line":112},"8":{"loc":{"start":{"line":118,"column":4},"end":{"line":121,"column":5}},"type":"if","locations":[{"start":{"line":118,"column":4},"end":{"line":121,"column":5}},{"start":{},"end":{}}],"line":118},"9":{"loc":{"start":{"line":118,"column":8},"end":{"line":118,"column":44}},"type":"binary-expr","locations":[{"start":{"line":118,"column":8},"end":{"line":118,"column":23}},{"start":{"line":118,"column":27},"end":{"line":118,"column":44}}],"line":118},"10":{"loc":{"start":{"line":119,"column":14},"end":{"line":119,"column":44}},"type":"binary-expr","locations":[{"start":{"line":119,"column":14},"end":{"line":119,"column":27}},{"start":{"line":119,"column":31},"end":{"line":119,"column":44}}],"line":119},"11":{"loc":{"start":{"line":130,"column":20},"end":{"line":130,"column":39}},"type":"binary-expr","locations":[{"start":{"line":130,"column":20},"end":{"line":130,"column":29}},{"start":{"line":130,"column":33},"end":{"line":130,"column":39}}],"line":130},"12":{"loc":{"start":{"line":161,"column":9},"end":{"line":167,"column":9}},"type":"binary-expr","locations":[{"start":{"line":161,"column":9},"end":{"line":161,"column":25}},{"start":{"line":162,"column":10},"end":{"line":166,"column":17}}],"line":161},"13":{"loc":{"start":{"line":175,"column":32},"end":{"line":175,"column":59}},"type":"binary-expr","locations":[{"start":{"line":175,"column":32},"end":{"line":175,"column":41}},{"start":{"line":175,"column":45},"end":{"line":175,"column":59}}],"line":175},"14":{"loc":{"start":{"line":178,"column":42},"end":{"line":178,"column":73}},"type":"binary-expr","locations":[{"start":{"line":178,"column":42},"end":{"line":178,"column":51}},{"start":{"line":178,"column":55},"end":{"line":178,"column":73}}],"line":178},"15":{"loc":{"start":{"line":179,"column":17},"end":{"line":179,"column":45}},"type":"cond-expr","locations":[{"start":{"line":179,"column":31},"end":{"line":179,"column":36}},{"start":{"line":179,"column":39},"end":{"line":179,"column":45}}],"line":179},"16":{"loc":{"start":{"line":191,"column":11},"end":{"line":193,"column":11}},"type":"binary-expr","locations":[{"start":{"line":191,"column":11},"end":{"line":191,"column":24}},{"start":{"line":191,"column":28},"end":{"line":191,"column":50}},{"start":{"line":192,"column":12},"end":{"line":192,"column":80}}],"line":191},"17":{"loc":{"start":{"line":194,"column":11},"end":{"line":200,"column":12}},"type":"binary-expr","locations":[{"start":{"line":194,"column":11},"end":{"line":194,"column":24}},{"start":{"line":194,"column":28},"end":{"line":200,"column":12}}],"line":194},"18":{"loc":{"start":{"line":202,"column":11},"end":{"line":204,"column":11}},"type":"binary-expr","locations":[{"start":{"line":202,"column":11},"end":{"line":202,"column":25}},{"start":{"line":202,"column":29},"end":{"line":202,"column":55}},{"start":{"line":203,"column":12},"end":{"line":203,"column":72}}],"line":202},"19":{"loc":{"start":{"line":205,"column":11},"end":{"line":214,"column":12}},"type":"binary-expr","locations":[{"start":{"line":205,"column":11},"end":{"line":205,"column":25}},{"start":{"line":205,"column":29},"end":{"line":214,"column":12}}],"line":205},"20":{"loc":{"start":{"line":205,"column":69},"end":{"line":214,"column":11}},"type":"binary-expr","locations":[{"start":{"line":205,"column":69},"end":{"line":205,"column":72}},{"start":{"line":206,"column":12},"end":{"line":213,"column":14}}],"line":205},"21":{"loc":{"start":{"line":210,"column":37},"end":{"line":210,"column":55}},"type":"binary-expr","locations":[{"start":{"line":210,"column":37},"end":{"line":210,"column":50}},{"start":{"line":210,"column":54},"end":{"line":210,"column":55}}],"line":210},"22":{"loc":{"start":{"line":248,"column":43},"end":{"line":248,"column":76}},"type":"binary-expr","locations":[{"start":{"line":248,"column":43},"end":{"line":248,"column":53}},{"start":{"line":248,"column":57},"end":{"line":248,"column":76}}],"line":248},"23":{"loc":{"start":{"line":252,"column":43},"end":{"line":252,"column":80}},"type":"binary-expr","locations":[{"start":{"line":252,"column":43},"end":{"line":252,"column":53}},{"start":{"line":252,"column":57},"end":{"line":252,"column":80}}],"line":252},"24":{"loc":{"start":{"line":253,"column":15},"end":{"line":253,"column":44}},"type":"cond-expr","locations":[{"start":{"line":253,"column":27},"end":{"line":253,"column":32}},{"start":{"line":253,"column":35},"end":{"line":253,"column":44}}],"line":253},"25":{"loc":{"start":{"line":283,"column":11},"end":{"line":285,"column":11}},"type":"binary-expr","locations":[{"start":{"line":283,"column":11},"end":{"line":283,"column":23}},{"start":{"line":284,"column":12},"end":{"line":284,"column":55}}],"line":283}},"s":{"0":0,"1":0,"2":0,"3":0,"4":0,"5":0,"6":0,"7":0,"8":0,"9":0,"10":0,"11":0,"12":0,"13":0,"14":0,"15":0,"16":0,"17":0,"18":0,"19":0,"20":0,"21":0,"22":0,"23":0,"24":0,"25":0,"26":0,"27":0,"28":0,"29":0,"30":0,"31":0,"32":0,"33":0,"34":0,"35":0,"36":0,"37":0,"38":0,"39":0,"40":0,"41":0,"42":0,"43":0,"44":0,"45":0,"46":0,"47":0,"48":0,"49":0,"50":0,"51":0,"52":0,"53":0,"54":0,"55":0,"56":0,"57":0,"58":0,"59":0,"60":0,"61":0,"62":0},"f":{"0":0,"1":0,"2":0,"3":0,"4":0,"5":0,"6":0,"7":0,"8":0,"9":0,"10":0,"11":0,"12":0,"13":0,"14":0},"b":{"0":[0,0],"1":[0,0],"2":[0,0],"3":[0,0],"4":[0,0],"5":[0,0],"6":[0,0],"7":[0,0],"8":[0,0],"9":[0,0],"10":[0,0],"11":[0,0],"12":[0,0],"13":[0,0],"14":[0,0],"15":[0,0],"16":[0,0,0],"17":[0,0],"18":[0,0,0],"19":[0,0],"20":[0,0],"21":[0,0],"22":[0,0],"23":[0,0],"24":[0,0],"25":[0,0]}}
}
