TN:
SF:src\components\DreadBanner.tsx
FN:4,DreadBanner
FNF:1
FNH:1
FNDA:3,DreadBanner
DA:5,3
DA:6,2
LF:2
LH:2
BRDA:5,0,0,1
BRDA:5,0,1,2
BRF:2
BRH:2
end_of_record
TN:
SF:src\components\JournalModal.tsx
FN:11,JournalModal
FN:51,(anonymous_1)
FN:61,JournalEntry
FN:70,delta
FN:81,(anonymous_4)
FN:107,(anonymous_5)
FNF:6
FNH:6
FNDA:10,JournalModal
FNDA:11,(anonymous_1)
FNDA:11,JournalEntry
FNDA:8,delta
FNDA:38,(anonymous_4)
FNDA:1,(anonymous_5)
DA:12,10
DA:14,10
DA:52,11
DA:62,11
DA:63,11
DA:64,2
DA:65,2
DA:66,2
DA:67,2
DA:71,8
DA:72,2
DA:73,2
DA:74,2
DA:81,38
DA:83,11
DA:107,1
LF:16
LH:16
BRDA:39,0,0,3
BRDA:39,0,1,7
BRDA:64,1,0,2
BRDA:64,1,1,0
BRDA:65,2,0,2
BRDA:65,2,1,2
BRDA:66,3,0,2
BRDA:66,3,1,2
BRDA:67,4,0,2
BRDA:67,4,1,2
BRDA:71,5,0,6
BRDA:71,5,1,2
BRDA:73,6,0,1
BRDA:73,6,1,1
BRDA:76,7,0,1
BRDA:76,7,1,1
BRDA:94,8,0,11
BRDA:94,8,1,0
BRDA:95,9,0,0
BRDA:95,9,1,11
BRDA:99,10,0,11
BRDA:99,10,1,0
BRDA:105,11,0,11
BRDA:105,11,1,1
BRDA:111,12,0,11
BRDA:111,12,1,2
BRF:26
BRH:22
end_of_record
TN:
SF:src\components\JourneyBar.tsx
FN:5,JourneyBar
FNF:1
FNH:1
FNDA:5,JourneyBar
DA:6,5
DA:7,5
DA:8,5
DA:10,5
LF:4
LH:4
BRDA:5,0,0,3
BRDA:7,1,0,1
BRDA:7,1,1,4
BRDA:8,2,0,1
BRDA:8,2,1,4
BRF:5
BRH:5
end_of_record
TN:
SF:src\components\LevelUpModal.tsx
FN:12,LevelUpModal
FN:51,(anonymous_1)
FN:54,(anonymous_2)
FNF:3
FNH:3
FNDA:6,LevelUpModal
FNDA:12,(anonymous_1)
FNDA:2,(anonymous_2)
DA:13,6
DA:52,12
DA:54,2
LF:3
LH:3
BRF:0
BRH:0
end_of_record
TN:
SF:src\components\SettingsModal.tsx
FN:13,SettingsModal
FN:17,(anonymous_1)
FN:25,(anonymous_2)
FN:70,(anonymous_3)
FN:75,(anonymous_4)
FN:83,(anonymous_5)
FN:97,(anonymous_6)
FN:102,(anonymous_7)
FN:108,(anonymous_8)
FN:111,(anonymous_9)
FN:132,(anonymous_10)
FN:150,(anonymous_11)
FN:159,(anonymous_12)
FN:178,SettingsSection
FN:191,SettingsRow
FN:202,ToggleRow
FNF:16
FNH:0
FNDA:0,SettingsModal
FNDA:0,(anonymous_1)
FNDA:0,(anonymous_2)
FNDA:0,(anonymous_3)
FNDA:0,(anonymous_4)
FNDA:0,(anonymous_5)
FNDA:0,(anonymous_6)
FNDA:0,(anonymous_7)
FNDA:0,(anonymous_8)
FNDA:0,(anonymous_9)
FNDA:0,(anonymous_10)
FNDA:0,(anonymous_11)
FNDA:0,(anonymous_12)
FNDA:0,SettingsSection
FNDA:0,SettingsRow
FNDA:0,ToggleRow
DA:14,0
DA:15,0
DA:17,0
DA:18,0
DA:19,0
DA:21,0
DA:25,0
DA:26,0
DA:28,0
DA:29,0
DA:30,0
DA:31,0
DA:34,0
DA:36,0
DA:70,0
DA:75,0
DA:83,0
DA:97,0
DA:102,0
DA:109,0
DA:111,0
DA:132,0
DA:150,0
DA:159,0
DA:179,0
DA:192,0
DA:203,0
DA:218,0
LF:28
LH:0
BRDA:18,0,0,0
BRDA:18,0,1,0
BRDA:26,1,0,0
BRDA:26,1,1,0
BRDA:34,2,0,0
BRDA:34,2,1,0
BRDA:115,3,0,0
BRDA:115,3,1,0
BRDA:120,4,0,0
BRDA:120,4,1,0
BRDA:130,5,0,0
BRDA:130,5,1,0
BRDA:212,6,0,0
BRDA:212,6,1,0
BRF:14
BRH:0
end_of_record
TN:
SF:src\components\StatusBar.tsx
FN:7,StatusBar
FN:38,StatusPill
FNF:2
FNH:2
FNDA:8,StatusBar
FNDA:40,StatusPill
DA:8,8
DA:9,8
DA:11,8
DA:12,8
DA:14,8
DA:39,40
LF:6
LH:6
BRDA:12,0,0,1
BRDA:12,0,1,7
BRDA:30,1,0,1
BRDA:30,1,1,7
BRDA:30,2,0,1
BRDA:30,2,1,6
BRDA:38,3,0,32
BRDA:45,4,0,40
BRDA:45,4,1,38
BRDA:48,5,0,40
BRDA:48,5,1,16
BRF:11
BRH:11
end_of_record
TN:
SF:src\components\Toast.tsx
FN:4,Toast
FNF:1
FNH:1
FNDA:3,Toast
DA:5,3
DA:6,2
LF:2
LH:2
BRDA:5,0,0,1
BRDA:5,0,1,2
BRF:2
BRH:2
end_of_record
TN:
SF:src\components\index.tsx
FNF:0
FNH:0
LF:0
LH:0
BRF:0
BRH:0
end_of_record
TN:
SF:src\engine\CombatEngine.ts
FN:476,buildEnemiesForLocation
FN:482,(anonymous_1)
FN:484,(anonymous_2)
FN:505,(anonymous_3)
FN:519,buildBossEnemy
FN:521,(anonymous_5)
FN:554,(anonymous_6)
FN:572,(anonymous_7)
FN:578,(anonymous_8)
FN:582,(anonymous_9)
FN:583,(anonymous_10)
FN:592,(anonymous_11)
FN:602,(anonymous_12)
FN:616,(anonymous_13)
FN:635,(anonymous_14)
FN:667,(anonymous_15)
FN:668,(anonymous_16)
FN:672,(anonymous_17)
FN:692,(anonymous_18)
FN:699,(anonymous_19)
FN:708,(anonymous_20)
FN:709,(anonymous_21)
FN:730,(anonymous_22)
FN:760,(anonymous_23)
FN:771,(anonymous_24)
FN:783,(anonymous_25)
FN:792,(anonymous_26)
FN:794,(anonymous_27)
FN:804,(anonymous_28)
FN:863,(anonymous_29)
FN:864,(anonymous_30)
FN:867,(anonymous_31)
FN:875,(anonymous_32)
FN:893,(anonymous_33)
FN:894,(anonymous_34)
FN:895,(anonymous_35)
FN:920,(anonymous_36)
FN:931,(anonymous_37)
FN:932,(anonymous_38)
FN:937,(anonymous_39)
FN:938,(anonymous_40)
FN:940,(anonymous_41)
FN:940,(anonymous_42)
FN:941,(anonymous_43)
FN:942,(anonymous_44)
FN:942,(anonymous_45)
FN:943,(anonymous_46)
FN:943,(anonymous_47)
FN:959,(anonymous_48)
FN:969,(anonymous_49)
FN:971,(anonymous_50)
FN:972,(anonymous_51)
FN:978,(anonymous_52)
FN:979,(anonymous_53)
FN:983,(anonymous_54)
FN:996,(anonymous_55)
FNF:56
FNH:47
FNDA:4,buildEnemiesForLocation
FNDA:6,(anonymous_1)
FNDA:12,(anonymous_2)
FNDA:6,(anonymous_3)
FNDA:3,buildBossEnemy
FNDA:42,(anonymous_5)
FNDA:17,(anonymous_6)
FNDA:14,(anonymous_7)
FNDA:29,(anonymous_8)
FNDA:17,(anonymous_9)
FNDA:17,(anonymous_10)
FNDA:1,(anonymous_11)
FNDA:17,(anonymous_12)
FNDA:1,(anonymous_13)
FNDA:14,(anonymous_14)
FNDA:8,(anonymous_15)
FNDA:8,(anonymous_16)
FNDA:0,(anonymous_17)
FNDA:1,(anonymous_18)
FNDA:0,(anonymous_19)
FNDA:7,(anonymous_20)
FNDA:7,(anonymous_21)
FNDA:0,(anonymous_22)
FNDA:1,(anonymous_23)
FNDA:8,(anonymous_24)
FNDA:8,(anonymous_25)
FNDA:8,(anonymous_26)
FNDA:0,(anonymous_27)
FNDA:0,(anonymous_28)
FNDA:2,(anonymous_29)
FNDA:2,(anonymous_30)
FNDA:0,(anonymous_31)
FNDA:0,(anonymous_32)
FNDA:2,(anonymous_33)
FNDA:2,(anonymous_34)
FNDA:5,(anonymous_35)
FNDA:17,(anonymous_36)
FNDA:12,(anonymous_37)
FNDA:12,(anonymous_38)
FNDA:7,(anonymous_39)
FNDA:7,(anonymous_40)
FNDA:4,(anonymous_41)
FNDA:4,(anonymous_42)
FNDA:7,(anonymous_43)
FNDA:4,(anonymous_44)
FNDA:4,(anonymous_45)
FNDA:4,(anonymous_46)
FNDA:4,(anonymous_47)
FNDA:4,(anonymous_48)
FNDA:10,(anonymous_49)
FNDA:0,(anonymous_50)
FNDA:0,(anonymous_51)
FNDA:20,(anonymous_52)
FNDA:20,(anonymous_53)
FNDA:26,(anonymous_54)
FNDA:47,(anonymous_55)
DA:154,1
DA:480,4
DA:483,6
DA:484,12
DA:487,6
DA:489,6
DA:490,6
DA:505,6
DA:512,1
DA:520,3
DA:521,42
DA:522,3
DA:525,3
DA:526,3
DA:527,3
DA:529,3
DA:559,17
DA:560,17
DA:561,17
DA:563,17
DA:564,0
DA:566,17
DA:573,14
DA:574,14
DA:575,14
DA:578,29
DA:583,17
DA:584,17
DA:586,17
DA:592,1
DA:603,17
DA:604,17
DA:617,1
DA:618,1
DA:637,14
DA:638,12
DA:641,10
DA:642,1
DA:643,1
DA:645,9
DA:646,9
DA:647,9
DA:650,10
DA:651,10
DA:653,10
DA:654,10
DA:656,10
DA:657,5
DA:668,8
DA:669,8
DA:670,8
DA:672,8
DA:673,8
DA:674,8
DA:680,8
DA:681,8
DA:687,8
DA:688,3
DA:693,1
DA:696,1
DA:702,0
DA:703,0
DA:709,7
DA:710,7
DA:712,7
DA:713,1
DA:715,1
DA:718,1
DA:719,1
DA:723,0
DA:724,0
DA:725,0
DA:727,1
DA:730,0
DA:731,0
DA:732,0
DA:736,0
DA:737,0
DA:738,0
DA:739,0
DA:740,0
DA:742,0
DA:744,0
DA:748,0
DA:749,0
DA:754,0
DA:755,0
DA:761,1
DA:762,1
DA:763,1
DA:764,1
DA:765,1
DA:772,8
DA:773,8
DA:776,8
DA:777,0
DA:778,0
DA:779,0
DA:783,8
DA:784,8
DA:785,0
DA:787,8
DA:793,8
DA:794,8
DA:795,8
DA:796,0
DA:797,0
DA:799,8
DA:800,8
DA:801,8
DA:805,0
DA:806,0
DA:808,0
DA:809,0
DA:810,0
DA:811,0
DA:814,0
DA:818,0
DA:820,0
DA:821,0
DA:823,0
DA:824,0
DA:825,0
DA:826,0
DA:829,0
DA:830,0
DA:831,0
DA:834,0
DA:835,0
DA:836,0
DA:838,0
DA:839,0
DA:840,0
DA:842,0
DA:843,0
DA:844,0
DA:845,0
DA:848,0
DA:849,0
DA:851,0
DA:852,0
DA:854,0
DA:856,0
DA:857,0
DA:864,2
DA:865,2
DA:867,2
DA:868,2
DA:869,0
DA:870,0
DA:871,0
DA:874,2
DA:875,0
DA:877,2
DA:879,2
DA:881,2
DA:882,1
DA:884,1
DA:885,1
DA:886,1
DA:887,1
DA:888,1
DA:894,2
DA:895,5
DA:896,2
DA:899,2
DA:900,1
DA:901,1
DA:902,1
DA:903,1
DA:904,1
DA:907,1
DA:908,1
DA:909,1
DA:911,0
DA:912,0
DA:913,0
DA:914,0
DA:921,17
DA:922,17
DA:923,17
DA:924,17
DA:925,17
DA:926,17
DA:932,12
DA:933,12
DA:934,8
DA:938,7
DA:940,7
DA:941,7
DA:942,7
DA:943,7
DA:944,7
DA:946,7
DA:951,7
DA:959,4
DA:964,7
DA:970,10
DA:971,0
DA:972,0
DA:973,10
DA:979,20
DA:992,26
DA:993,26
DA:997,47
DA:998,47
LF:206
LH:136
BRDA:484,0,0,12
BRDA:484,0,1,6
BRDA:487,1,0,0
BRDA:487,1,1,6
BRDA:520,2,0,3
BRDA:520,2,1,0
BRDA:563,3,0,0
BRDA:563,3,1,17
BRDA:573,4,0,0
BRDA:573,4,1,14
BRDA:607,5,0,17
BRDA:607,5,1,16
BRDA:608,6,0,17
BRDA:608,6,1,17
BRDA:609,7,0,17
BRDA:609,7,1,17
BRDA:612,8,0,17
BRDA:612,8,1,17
BRDA:624,9,0,0
BRDA:624,9,1,1
BRDA:637,10,0,2
BRDA:637,10,1,12
BRDA:638,11,0,2
BRDA:638,11,1,10
BRDA:641,12,0,1
BRDA:641,12,1,9
BRDA:645,13,0,8
BRDA:645,13,1,1
BRDA:645,14,0,8
BRDA:645,14,1,0
BRDA:646,15,0,1
BRDA:646,15,1,8
BRDA:647,16,0,0
BRDA:647,16,1,9
BRDA:650,17,0,7
BRDA:650,17,1,3
BRDA:651,18,0,6
BRDA:651,18,1,4
BRDA:656,19,0,5
BRDA:656,19,1,5
BRDA:668,20,0,8
BRDA:668,20,1,8
BRDA:669,21,0,8
BRDA:669,21,1,0
BRDA:670,22,0,0
BRDA:670,22,1,8
BRDA:673,23,0,0
BRDA:673,23,1,8
BRDA:673,24,0,0
BRDA:673,24,1,0
BRDA:683,25,0,1
BRDA:683,25,1,7
BRDA:685,26,0,1
BRDA:685,26,1,7
BRDA:687,27,0,3
BRDA:687,27,1,5
BRDA:703,28,0,0
BRDA:703,28,1,0
BRDA:709,29,0,7
BRDA:709,29,1,7
BRDA:710,30,0,0
BRDA:710,30,1,7
BRDA:713,31,0,0
BRDA:713,31,1,1
BRDA:715,32,0,1
BRDA:715,32,1,1
BRDA:715,32,2,0
BRDA:715,32,3,0
BRDA:715,32,4,0
BRDA:715,32,5,0
BRDA:715,32,6,0
BRDA:715,32,7,0
BRDA:719,33,0,0
BRDA:719,33,1,1
BRDA:720,34,0,1
BRDA:720,34,1,0
BRDA:730,35,0,0
BRDA:730,35,1,0
BRDA:737,36,0,0
BRDA:737,36,1,0
BRDA:760,37,0,1
BRDA:764,38,0,1
BRDA:764,38,1,0
BRDA:773,39,0,0
BRDA:773,39,1,8
BRDA:773,40,0,8
BRDA:773,40,1,8
BRDA:776,41,0,0
BRDA:776,41,1,8
BRDA:776,42,0,8
BRDA:776,42,1,0
BRDA:783,43,0,8
BRDA:783,43,1,8
BRDA:784,44,0,0
BRDA:784,44,1,8
BRDA:793,45,0,1
BRDA:793,45,1,7
BRDA:795,46,0,0
BRDA:795,46,1,8
BRDA:805,47,0,0
BRDA:805,47,1,0
BRDA:808,48,0,0
BRDA:808,48,1,0
BRDA:814,49,0,0
BRDA:814,49,1,0
BRDA:818,50,0,0
BRDA:818,50,1,0
BRDA:818,51,0,0
BRDA:818,51,1,0
BRDA:820,52,0,0
BRDA:820,52,1,0
BRDA:821,53,0,0
BRDA:821,53,1,0
BRDA:821,53,2,0
BRDA:821,53,3,0
BRDA:821,53,4,0
BRDA:821,53,5,0
BRDA:821,53,6,0
BRDA:824,54,0,0
BRDA:824,54,1,0
BRDA:829,55,0,0
BRDA:829,55,1,0
BRDA:838,56,0,0
BRDA:838,56,1,0
BRDA:848,57,0,0
BRDA:848,57,1,0
BRDA:867,58,0,0
BRDA:867,58,1,0
BRDA:868,59,0,0
BRDA:868,59,1,2
BRDA:868,60,0,2
BRDA:868,60,1,0
BRDA:875,61,0,0
BRDA:875,61,1,0
BRDA:877,62,0,0
BRDA:877,62,1,2
BRDA:881,63,0,1
BRDA:881,63,1,1
BRDA:887,64,0,1
BRDA:887,64,1,0
BRDA:896,65,0,2
BRDA:896,65,1,2
BRDA:896,65,2,1
BRDA:899,66,0,1
BRDA:899,66,1,1
BRDA:903,67,0,1
BRDA:903,67,1,0
BRDA:907,68,0,1
BRDA:907,68,1,0
BRDA:914,69,0,0
BRDA:914,69,1,0
BRDA:920,70,0,8
BRDA:923,71,0,1
BRDA:923,71,1,16
BRDA:932,72,0,12
BRDA:932,72,1,8
BRDA:933,73,0,4
BRDA:933,73,1,8
BRDA:934,74,0,1
BRDA:934,74,1,7
BRDA:940,75,0,4
BRDA:940,75,1,0
BRDA:942,76,0,4
BRDA:942,76,1,0
BRDA:943,77,0,4
BRDA:943,77,1,0
BRDA:946,78,0,4
BRDA:946,78,1,3
BRDA:947,79,0,1
BRDA:947,79,1,2
BRDA:948,80,0,1
BRDA:948,80,1,1
BRDA:955,81,0,7
BRDA:955,81,1,7
BRDA:956,82,0,7
BRDA:956,82,1,7
BRDA:958,83,0,7
BRDA:958,83,1,7
BRDA:959,84,0,0
BRDA:959,84,1,7
BRDA:959,85,0,7
BRDA:959,85,1,4
BRDA:960,86,0,0
BRDA:960,86,1,7
BRDA:979,87,0,20
BRDA:979,87,1,13
BRDA:979,88,0,20
BRDA:979,88,1,13
BRDA:990,89,0,0
BRF:189
BRH:110
end_of_record
TN:
SF:src\engine\DialogueEngine.ts
FN:148,(anonymous_0)
FN:167,(anonymous_1)
FN:172,(anonymous_2)
FN:176,(anonymous_3)
FN:183,(anonymous_4)
FN:194,(anonymous_5)
FN:205,(anonymous_6)
FN:209,(anonymous_7)
FN:213,(anonymous_8)
FN:220,(anonymous_9)
FN:228,(anonymous_10)
FN:234,(anonymous_11)
FN:239,(anonymous_12)
FN:256,(anonymous_13)
FN:259,(anonymous_14)
FN:270,(anonymous_15)
FN:284,emptyOutcome
FN:838,getDialogue
FN:839,(anonymous_18)
FN:842,findDialogueForLocation
FN:858,(anonymous_20)
FNF:21
FNH:18
FNDA:19,(anonymous_0)
FNDA:19,(anonymous_1)
FNDA:6,(anonymous_2)
FNDA:6,(anonymous_3)
FNDA:1,(anonymous_4)
FNDA:1,(anonymous_5)
FNDA:1,(anonymous_6)
FNDA:4,(anonymous_7)
FNDA:20,(anonymous_8)
FNDA:30,(anonymous_9)
FNDA:1,(anonymous_10)
FNDA:6,(anonymous_11)
FNDA:8,(anonymous_12)
FNDA:0,(anonymous_13)
FNDA:1,(anonymous_14)
FNDA:6,(anonymous_15)
FNDA:19,emptyOutcome
FNDA:0,getDialogue
FNDA:0,(anonymous_18)
FNDA:4,findDialogueForLocation
FNDA:1,(anonymous_20)
DA:146,19
DA:154,19
DA:155,19
DA:156,19
DA:157,19
DA:168,19
DA:173,6
DA:174,6
DA:175,6
DA:176,6
DA:177,6
DA:179,6
DA:180,6
DA:182,6
DA:183,1
DA:186,6
DA:187,1
DA:189,5
DA:195,1
DA:196,1
DA:197,1
DA:198,0
DA:200,1
DA:206,1
DA:209,4
DA:214,20
DA:215,20
DA:217,20
DA:219,20
DA:220,30
DA:223,20
DA:225,20
DA:226,2
DA:227,2
DA:228,1
DA:235,6
DA:236,6
DA:244,8
DA:245,8
DA:247,8
DA:248,7
DA:249,6
DA:250,6
DA:251,6
DA:252,6
DA:253,5
DA:255,5
DA:256,1
DA:258,4
DA:259,1
DA:262,3
DA:263,2
DA:265,1
DA:267,1
DA:271,6
DA:272,6
DA:273,6
DA:274,6
DA:275,6
DA:276,6
DA:277,6
DA:278,6
DA:279,6
DA:280,6
DA:285,19
DA:301,2
DA:839,0
DA:846,4
DA:847,19
DA:848,13
DA:849,13
DA:850,4
DA:851,3
DA:852,3
DA:855,3
DA:856,2
DA:857,2
DA:858,2
DA:859,1
DA:861,3
LF:80
LH:78
BRDA:173,0,0,0
BRDA:173,0,1,6
BRDA:175,1,0,0
BRDA:175,1,1,6
BRDA:177,2,0,0
BRDA:177,2,1,6
BRDA:182,3,0,1
BRDA:182,3,1,5
BRDA:186,4,0,1
BRDA:186,4,1,5
BRDA:196,5,0,0
BRDA:196,5,1,1
BRDA:197,6,0,0
BRDA:197,6,1,1
BRDA:206,7,0,1
BRDA:206,7,1,0
BRDA:215,8,0,0
BRDA:215,8,1,20
BRDA:220,9,0,30
BRDA:220,9,1,8
BRDA:225,10,0,2
BRDA:225,10,1,18
BRDA:226,11,0,2
BRDA:226,11,1,1
BRDA:247,12,0,1
BRDA:247,12,1,7
BRDA:247,13,0,8
BRDA:247,13,1,1
BRDA:248,14,0,1
BRDA:248,14,1,6
BRDA:248,15,0,7
BRDA:248,15,1,1
BRDA:249,16,0,0
BRDA:249,16,1,6
BRDA:249,17,0,6
BRDA:249,17,1,0
BRDA:250,18,0,0
BRDA:250,18,1,6
BRDA:250,19,0,6
BRDA:250,19,1,0
BRDA:251,20,0,0
BRDA:251,20,1,6
BRDA:251,21,0,6
BRDA:251,21,1,0
BRDA:252,22,0,1
BRDA:252,22,1,5
BRDA:252,23,0,6
BRDA:252,23,1,1
BRDA:253,24,0,0
BRDA:253,24,1,5
BRDA:253,25,0,5
BRDA:253,25,1,0
BRDA:255,26,0,1
BRDA:255,26,1,4
BRDA:256,27,0,1
BRDA:256,27,1,0
BRDA:258,28,0,1
BRDA:258,28,1,3
BRDA:259,29,0,1
BRDA:259,29,1,0
BRDA:262,30,0,1
BRDA:262,30,1,2
BRDA:262,31,0,3
BRDA:262,31,1,2
BRDA:263,32,0,1
BRDA:263,32,1,1
BRDA:263,33,0,2
BRDA:263,33,1,1
BRDA:265,34,0,0
BRDA:265,34,1,1
BRDA:265,35,0,1
BRDA:265,35,1,0
BRDA:272,36,0,2
BRDA:272,36,1,4
BRDA:273,37,0,2
BRDA:273,37,1,4
BRDA:274,38,0,0
BRDA:274,38,1,6
BRDA:275,39,0,1
BRDA:275,39,1,5
BRDA:276,40,0,1
BRDA:276,40,1,5
BRDA:277,41,0,0
BRDA:277,41,1,6
BRDA:278,42,0,1
BRDA:278,42,1,5
BRDA:279,43,0,0
BRDA:279,43,1,6
BRDA:280,44,0,1
BRDA:280,44,1,5
BRDA:284,45,0,0
BRDA:847,46,0,6
BRDA:847,46,1,13
BRDA:849,47,0,9
BRDA:849,47,1,4
BRDA:849,48,0,13
BRDA:849,48,1,9
BRDA:850,49,0,1
BRDA:850,49,1,3
BRDA:850,50,0,4
BRDA:850,50,1,4
BRDA:851,51,0,0
BRDA:851,51,1,3
BRDA:851,52,0,3
BRDA:851,52,1,0
BRDA:852,53,0,0
BRDA:852,53,1,3
BRDA:852,54,0,3
BRDA:852,54,1,0
BRDA:855,55,0,1
BRDA:855,55,1,2
BRDA:855,56,0,3
BRDA:855,56,1,3
BRDA:856,57,0,0
BRDA:856,57,1,2
BRDA:856,58,0,2
BRDA:856,58,1,0
BRDA:857,59,0,0
BRDA:857,59,1,2
BRDA:857,60,0,2
BRDA:857,60,1,0
BRDA:858,61,0,1
BRDA:858,61,1,1
BRDA:858,62,0,2
BRDA:858,62,1,2
BRF:125
BRH:94
end_of_record
TN:
SF:src\engine\EventSystem.ts
FN:400,buildEventRegistry
FN:403,(anonymous_1)
FN:409,sampleEventsForTurn
FN:412,(anonymous_3)
FN:415,(anonymous_4)
FN:422,(anonymous_5)
FN:439,(anonymous_6)
FN:444,(anonymous_7)
FN:471,hasEligibleDialogue
FN:472,(anonymous_9)
FN:475,(anonymous_10)
FN:477,(anonymous_11)
FN:490,(anonymous_12)
FN:493,(anonymous_13)
FN:503,passiveOutcomeToDelta
FNF:15
FNH:9
FNDA:0,buildEventRegistry
FNDA:0,(anonymous_1)
FNDA:12,sampleEventsForTurn
FNDA:18,(anonymous_3)
FNDA:2,(anonymous_4)
FNDA:190,(anonymous_5)
FNDA:10,(anonymous_6)
FNDA:20,(anonymous_7)
FNDA:2,hasEligibleDialogue
FNDA:2,(anonymous_9)
FNDA:0,(anonymous_10)
FNDA:38,(anonymous_11)
FNDA:0,(anonymous_12)
FNDA:0,(anonymous_13)
FNDA:0,passiveOutcomeToDelta
DA:16,2
DA:374,2
DA:403,0
DA:412,18
DA:413,12
DA:415,10
DA:420,10
DA:422,10
DA:423,190
DA:425,190
DA:427,189
DA:428,169
DA:429,168
DA:430,122
DA:431,122
DA:432,122
DA:434,122
DA:436,100
DA:438,79
DA:439,10
DA:440,10
DA:443,71
DA:444,20
DA:445,20
DA:451,67
DA:453,61
DA:456,10
DA:457,10
DA:458,20
DA:459,20
DA:460,20
DA:464,10
DA:472,2
DA:473,2
DA:475,2
DA:477,2
DA:478,38
DA:479,2
DA:481,1
DA:482,1
DA:483,1
DA:484,1
DA:485,1
DA:486,1
DA:487,1
DA:489,1
DA:490,0
DA:492,1
DA:493,0
DA:496,1
DA:507,0
LF:51
LH:47
BRDA:413,0,0,2
BRDA:413,0,1,10
BRDA:420,1,0,10
BRDA:420,1,1,10
BRDA:425,2,0,1
BRDA:425,2,1,189
BRDA:425,3,0,190
BRDA:425,3,1,50
BRDA:427,4,0,20
BRDA:427,4,1,169
BRDA:427,5,0,189
BRDA:427,5,1,30
BRDA:428,6,0,1
BRDA:428,6,1,168
BRDA:428,7,0,169
BRDA:428,7,1,10
BRDA:429,8,0,46
BRDA:429,8,1,122
BRDA:429,9,0,168
BRDA:429,9,1,84
BRDA:430,10,0,0
BRDA:430,10,1,122
BRDA:430,11,0,122
BRDA:430,11,1,19
BRDA:431,12,0,0
BRDA:431,12,1,122
BRDA:431,13,0,122
BRDA:431,13,1,10
BRDA:432,14,0,0
BRDA:432,14,1,122
BRDA:432,15,0,122
BRDA:432,15,1,0
BRDA:434,16,0,22
BRDA:434,16,1,100
BRDA:434,17,0,122
BRDA:434,17,1,64
BRDA:436,18,0,21
BRDA:436,18,1,79
BRDA:436,19,0,100
BRDA:436,19,1,22
BRDA:438,20,0,10
BRDA:438,20,1,69
BRDA:440,21,0,8
BRDA:440,21,1,2
BRDA:443,22,0,20
BRDA:443,22,1,51
BRDA:445,23,0,4
BRDA:445,23,1,16
BRDA:451,24,0,6
BRDA:451,24,1,61
BRDA:451,25,0,67
BRDA:451,25,1,67
BRDA:451,25,2,30
BRDA:458,26,0,20
BRDA:458,26,1,0
BRDA:460,27,0,10
BRDA:460,27,1,10
BRDA:473,28,0,0
BRDA:473,28,1,2
BRDA:477,29,0,2
BRDA:477,29,1,1
BRDA:478,30,0,36
BRDA:478,30,1,2
BRDA:478,31,0,38
BRDA:478,31,1,36
BRDA:479,32,0,1
BRDA:479,32,1,1
BRDA:479,33,0,2
BRDA:479,33,1,2
BRDA:482,34,0,0
BRDA:482,34,1,1
BRDA:482,35,0,1
BRDA:482,35,1,0
BRDA:483,36,0,0
BRDA:483,36,1,1
BRDA:483,37,0,1
BRDA:483,37,1,0
BRDA:484,38,0,0
BRDA:484,38,1,1
BRDA:484,39,0,1
BRDA:484,39,1,1
BRDA:485,40,0,0
BRDA:485,40,1,1
BRDA:485,41,0,1
BRDA:485,41,1,1
BRDA:486,42,0,0
BRDA:486,42,1,1
BRDA:486,43,0,1
BRDA:486,43,1,0
BRDA:487,44,0,0
BRDA:487,44,1,1
BRDA:487,45,0,1
BRDA:487,45,1,0
BRDA:489,46,0,0
BRDA:489,46,1,1
BRDA:490,47,0,0
BRDA:490,47,1,0
BRDA:492,48,0,0
BRDA:492,48,1,1
BRDA:493,49,0,0
BRDA:493,49,1,0
BRF:101
BRH:79
end_of_record
TN:
SF:src\engine\GameState.ts
FN:85,createNewGameState
FN:151,getMoraleTier
FN:159,getReputationTier
FN:167,getLuckThreshold
FN:177,getFoodCostMultiplier
FN:187,applyMoraleDelta
FN:198,applyReputationDelta
FN:215,applyXP
FN:223,applyLevelUpChoice
FN:239,getRandomLevelUpChoices
FN:240,(anonymous_10)
FN:244,isDreadActive
FN:251,calculateCombatPower
FN:279,clamp
FN:283,generateRunId
FNF:15
FNH:15
FNDA:112,createNewGameState
FNDA:30,getMoraleTier
FNDA:19,getReputationTier
FNDA:13,getLuckThreshold
FNDA:13,getFoodCostMultiplier
FNDA:19,applyMoraleDelta
FNDA:9,applyReputationDelta
FNDA:7,applyXP
FNDA:4,applyLevelUpChoice
FNDA:2,getRandomLevelUpChoices
FNDA:17,(anonymous_10)
FNDA:22,isDreadActive
FNDA:4,calculateCombatPower
FNDA:61,clamp
FNDA:112,generateRunId
DA:16,7
DA:21,7
DA:37,7
DA:79,7
DA:80,7
DA:86,112
DA:152,30
DA:153,26
DA:154,14
DA:155,9
DA:156,6
DA:160,19
DA:161,15
DA:162,13
DA:163,8
DA:164,5
DA:168,13
DA:169,1
DA:170,9
DA:171,1
DA:172,1
DA:173,1
DA:178,13
DA:179,1
DA:180,9
DA:181,1
DA:182,1
DA:183,1
DA:188,19
DA:189,19
DA:190,19
DA:199,9
DA:200,9
DA:201,9
DA:219,7
DA:220,7
DA:227,4
DA:228,4
DA:240,17
DA:241,2
DA:245,22
DA:246,4
DA:247,4
DA:248,4
DA:252,4
DA:254,4
DA:259,4
DA:260,1
DA:261,1
DA:264,4
DA:272,4
DA:280,61
DA:284,112
LF:53
LH:53
BRDA:85,0,0,0
BRDA:152,1,0,4
BRDA:152,1,1,26
BRDA:153,2,0,12
BRDA:153,2,1,14
BRDA:154,3,0,5
BRDA:154,3,1,9
BRDA:155,4,0,3
BRDA:155,4,1,6
BRDA:160,5,0,4
BRDA:160,5,1,15
BRDA:161,6,0,2
BRDA:161,6,1,13
BRDA:162,7,0,5
BRDA:162,7,1,8
BRDA:163,8,0,3
BRDA:163,8,1,5
BRDA:168,9,0,1
BRDA:168,9,1,9
BRDA:168,9,2,1
BRDA:168,9,3,1
BRDA:168,9,4,1
BRDA:178,10,0,1
BRDA:178,10,1,9
BRDA:178,10,2,1
BRDA:178,10,3,1
BRDA:178,10,4,1
BRDA:206,11,0,3
BRDA:206,11,1,6
BRDA:207,12,0,3
BRDA:207,12,1,3
BRDA:209,13,0,2
BRDA:209,13,1,7
BRDA:210,14,0,2
BRDA:210,14,1,2
BRDA:229,15,0,4
BRDA:229,15,1,2
BRDA:230,16,0,4
BRDA:230,16,1,3
BRDA:231,17,0,4
BRDA:231,17,1,2
BRDA:232,18,0,4
BRDA:232,18,1,3
BRDA:233,19,0,4
BRDA:233,19,1,4
BRDA:234,20,0,4
BRDA:234,20,1,4
BRDA:235,21,0,4
BRDA:235,21,1,4
BRDA:245,22,0,18
BRDA:245,22,1,4
BRDA:248,23,0,4
BRDA:248,23,1,3
BRF:53
BRH:52
end_of_record
TN:
SF:src\engine\ItemSystem.ts
FN:372,getItemDef
FN:373,(anonymous_1)
FN:386,createEmptyInventory
FN:398,addItem
FN:404,(anonymous_4)
FN:407,(anonymous_5)
FN:433,removeItem
FN:434,(anonymous_7)
FN:441,(anonymous_8)
FN:442,(anonymous_9)
FN:453,equipItem
FN:458,(anonymous_11)
FN:465,(anonymous_12)
FN:476,unequipItem
FN:480,(anonymous_14)
FN:492,useItem
FN:510,computeEquippedBonuses
FN:548,getShopInventory
FN:554,(anonymous_18)
FN:567,(anonymous_19)
FN:573,buyItem
FN:595,sellItem
FN:669,inventoryFromResources
FN:681,resourcesToInventory
FN:697,isItemEquipped
FNF:25
FNH:23
FNDA:81,getItemDef
FNDA:923,(anonymous_1)
FNDA:32,createEmptyInventory
FNDA:49,addItem
FNDA:50,(anonymous_4)
FNDA:9,(anonymous_5)
FNDA:10,removeItem
FNDA:8,(anonymous_7)
FNDA:5,(anonymous_8)
FNDA:2,(anonymous_9)
FNDA:14,equipItem
FNDA:15,(anonymous_11)
FNDA:15,(anonymous_12)
FNDA:1,unequipItem
FNDA:1,(anonymous_14)
FNDA:3,useItem
FNDA:48,computeEquippedBonuses
FNDA:6,getShopInventory
FNDA:168,(anonymous_18)
FNDA:116,(anonymous_19)
FNDA:3,buyItem
FNDA:4,sellItem
FNDA:43,inventoryFromResources
FNDA:0,resourcesToInventory
FNDA:0,isItemEquipped
DA:15,3
DA:373,923
DA:387,32
DA:399,49
DA:400,49
DA:403,48
DA:404,50
DA:406,48
DA:407,9
DA:408,9
DA:410,9
DA:414,39
DA:415,1
DA:418,38
DA:424,38
DA:425,38
DA:427,38
DA:434,10
DA:435,10
DA:436,3
DA:439,7
DA:440,7
DA:441,5
DA:442,2
DA:445,7
DA:446,7
DA:447,1
DA:450,7
DA:454,14
DA:455,14
DA:456,1
DA:458,15
DA:459,1
DA:463,12
DA:464,12
DA:465,12
DA:466,15
DA:467,14
DA:468,2
DA:471,12
DA:473,12
DA:477,1
DA:478,1
DA:480,1
DA:481,1
DA:484,1
DA:485,1
DA:486,1
DA:489,1
DA:496,3
DA:497,3
DA:498,3
DA:500,2
DA:501,2
DA:503,2
DA:511,48
DA:513,48
DA:514,7
DA:515,7
DA:516,7
DA:517,7
DA:519,7
DA:520,7
DA:521,7
DA:522,7
DA:523,7
DA:524,7
DA:525,7
DA:526,7
DA:527,7
DA:528,7
DA:529,7
DA:530,7
DA:531,7
DA:532,7
DA:535,48
DA:554,6
DA:555,168
DA:556,138
DA:558,138
DA:559,122
DA:560,122
DA:561,6
DA:562,116
DA:565,6
DA:567,6
DA:568,116
DA:569,116
DA:579,3
DA:580,3
DA:582,3
DA:583,3
DA:585,3
DA:586,1
DA:589,2
DA:590,2
DA:592,2
DA:599,4
DA:600,4
DA:601,1
DA:604,3
DA:605,3
DA:606,3
DA:608,2
DA:615,3
DA:622,3
DA:633,3
DA:646,3
DA:670,43
DA:685,0
DA:698,0
LF:111
LH:109
BRDA:400,0,0,1
BRDA:400,0,1,48
BRDA:404,1,0,50
BRDA:404,1,1,10
BRDA:406,2,0,9
BRDA:406,2,1,39
BRDA:408,3,0,9
BRDA:408,3,1,0
BRDA:414,4,0,1
BRDA:414,4,1,38
BRDA:425,5,0,1
BRDA:425,5,1,37
BRDA:433,6,0,0
BRDA:435,7,0,3
BRDA:435,7,1,7
BRDA:435,8,0,10
BRDA:435,8,1,8
BRDA:440,9,0,5
BRDA:440,9,1,2
BRDA:442,10,0,2
BRDA:442,10,1,0
BRDA:447,11,0,1
BRDA:447,11,1,0
BRDA:455,12,0,1
BRDA:455,12,1,13
BRDA:455,13,0,14
BRDA:455,13,1,14
BRDA:455,13,2,13
BRDA:458,14,0,1
BRDA:458,14,1,12
BRDA:466,15,0,1
BRDA:466,15,1,14
BRDA:467,16,0,12
BRDA:467,16,1,2
BRDA:478,17,0,0
BRDA:478,17,1,1
BRDA:481,18,0,1
BRDA:481,18,1,0
BRDA:486,19,0,1
BRDA:486,19,1,0
BRDA:497,20,0,0
BRDA:497,20,1,3
BRDA:498,21,0,1
BRDA:498,21,1,2
BRDA:501,22,0,0
BRDA:501,22,1,2
BRDA:514,23,0,0
BRDA:514,23,1,7
BRDA:516,24,0,0
BRDA:516,24,1,7
BRDA:519,25,0,2
BRDA:519,25,1,5
BRDA:519,26,0,2
BRDA:519,26,1,2
BRDA:520,27,0,1
BRDA:520,27,1,6
BRDA:520,28,0,1
BRDA:520,28,1,1
BRDA:521,29,0,0
BRDA:521,29,1,7
BRDA:521,30,0,0
BRDA:521,30,1,0
BRDA:522,31,0,2
BRDA:522,31,1,5
BRDA:522,32,0,2
BRDA:522,32,1,1
BRDA:523,33,0,0
BRDA:523,33,1,7
BRDA:523,34,0,0
BRDA:523,34,1,0
BRDA:524,35,0,0
BRDA:524,35,1,7
BRDA:524,36,0,0
BRDA:524,36,1,0
BRDA:525,37,0,0
BRDA:525,37,1,7
BRDA:525,38,0,0
BRDA:525,38,1,0
BRDA:526,39,0,0
BRDA:526,39,1,7
BRDA:526,40,0,0
BRDA:526,40,1,0
BRDA:527,41,0,0
BRDA:527,41,1,7
BRDA:527,42,0,0
BRDA:527,42,1,0
BRDA:528,43,0,0
BRDA:528,43,1,7
BRDA:528,44,0,0
BRDA:528,44,1,0
BRDA:529,45,0,0
BRDA:529,45,1,7
BRDA:529,46,0,0
BRDA:529,46,1,0
BRDA:530,47,0,1
BRDA:530,47,1,6
BRDA:531,48,0,1
BRDA:531,48,1,6
BRDA:532,49,0,1
BRDA:532,49,1,6
BRDA:555,50,0,30
BRDA:555,50,1,138
BRDA:556,51,0,0
BRDA:556,51,1,138
BRDA:558,52,0,16
BRDA:558,52,1,122
BRDA:558,53,0,138
BRDA:558,53,1,92
BRDA:559,54,0,0
BRDA:559,54,1,122
BRDA:559,55,0,122
BRDA:559,55,1,76
BRDA:560,56,0,6
BRDA:560,56,1,116
BRDA:560,57,0,122
BRDA:560,57,1,23
BRDA:560,57,2,8
BRDA:565,58,0,1
BRDA:565,58,1,5
BRDA:568,59,0,116
BRDA:568,59,1,0
BRDA:580,60,0,0
BRDA:580,60,1,3
BRDA:582,61,0,1
BRDA:582,61,1,2
BRDA:585,62,0,1
BRDA:585,62,1,2
BRDA:590,63,0,0
BRDA:590,63,1,2
BRDA:600,64,0,1
BRDA:600,64,1,3
BRDA:600,65,0,4
BRDA:600,65,1,3
BRDA:606,66,0,1
BRDA:606,66,1,2
BRF:135
BRH:95
end_of_record
TN:
SF:src\engine\SaveEngine.ts
FN:63,(anonymous_0)
FN:100,(anonymous_1)
FN:131,(anonymous_2)
FN:163,(anonymous_3)
FN:174,(anonymous_4)
FN:188,(anonymous_5)
FN:202,(anonymous_6)
FN:265,(anonymous_7)
FN:278,(anonymous_8)
FN:290,(anonymous_9)
FN:310,(anonymous_10)
FN:318,(anonymous_11)
FN:330,(anonymous_12)
FN:335,(anonymous_13)
FN:346,(anonymous_14)
FN:355,(anonymous_15)
FNF:16
FNH:11
FNDA:10,(anonymous_0)
FNDA:16,(anonymous_1)
FNDA:2,(anonymous_2)
FNDA:10,(anonymous_3)
FNDA:13,(anonymous_4)
FNDA:7,(anonymous_5)
FNDA:6,(anonymous_6)
FNDA:1,(anonymous_7)
FNDA:0,(anonymous_8)
FNDA:1,(anonymous_9)
FNDA:0,(anonymous_10)
FNDA:0,(anonymous_11)
FNDA:3,(anonymous_12)
FNDA:0,(anonymous_13)
FNDA:0,(anonymous_14)
FNDA:2,(anonymous_15)
DA:16,1
DA:46,1
DA:64,10
DA:66,10
DA:67,10
DA:68,1
DA:71,10
DA:83,10
DA:86,10
DA:87,1
DA:88,1
DA:91,10
DA:93,0
DA:94,0
DA:101,16
DA:102,16
DA:103,16
DA:105,14
DA:108,12
DA:109,6
DA:110,6
DA:111,6
DA:115,6
DA:116,6
DA:117,0
DA:118,0
DA:121,6
DA:124,2
DA:125,2
DA:132,2
DA:133,2
DA:134,2
DA:135,2
DA:137,2
DA:138,1
DA:140,1
DA:141,0
DA:142,0
DA:146,1
DA:148,1
DA:155,1
DA:156,1
DA:157,1
DA:164,10
DA:175,13
DA:189,7
DA:190,7
DA:191,7
DA:192,7
DA:193,7
DA:194,7
DA:195,7
DA:196,7
DA:197,7
DA:203,6
DA:206,6
DA:207,5
DA:208,5
DA:209,5
DA:217,5
DA:221,6
DA:222,5
DA:223,5
DA:224,0
DA:226,5
DA:227,0
DA:229,5
DA:233,6
DA:234,5
DA:235,5
DA:236,0
DA:238,5
DA:242,6
DA:243,6
DA:244,6
DA:245,1
DA:247,6
DA:251,6
DA:252,6
DA:253,6
DA:254,1
DA:256,6
DA:259,6
DA:260,6
DA:266,1
DA:267,1
DA:268,1
DA:270,1
DA:278,0
DA:283,1
DA:284,1
DA:286,0
DA:291,1
DA:292,1
DA:294,1
DA:296,1
DA:299,0
DA:301,0
DA:304,0
DA:311,0
DA:312,0
DA:314,0
DA:319,0
DA:320,0
DA:321,0
DA:322,0
DA:324,0
DA:331,3
DA:332,3
DA:336,0
DA:337,0
DA:338,0
DA:339,0
DA:340,0
DA:342,0
DA:347,0
DA:348,0
DA:349,0
DA:351,0
DA:356,2
DA:365,1
LF:121
LH:89
BRDA:67,0,0,1
BRDA:67,0,1,9
BRDA:86,1,0,1
BRDA:86,1,1,9
BRDA:103,2,0,2
BRDA:103,2,1,14
BRDA:108,3,0,6
BRDA:108,3,1,6
BRDA:110,4,0,0
BRDA:110,4,1,6
BRDA:116,5,0,0
BRDA:116,5,1,6
BRDA:135,6,0,0
BRDA:135,6,1,2
BRDA:140,7,0,0
BRDA:140,7,1,1
BRDA:179,8,0,13
BRDA:179,8,1,0
BRDA:180,9,0,13
BRDA:180,9,1,0
BRDA:190,10,0,0
BRDA:190,10,1,7
BRDA:191,11,0,0
BRDA:191,11,1,7
BRDA:191,12,0,7
BRDA:191,12,1,7
BRDA:192,13,0,0
BRDA:192,13,1,7
BRDA:193,14,0,0
BRDA:193,14,1,7
BRDA:193,15,0,7
BRDA:193,15,1,7
BRDA:194,16,0,0
BRDA:194,16,1,7
BRDA:194,17,0,7
BRDA:194,17,1,7
BRDA:195,18,0,0
BRDA:195,18,1,7
BRDA:196,19,0,0
BRDA:196,19,1,7
BRDA:206,20,0,5
BRDA:206,20,1,1
BRDA:208,21,0,5
BRDA:208,21,1,0
BRDA:221,22,0,5
BRDA:221,22,1,1
BRDA:223,23,0,0
BRDA:223,23,1,5
BRDA:226,24,0,0
BRDA:226,24,1,5
BRDA:233,25,0,5
BRDA:233,25,1,1
BRDA:235,26,0,0
BRDA:235,26,1,5
BRDA:242,27,0,6
BRDA:242,27,1,0
BRDA:244,28,0,1
BRDA:244,28,1,5
BRDA:251,29,0,6
BRDA:251,29,1,0
BRDA:253,30,0,1
BRDA:253,30,1,5
BRDA:259,31,0,0
BRDA:259,31,1,6
BRDA:268,32,0,0
BRDA:268,32,1,1
BRDA:274,33,0,1
BRDA:274,33,1,0
BRDA:294,34,0,1
BRDA:294,34,1,0
BRDA:294,34,2,0
BRDA:294,34,3,0
BRDA:297,35,0,1
BRDA:297,35,1,0
BRDA:321,36,0,0
BRDA:321,36,1,0
BRDA:338,37,0,0
BRDA:338,37,1,0
BRDA:349,38,0,0
BRDA:349,38,1,0
BRF:80
BRH:48
end_of_record
TN:
SF:src\engine\SoundEngine.ts
FN:48,(anonymous_0)
FN:55,(anonymous_1)
FN:76,(anonymous_2)
FN:82,(anonymous_3)
FN:91,(anonymous_4)
FNF:5
FNH:0
FNDA:0,(anonymous_0)
FNDA:0,(anonymous_1)
FNDA:0,(anonymous_2)
FNDA:0,(anonymous_3)
FNDA:0,(anonymous_4)
DA:42,0
DA:43,0
DA:44,0
DA:49,0
DA:50,0
DA:56,0
DA:77,0
DA:78,0
DA:83,0
DA:84,0
DA:86,0
DA:92,0
DA:93,0
DA:98,0
DA:103,0
LF:15
LH:0
BRDA:56,0,0,0
BRDA:56,0,1,0
BRF:2
BRH:0
end_of_record
TN:
SF:src\engine\TurnEngine.ts
FN:82,(anonymous_0)
FN:99,(anonymous_1)
FN:105,(anonymous_2)
FN:110,(anonymous_3)
FN:131,(anonymous_4)
FN:138,(anonymous_5)
FN:141,(anonymous_6)
FN:142,(anonymous_7)
FN:147,(anonymous_8)
FN:157,(anonymous_9)
FN:185,(anonymous_10)
FN:200,(anonymous_11)
FN:227,(anonymous_12)
FN:243,(anonymous_13)
FN:273,(anonymous_14)
FN:284,(anonymous_15)
FN:298,(anonymous_16)
FN:301,(anonymous_17)
FN:353,(anonymous_18)
FN:354,(anonymous_19)
FN:370,(anonymous_20)
FN:395,(anonymous_21)
FN:400,(anonymous_22)
FN:418,(anonymous_23)
FN:442,(anonymous_24)
FN:453,(anonymous_25)
FN:466,(anonymous_26)
FN:467,(anonymous_27)
FN:481,(anonymous_28)
FN:486,(anonymous_29)
FN:496,(anonymous_30)
FN:502,(anonymous_31)
FN:506,(anonymous_32)
FN:527,(anonymous_33)
FN:556,(anonymous_34)
FN:574,(anonymous_35)
FN:606,(anonymous_36)
FN:626,(anonymous_37)
FN:628,(anonymous_38)
FN:631,(anonymous_39)
FN:652,(anonymous_40)
FN:678,(anonymous_41)
FN:705,(anonymous_42)
FN:706,(anonymous_43)
FN:716,(anonymous_44)
FN:718,(anonymous_45)
FN:740,(anonymous_46)
FN:779,(anonymous_47)
FN:798,(anonymous_48)
FN:812,(anonymous_49)
FN:827,(anonymous_50)
FN:829,(anonymous_51)
FN:830,(anonymous_52)
FN:838,(anonymous_53)
FN:844,(anonymous_54)
FN:862,(anonymous_55)
FN:863,(anonymous_56)
FN:880,(anonymous_57)
FN:888,(anonymous_58)
FN:898,(anonymous_59)
FN:905,(anonymous_60)
FN:911,(anonymous_61)
FN:920,(anonymous_62)
FN:925,(anonymous_63)
FN:930,(anonymous_64)
FN:933,(anonymous_65)
FN:941,(anonymous_66)
FN:952,(anonymous_67)
FN:983,(anonymous_68)
FNF:69
FNH:50
FNDA:21,(anonymous_0)
FNDA:21,(anonymous_1)
FNDA:1,(anonymous_2)
FNDA:4,(anonymous_3)
FNDA:1,(anonymous_4)
FNDA:32,(anonymous_5)
FNDA:0,(anonymous_6)
FNDA:0,(anonymous_7)
FNDA:0,(anonymous_8)
FNDA:0,(anonymous_9)
FNDA:21,(anonymous_10)
FNDA:34,(anonymous_11)
FNDA:21,(anonymous_12)
FNDA:21,(anonymous_13)
FNDA:19,(anonymous_14)
FNDA:8,(anonymous_15)
FNDA:0,(anonymous_16)
FNDA:0,(anonymous_17)
FNDA:32,(anonymous_18)
FNDA:29,(anonymous_19)
FNDA:1,(anonymous_20)
FNDA:0,(anonymous_21)
FNDA:0,(anonymous_22)
FNDA:2,(anonymous_23)
FNDA:2,(anonymous_24)
FNDA:1,(anonymous_25)
FNDA:7,(anonymous_26)
FNDA:1,(anonymous_27)
FNDA:19,(anonymous_28)
FNDA:13,(anonymous_29)
FNDA:19,(anonymous_30)
FNDA:0,(anonymous_31)
FNDA:0,(anonymous_32)
FNDA:20,(anonymous_33)
FNDA:1,(anonymous_34)
FNDA:17,(anonymous_35)
FNDA:2,(anonymous_36)
FNDA:17,(anonymous_37)
FNDA:2,(anonymous_38)
FNDA:2,(anonymous_39)
FNDA:17,(anonymous_40)
FNDA:17,(anonymous_41)
FNDA:1,(anonymous_42)
FNDA:1,(anonymous_43)
FNDA:2,(anonymous_44)
FNDA:0,(anonymous_45)
FNDA:16,(anonymous_46)
FNDA:15,(anonymous_47)
FNDA:0,(anonymous_48)
FNDA:18,(anonymous_49)
FNDA:0,(anonymous_50)
FNDA:0,(anonymous_51)
FNDA:0,(anonymous_52)
FNDA:0,(anonymous_53)
FNDA:2,(anonymous_54)
FNDA:0,(anonymous_55)
FNDA:0,(anonymous_56)
FNDA:3,(anonymous_57)
FNDA:2,(anonymous_58)
FNDA:40,(anonymous_59)
FNDA:29,(anonymous_60)
FNDA:142,(anonymous_61)
FNDA:203,(anonymous_62)
FNDA:296,(anonymous_63)
FNDA:15,(anonymous_64)
FNDA:22,(anonymous_65)
FNDA:0,(anonymous_66)
FNDA:8,(anonymous_67)
FNDA:1,(anonymous_68)
DA:68,1
DA:80,21
DA:88,21
DA:89,21
DA:90,21
DA:91,21
DA:100,21
DA:101,21
DA:106,1
DA:108,1
DA:109,1
DA:110,4
DA:111,1
DA:112,0
DA:113,0
DA:114,0
DA:115,0
DA:116,0
DA:117,0
DA:121,1
DA:122,0
DA:123,0
DA:124,0
DA:126,1
DA:127,1
DA:132,1
DA:133,1
DA:134,1
DA:138,32
DA:142,0
DA:143,0
DA:148,0
DA:149,0
DA:150,0
DA:158,0
DA:159,0
DA:163,0
DA:164,0
DA:169,0
DA:170,0
DA:172,0
DA:178,0
DA:186,21
DA:187,21
DA:189,19
DA:190,19
DA:192,19
DA:193,19
DA:194,19
DA:196,19
DA:197,19
DA:201,34
DA:203,1
DA:204,1
DA:206,17
DA:207,17
DA:208,17
DA:209,17
DA:210,17
DA:211,17
DA:212,15
DA:214,17
DA:216,16
DA:217,16
DA:218,16
DA:219,16
DA:228,21
DA:236,21
DA:244,21
DA:246,21
DA:247,1
DA:248,1
DA:251,20
DA:252,1
DA:253,1
DA:257,19
DA:258,0
DA:262,0
DA:263,0
DA:266,19
DA:274,19
DA:275,8
DA:276,1
DA:277,2
DA:278,2
DA:279,6
DA:280,0
DA:285,8
DA:286,8
DA:289,8
DA:292,8
DA:297,8
DA:298,0
DA:300,8
DA:301,0
DA:303,8
DA:304,8
DA:305,8
DA:307,8
DA:310,8
DA:311,3
DA:312,3
DA:313,5
DA:314,0
DA:318,8
DA:319,1
DA:320,1
DA:321,1
DA:322,7
DA:323,0
DA:327,8
DA:328,8
DA:329,8
DA:331,8
DA:337,0
DA:338,0
DA:341,8
DA:343,8
DA:348,8
DA:349,8
DA:351,8
DA:353,32
DA:354,29
DA:355,8
DA:357,8
DA:364,8
DA:371,1
DA:374,1
DA:377,1
DA:378,1
DA:381,1
DA:389,1
DA:390,1
DA:391,0
DA:394,1
DA:395,0
DA:398,1
DA:400,1
DA:401,1
DA:403,1
DA:408,1
DA:419,2
DA:420,2
DA:421,2
DA:422,2
DA:424,2
DA:425,1
DA:426,1
DA:427,1
DA:430,1
DA:443,2
DA:444,2
DA:446,2
DA:447,2
DA:448,1
DA:453,2
DA:455,2
DA:467,7
DA:468,7
DA:483,19
DA:484,19
DA:485,19
DA:486,13
DA:487,1
DA:488,1
DA:489,1
DA:492,18
DA:493,18
DA:497,19
DA:499,7
DA:500,7
DA:502,6
DA:503,6
DA:506,0
DA:507,0
DA:509,0
DA:510,0
DA:512,0
DA:523,0
DA:524,0
DA:528,20
DA:530,20
DA:531,3
DA:534,3
DA:535,3
DA:536,3
DA:538,3
DA:539,0
DA:540,3
DA:544,3
DA:545,3
DA:546,3
DA:547,3
DA:548,3
DA:553,17
DA:557,1
DA:575,17
DA:578,17
DA:581,17
DA:583,17
DA:585,17
DA:586,2
DA:588,2
DA:589,1
DA:590,1
DA:591,1
DA:594,2
DA:595,2
DA:600,2
DA:605,17
DA:606,2
DA:610,17
DA:611,17
DA:612,0
DA:613,0
DA:614,0
DA:618,17
DA:620,17
DA:623,17
DA:627,17
DA:628,2
DA:630,17
DA:631,2
DA:634,17
DA:635,1
DA:643,17
DA:644,1
DA:653,17
DA:654,15
DA:655,0
DA:657,15
DA:660,2
DA:661,2
DA:662,2
DA:664,2
DA:679,17
DA:680,17
DA:682,17
DA:685,2
DA:694,2
DA:697,2
DA:700,2
DA:701,2
DA:702,2
DA:706,1
DA:707,1
DA:709,1
DA:710,1
DA:713,1
DA:717,2
DA:718,2
DA:719,0
DA:720,0
DA:721,0
DA:722,0
DA:733,2
DA:741,16
DA:743,16
DA:744,0
DA:745,0
DA:749,16
DA:755,16
DA:756,0
DA:757,0
DA:758,0
DA:761,16
DA:762,1
DA:763,1
DA:765,15
DA:767,0
DA:770,15
DA:771,0
DA:780,15
DA:782,15
DA:784,15
DA:791,15
DA:793,15
DA:794,15
DA:795,15
DA:799,0
DA:800,0
DA:804,0
DA:805,0
DA:813,18
DA:816,18
DA:818,36
DA:819,36
DA:820,36
DA:821,36
DA:822,36
DA:823,36
DA:824,36
DA:826,36
DA:827,1
DA:828,1
DA:829,0
DA:830,0
DA:831,1
DA:834,36
DA:835,0
DA:838,0
DA:843,36
DA:844,18
DA:845,2
DA:846,2
DA:847,2
DA:859,18
DA:862,0
DA:863,0
DA:866,18
DA:881,3
DA:882,3
DA:883,3
DA:884,3
DA:885,3
DA:889,2
DA:890,2
DA:892,0
DA:893,0
DA:894,0
DA:895,0
DA:899,40
DA:900,40
DA:901,40
DA:902,40
DA:906,29
DA:907,29
DA:908,29
DA:912,142
DA:914,30
DA:915,30
DA:917,112
DA:921,203
DA:922,203
DA:926,296
DA:927,296
DA:931,15
DA:932,15
DA:933,22
DA:935,15
DA:941,0
DA:958,8
DA:966,8
DA:968,8
DA:969,0
DA:972,8
DA:973,2
DA:976,6
DA:977,1
DA:980,8
DA:984,1
DA:985,1
DA:986,0
DA:987,0
DA:988,0
LF:355
LH:279
BRDA:100,0,0,0
BRDA:100,0,1,21
BRDA:100,1,0,21
BRDA:100,1,1,0
BRDA:106,2,0,0
BRDA:106,2,1,1
BRDA:109,3,0,1
BRDA:109,3,1,0
BRDA:111,4,0,0
BRDA:111,4,1,1
BRDA:114,5,0,0
BRDA:114,5,1,0
BRDA:121,6,0,0
BRDA:121,6,1,1
BRDA:121,7,0,1
BRDA:121,7,1,0
BRDA:132,8,0,0
BRDA:132,8,1,1
BRDA:142,9,0,0
BRDA:142,9,1,0
BRDA:187,10,0,2
BRDA:187,10,1,19
BRDA:201,11,0,1
BRDA:201,11,1,17
BRDA:201,11,2,16
BRDA:211,12,0,15
BRDA:211,12,1,2
BRDA:218,13,0,15
BRDA:218,13,1,1
BRDA:246,14,0,1
BRDA:246,14,1,20
BRDA:251,15,0,1
BRDA:251,15,1,19
BRDA:257,16,0,0
BRDA:257,16,1,19
BRDA:257,17,0,19
BRDA:257,17,1,1
BRDA:274,18,0,8
BRDA:274,18,1,1
BRDA:274,18,2,2
BRDA:274,18,3,2
BRDA:274,18,4,6
BRDA:274,18,5,0
BRDA:292,19,0,0
BRDA:292,19,1,8
BRDA:292,20,0,8
BRDA:292,20,1,0
BRDA:301,21,0,0
BRDA:301,21,1,0
BRDA:304,22,0,8
BRDA:304,22,1,8
BRDA:305,23,0,8
BRDA:305,23,1,8
BRDA:310,24,0,3
BRDA:310,24,1,5
BRDA:310,25,0,8
BRDA:310,25,1,3
BRDA:313,26,0,0
BRDA:313,26,1,5
BRDA:318,27,0,1
BRDA:318,27,1,7
BRDA:321,28,0,1
BRDA:321,28,1,0
BRDA:322,29,0,0
BRDA:322,29,1,7
BRDA:322,30,0,7
BRDA:322,30,1,0
BRDA:327,31,0,8
BRDA:327,31,1,8
BRDA:331,32,0,0
BRDA:331,32,1,8
BRDA:332,33,0,8
BRDA:332,33,1,2
BRDA:332,33,2,2
BRDA:332,33,3,2
BRDA:354,34,0,29
BRDA:354,34,1,29
BRDA:354,34,2,1
BRDA:355,35,0,8
BRDA:355,35,1,7
BRDA:360,36,0,2
BRDA:360,36,1,6
BRDA:360,37,0,8
BRDA:360,37,1,3
BRDA:378,38,0,1
BRDA:378,38,1,0
BRDA:382,39,0,1
BRDA:382,39,1,0
BRDA:389,40,0,0
BRDA:389,40,1,1
BRDA:390,41,0,0
BRDA:390,41,1,1
BRDA:390,42,0,1
BRDA:390,42,1,1
BRDA:395,43,0,0
BRDA:395,43,1,0
BRDA:396,44,0,1
BRDA:396,44,1,1
BRDA:403,45,0,0
BRDA:403,45,1,1
BRDA:404,46,0,1
BRDA:404,46,1,0
BRDA:405,47,0,0
BRDA:405,47,1,0
BRDA:412,48,0,1
BRDA:412,48,1,0
BRDA:413,49,0,0
BRDA:413,49,1,1
BRDA:419,50,0,1
BRDA:419,50,1,1
BRDA:420,51,0,1
BRDA:420,51,1,1
BRDA:421,52,0,1
BRDA:421,52,1,1
BRDA:422,53,0,1
BRDA:422,53,1,1
BRDA:424,54,0,1
BRDA:424,54,1,1
BRDA:424,55,0,2
BRDA:424,55,1,1
BRDA:434,56,0,0
BRDA:434,56,1,1
BRDA:436,57,0,0
BRDA:436,57,1,1
BRDA:448,58,0,1
BRDA:448,58,1,0
BRDA:485,59,0,1
BRDA:485,59,1,18
BRDA:485,60,0,19
BRDA:485,60,1,2
BRDA:487,61,0,1
BRDA:487,61,1,0
BRDA:497,62,0,12
BRDA:497,62,1,7
BRDA:497,63,0,19
BRDA:497,63,1,18
BRDA:500,64,0,1
BRDA:500,64,1,6
BRDA:502,65,0,0
BRDA:502,65,1,0
BRDA:503,66,0,6
BRDA:503,66,1,0
BRDA:507,67,0,0
BRDA:507,67,1,0
BRDA:509,68,0,0
BRDA:509,68,1,0
BRDA:523,69,0,0
BRDA:523,69,1,0
BRDA:528,70,0,20
BRDA:528,70,1,0
BRDA:538,71,0,0
BRDA:538,71,1,3
BRDA:538,72,0,3
BRDA:538,72,1,0
BRDA:540,73,0,3
BRDA:540,73,1,0
BRDA:583,74,0,17
BRDA:583,74,1,17
BRDA:588,75,0,1
BRDA:588,75,1,1
BRDA:588,76,0,2
BRDA:588,76,1,2
BRDA:590,77,0,1
BRDA:590,77,1,0
BRDA:590,78,0,1
BRDA:590,78,1,1
BRDA:595,79,0,2
BRDA:595,79,1,0
BRDA:600,80,0,1
BRDA:600,80,1,1
BRDA:606,81,0,2
BRDA:606,81,1,2
BRDA:607,82,0,17
BRDA:607,82,1,17
BRDA:611,83,0,0
BRDA:611,83,1,17
BRDA:613,84,0,0
BRDA:613,84,1,0
BRDA:618,85,0,17
BRDA:618,85,1,17
BRDA:643,86,0,1
BRDA:643,86,1,16
BRDA:653,87,0,15
BRDA:653,87,1,2
BRDA:654,88,0,0
BRDA:654,88,1,15
BRDA:668,89,0,1
BRDA:668,89,1,1
BRDA:682,90,0,15
BRDA:682,90,1,2
BRDA:682,91,0,17
BRDA:682,91,1,17
BRDA:682,91,2,2
BRDA:707,92,0,0
BRDA:707,92,1,1
BRDA:720,93,0,0
BRDA:720,93,1,0
BRDA:721,94,0,0
BRDA:721,94,1,0
BRDA:725,95,0,0
BRDA:725,95,1,0
BRDA:727,96,0,0
BRDA:727,96,1,0
BRDA:743,97,0,0
BRDA:743,97,1,16
BRDA:756,98,0,0
BRDA:756,98,1,0
BRDA:757,99,0,0
BRDA:757,99,1,0
BRDA:761,100,0,1
BRDA:761,100,1,15
BRDA:761,101,0,16
BRDA:761,101,1,1
BRDA:765,102,0,0
BRDA:765,102,1,15
BRDA:765,103,0,15
BRDA:765,103,1,0
BRDA:770,104,0,0
BRDA:770,104,1,15
BRDA:816,105,0,18
BRDA:816,105,1,0
BRDA:818,106,0,18
BRDA:818,106,1,18
BRDA:819,107,0,1
BRDA:819,107,1,35
BRDA:820,108,0,26
BRDA:820,108,1,10
BRDA:821,109,0,14
BRDA:821,109,1,22
BRDA:822,110,0,1
BRDA:822,110,1,35
BRDA:823,111,0,4
BRDA:823,111,1,32
BRDA:824,112,0,0
BRDA:824,112,1,36
BRDA:826,113,0,1
BRDA:826,113,1,35
BRDA:834,114,0,0
BRDA:834,114,1,36
BRDA:843,115,0,18
BRDA:843,115,1,18
BRDA:846,116,0,0
BRDA:846,116,1,2
BRDA:872,117,0,0
BRDA:872,117,1,18
BRDA:890,118,0,2
BRDA:890,118,1,0
BRDA:893,119,0,0
BRDA:893,119,1,0
BRDA:893,120,0,0
BRDA:893,120,1,0
BRDA:894,121,0,0
BRDA:894,121,1,0
BRDA:894,122,0,0
BRDA:894,122,1,0
BRDA:899,123,0,0
BRDA:899,123,1,40
BRDA:902,124,0,23
BRDA:902,124,1,17
BRDA:906,125,0,0
BRDA:906,125,1,29
BRDA:912,126,0,30
BRDA:912,126,1,112
BRDA:921,127,0,0
BRDA:921,127,1,203
BRDA:932,128,0,15
BRDA:932,128,1,0
BRDA:933,129,0,15
BRDA:933,129,1,0
BRDA:939,130,0,15
BRDA:939,130,1,15
BRDA:941,131,0,15
BRDA:941,131,1,0
BRDA:968,132,0,0
BRDA:968,132,1,8
BRDA:969,133,0,0
BRDA:969,133,1,0
BRDA:972,134,0,2
BRDA:972,134,1,6
BRDA:973,135,0,2
BRDA:973,135,1,0
BRDA:976,136,0,1
BRDA:976,136,1,5
BRDA:976,137,0,6
BRDA:976,137,1,1
BRDA:984,138,0,1
BRDA:984,138,1,0
BRDA:984,138,2,0
BRDA:984,138,3,0
BRF:289
BRH:187
end_of_record
TN:
SF:src\engine\index.ts
FNF:0
FNH:0
LF:0
LH:0
BRF:0
BRH:0
end_of_record
TN:
SF:src\screens\CombatScreen.tsx
FN:61,CombatScreen
FN:77,(anonymous_1)
FN:83,(anonymous_2)
FN:87,(anonymous_3)
FN:95,(anonymous_4)
FN:97,(anonymous_5)
FN:111,(anonymous_6)
FN:117,(anonymous_7)
FN:122,(anonymous_8)
FN:127,(anonymous_9)
FN:145,(anonymous_10)
FN:163,(anonymous_11)
FN:171,(anonymous_12)
FN:204,(anonymous_13)
FN:215,(anonymous_14)
FN:234,(anonymous_15)
FN:243,(anonymous_16)
FN:252,(anonymous_17)
FN:261,(anonymous_18)
FN:271,(anonymous_19)
FN:289,EnemyBlock
FN:325,CompanionBlock
FN:339,HPBar
FN:348,StatusBadges
FN:351,(anonymous_24)
FN:360,BehaviorTag
FN:377,LogLine
FN:390,ActionBtn
FN:421,ResultOverlay
FN:454,(anonymous_29)
FN:461,(anonymous_30)
FN:488,buildEnemiesFromContext
FN:495,(anonymous_32)
FN:500,(anonymous_33)
FN:501,(anonymous_34)
FN:504,(anonymous_35)
FN:509,getEncounterText
FN:510,(anonymous_37)
FN:516,canNegotiate
FN:517,(anonymous_39)
FN:518,(anonymous_40)
FN:523,calcFleeChance
FN:524,(anonymous_42)
FN:529,flashAnim
FNF:44
FNH:0
FNDA:0,CombatScreen
FNDA:0,(anonymous_1)
FNDA:0,(anonymous_2)
FNDA:0,(anonymous_3)
FNDA:0,(anonymous_4)
FNDA:0,(anonymous_5)
FNDA:0,(anonymous_6)
FNDA:0,(anonymous_7)
FNDA:0,(anonymous_8)
FNDA:0,(anonymous_9)
FNDA:0,(anonymous_10)
FNDA:0,(anonymous_11)
FNDA:0,(anonymous_12)
FNDA:0,(anonymous_13)
FNDA:0,(anonymous_14)
FNDA:0,(anonymous_15)
FNDA:0,(anonymous_16)
FNDA:0,(anonymous_17)
FNDA:0,(anonymous_18)
FNDA:0,(anonymous_19)
FNDA:0,EnemyBlock
FNDA:0,CompanionBlock
FNDA:0,HPBar
FNDA:0,StatusBadges
FNDA:0,(anonymous_24)
FNDA:0,BehaviorTag
FNDA:0,LogLine
FNDA:0,ActionBtn
FNDA:0,ResultOverlay
FNDA:0,(anonymous_29)
FNDA:0,(anonymous_30)
FNDA:0,buildEnemiesFromContext
FNDA:0,(anonymous_32)
FNDA:0,(anonymous_33)
FNDA:0,(anonymous_34)
FNDA:0,(anonymous_35)
FNDA:0,getEncounterText
FNDA:0,(anonymous_37)
FNDA:0,canNegotiate
FNDA:0,(anonymous_39)
FNDA:0,(anonymous_40)
FNDA:0,calcFleeChance
FNDA:0,(anonymous_42)
FNDA:0,flashAnim
DA:62,0
DA:63,0
DA:65,0
DA:66,0
DA:67,0
DA:68,0
DA:69,0
DA:73,0
DA:77,0
DA:78,0
DA:80,0
DA:85,0
DA:86,0
DA:87,0
DA:89,0
DA:91,0
DA:93,0
DA:94,0
DA:95,0
DA:97,0
DA:102,0
DA:103,0
DA:104,0
DA:105,0
DA:111,0
DA:112,0
DA:117,0
DA:118,0
DA:119,0
DA:120,0
DA:121,0
DA:122,0
DA:124,0
DA:127,0
DA:128,0
DA:129,0
DA:130,0
DA:137,0
DA:138,0
DA:145,0
DA:146,0
DA:147,0
DA:149,0
DA:164,0
DA:171,0
DA:205,0
DA:216,0
DA:234,0
DA:243,0
DA:252,0
DA:261,0
DA:271,0
DA:296,0
DA:297,0
DA:326,0
DA:327,0
DA:340,0
DA:341,0
DA:349,0
DA:352,0
DA:361,0
DA:369,0
DA:370,0
DA:378,0
DA:383,0
DA:402,0
DA:424,0
DA:425,0
DA:426,0
DA:430,0
DA:437,0
DA:443,0
DA:455,0
DA:462,0
DA:489,0
DA:491,0
DA:492,0
DA:493,0
DA:495,0
DA:497,0
DA:500,0
DA:501,0
DA:503,0
DA:504,0
DA:510,0
DA:511,0
DA:512,0
DA:513,0
DA:517,0
DA:518,0
DA:519,0
DA:524,0
DA:525,0
DA:526,0
DA:530,0
DA:540,0
LF:96
LH:0
BRDA:78,0,0,0
BRDA:78,0,1,0
BRDA:85,1,0,0
BRDA:85,1,1,0
BRDA:93,2,0,0
BRDA:93,2,1,0
BRDA:93,3,0,0
BRDA:93,3,1,0
BRDA:94,4,0,0
BRDA:94,4,1,0
BRDA:117,5,0,0
BRDA:118,6,0,0
BRDA:118,6,1,0
BRDA:119,7,0,0
BRDA:119,7,1,0
BRDA:120,8,0,0
BRDA:120,8,1,0
BRDA:128,9,0,0
BRDA:128,9,1,0
BRDA:137,10,0,0
BRDA:137,10,1,0
BRDA:145,11,0,0
BRDA:145,11,1,0
BRDA:153,12,0,0
BRDA:153,12,1,0
BRDA:166,13,0,0
BRDA:166,13,1,0
BRDA:170,14,0,0
BRDA:170,14,1,0
BRDA:171,15,0,0
BRDA:171,15,1,0
BRDA:181,16,0,0
BRDA:181,16,1,0
BRDA:194,17,0,0
BRDA:194,17,1,0
BRDA:218,18,0,0
BRDA:218,18,1,0
BRDA:229,19,0,0
BRDA:229,19,1,0
BRDA:263,20,0,0
BRDA:263,20,1,0
BRDA:278,21,0,0
BRDA:278,21,1,0
BRDA:278,21,2,0
BRDA:296,22,0,0
BRDA:296,22,1,0
BRDA:301,23,0,0
BRDA:301,23,1,0
BRDA:301,24,0,0
BRDA:301,24,1,0
BRDA:305,25,0,0
BRDA:305,25,1,0
BRDA:306,26,0,0
BRDA:306,26,1,0
BRDA:306,27,0,0
BRDA:306,27,1,0
BRDA:313,28,0,0
BRDA:313,28,1,0
BRDA:317,29,0,0
BRDA:317,29,1,0
BRDA:328,30,0,0
BRDA:328,30,1,0
BRDA:369,31,0,0
BRDA:369,31,1,0
BRDA:378,32,0,0
BRDA:378,32,1,0
BRDA:379,33,0,0
BRDA:379,33,1,0
BRDA:380,34,0,0
BRDA:380,34,1,0
BRDA:381,35,0,0
BRDA:381,35,1,0
BRDA:385,36,0,0
BRDA:385,36,1,0
BRDA:410,37,0,0
BRDA:410,37,1,0
BRDA:411,38,0,0
BRDA:411,38,1,0
BRDA:424,39,0,0
BRDA:424,39,1,0
BRDA:431,40,0,0
BRDA:431,40,1,0
BRDA:432,41,0,0
BRDA:432,41,1,0
BRDA:433,42,0,0
BRDA:433,42,1,0
BRDA:434,43,0,0
BRDA:434,43,1,0
BRDA:438,44,0,0
BRDA:438,44,1,0
BRDA:439,45,0,0
BRDA:439,45,1,0
BRDA:440,46,0,0
BRDA:440,46,1,0
BRDA:446,47,0,0
BRDA:446,47,1,0
BRDA:448,48,0,0
BRDA:448,48,1,0
BRDA:454,49,0,0
BRDA:454,49,1,0
BRDA:454,50,0,0
BRDA:454,50,1,0
BRDA:458,51,0,0
BRDA:458,51,1,0
BRDA:458,51,2,0
BRDA:458,51,3,0
BRDA:470,52,0,0
BRDA:470,52,1,0
BRDA:472,53,0,0
BRDA:472,53,1,0
BRDA:473,54,0,0
BRDA:473,54,1,0
BRDA:474,55,0,0
BRDA:474,55,1,0
BRDA:475,56,0,0
BRDA:475,56,1,0
BRDA:491,57,0,0
BRDA:491,57,1,0
BRDA:492,58,0,0
BRDA:492,58,1,0
BRDA:493,59,0,0
BRDA:493,59,1,0
BRDA:495,60,0,0
BRDA:495,60,1,0
BRDA:497,61,0,0
BRDA:497,61,1,0
BRDA:511,62,0,0
BRDA:511,62,1,0
BRDA:519,63,0,0
BRDA:519,63,1,0
BRDA:519,63,2,0
BRF:131
BRH:0
end_of_record
TN:
SF:src\screens\DialogueScreen.tsx
FN:78,DialogueScreen
FN:91,(anonymous_1)
FN:97,(anonymous_2)
FN:113,(anonymous_3)
FN:119,(anonymous_4)
FN:127,(anonymous_5)
FN:133,(anonymous_6)
FN:144,(anonymous_7)
FN:157,(anonymous_8)
FN:175,(anonymous_9)
FN:275,(anonymous_10)
FN:279,(anonymous_11)
FN:288,(anonymous_12)
FN:304,ChoiceButton
FN:314,onPressIn
FN:317,onPressOut
FN:347,OutcomeScreen
FN:361,(anonymous_17)
FN:370,(anonymous_18)
FN:398,renderStatLine
FN:415,hasReputationEffect
FN:419,reputationHint
FN:426,formatCompanionId
FN:427,(anonymous_23)
FNF:24
FNH:0
FNDA:0,DialogueScreen
FNDA:0,(anonymous_1)
FNDA:0,(anonymous_2)
FNDA:0,(anonymous_3)
FNDA:0,(anonymous_4)
FNDA:0,(anonymous_5)
FNDA:0,(anonymous_6)
FNDA:0,(anonymous_7)
FNDA:0,(anonymous_8)
FNDA:0,(anonymous_9)
FNDA:0,(anonymous_10)
FNDA:0,(anonymous_11)
FNDA:0,(anonymous_12)
FNDA:0,ChoiceButton
FNDA:0,onPressIn
FNDA:0,onPressOut
FNDA:0,OutcomeScreen
FNDA:0,(anonymous_17)
FNDA:0,(anonymous_18)
FNDA:0,renderStatLine
FNDA:0,hasReputationEffect
FNDA:0,reputationHint
FNDA:0,formatCompanionId
FNDA:0,(anonymous_23)
DA:48,0
DA:64,0
DA:79,0
DA:80,0
DA:81,0
DA:82,0
DA:83,0
DA:85,0
DA:86,0
DA:87,0
DA:91,0
DA:93,0
DA:96,0
DA:97,0
DA:101,0
DA:102,0
DA:105,0
DA:106,0
DA:107,0
DA:110,0
DA:114,0
DA:115,0
DA:116,0
DA:117,0
DA:120,0
DA:124,0
DA:125,0
DA:127,0
DA:133,0
DA:134,0
DA:135,0
DA:136,0
DA:144,0
DA:145,0
DA:148,0
DA:149,0
DA:152,0
DA:157,0
DA:158,0
DA:159,0
DA:166,0
DA:167,0
DA:175,0
DA:190,0
DA:191,0
DA:202,0
DA:203,0
DA:214,0
DA:215,0
DA:217,0
DA:276,0
DA:279,0
DA:289,0
DA:311,0
DA:312,0
DA:315,0
DA:318,0
DA:321,0
DA:354,0
DA:357,0
DA:360,0
DA:361,0
DA:364,0
DA:371,0
DA:399,0
DA:400,0
DA:401,0
DA:416,0
DA:420,0
DA:421,0
DA:422,0
DA:423,0
DA:427,0
DA:434,0
LF:74
LH:0
BRDA:96,0,0,0
BRDA:96,0,1,0
BRDA:96,1,0,0
BRDA:96,1,1,0
BRDA:97,2,0,0
BRDA:97,2,1,0
BRDA:101,3,0,0
BRDA:101,3,1,0
BRDA:105,4,0,0
BRDA:105,4,1,0
BRDA:145,5,0,0
BRDA:145,5,1,0
BRDA:148,6,0,0
BRDA:148,6,1,0
BRDA:158,7,0,0
BRDA:158,7,1,0
BRDA:166,8,0,0
BRDA:166,8,1,0
BRDA:190,9,0,0
BRDA:190,9,1,0
BRDA:202,10,0,0
BRDA:202,10,1,0
BRDA:214,11,0,0
BRDA:214,11,1,0
BRDA:234,12,0,0
BRDA:234,12,1,0
BRDA:236,13,0,0
BRDA:236,13,1,0
BRDA:243,14,0,0
BRDA:243,14,1,0
BRDA:247,15,0,0
BRDA:247,15,1,0
BRDA:254,16,0,0
BRDA:254,16,1,0
BRDA:261,17,0,0
BRDA:261,17,1,0
BRDA:269,18,0,0
BRDA:269,18,1,0
BRDA:286,19,0,0
BRDA:286,19,1,0
BRDA:335,20,0,0
BRDA:335,20,1,0
BRDA:354,21,0,0
BRDA:354,21,1,0
BRDA:354,21,2,0
BRDA:354,21,3,0
BRDA:354,21,4,0
BRDA:357,22,0,0
BRDA:357,22,1,0
BRDA:357,22,2,0
BRDA:357,22,3,0
BRDA:361,23,0,0
BRDA:361,23,1,0
BRDA:367,24,0,0
BRDA:367,24,1,0
BRDA:379,25,0,0
BRDA:379,25,1,0
BRDA:379,25,2,0
BRDA:399,26,0,0
BRDA:399,26,1,0
BRDA:404,27,0,0
BRDA:404,27,1,0
BRDA:405,28,0,0
BRDA:405,28,1,0
BRDA:420,29,0,0
BRDA:420,29,1,0
BRDA:421,30,0,0
BRDA:421,30,1,0
BRDA:422,31,0,0
BRDA:422,31,1,0
BRF:70
BRH:0
end_of_record
TN:
SF:src\screens\InventoryScreen.tsx
FN:80,InventoryScreen
FN:83,(anonymous_1)
FN:86,persistInventory
FN:100,(anonymous_3)
FN:101,(anonymous_4)
FN:113,(anonymous_5)
FN:117,(anonymous_6)
FN:124,(anonymous_7)
FN:128,(anonymous_8)
FN:134,(anonymous_9)
FN:155,(anonymous_10)
FN:158,(anonymous_11)
FN:188,(anonymous_12)
FN:194,(anonymous_13)
FN:225,(anonymous_14)
FN:235,(anonymous_15)
FN:238,(anonymous_16)
FN:256,(anonymous_17)
FN:261,(anonymous_18)
FN:278,(anonymous_19)
FN:300,(anonymous_20)
FN:303,(anonymous_21)
FN:386,ItemGrid
FN:398,(anonymous_23)
FN:408,(anonymous_24)
FN:442,EmptySlots
FN:450,(anonymous_26)
FN:468,EquippedList
FN:477,(anonymous_28)
FN:485,(anonymous_29)
FN:520,BonusList
FN:524,(anonymous_31)
FN:528,(anonymous_32)
FN:563,(anonymous_33)
FN:581,(anonymous_34)
FN:595,ItemDetail
FN:663,(anonymous_36)
FN:667,(anonymous_37)
FN:671,(anonymous_38)
FN:675,(anonymous_39)
FN:679,(anonymous_40)
FN:686,DetailBtn
FN:705,PassiveEffectList
FN:724,(anonymous_43)
FN:731,ActiveEffectList
FN:747,(anonymous_45)
FNF:46
FNH:0
FNDA:0,InventoryScreen
FNDA:0,(anonymous_1)
FNDA:0,persistInventory
FNDA:0,(anonymous_3)
FNDA:0,(anonymous_4)
FNDA:0,(anonymous_5)
FNDA:0,(anonymous_6)
FNDA:0,(anonymous_7)
FNDA:0,(anonymous_8)
FNDA:0,(anonymous_9)
FNDA:0,(anonymous_10)
FNDA:0,(anonymous_11)
FNDA:0,(anonymous_12)
FNDA:0,(anonymous_13)
FNDA:0,(anonymous_14)
FNDA:0,(anonymous_15)
FNDA:0,(anonymous_16)
FNDA:0,(anonymous_17)
FNDA:0,(anonymous_18)
FNDA:0,(anonymous_19)
FNDA:0,(anonymous_20)
FNDA:0,(anonymous_21)
FNDA:0,ItemGrid
FNDA:0,(anonymous_23)
FNDA:0,(anonymous_24)
FNDA:0,EmptySlots
FNDA:0,(anonymous_26)
FNDA:0,EquippedList
FNDA:0,(anonymous_28)
FNDA:0,(anonymous_29)
FNDA:0,BonusList
FNDA:0,(anonymous_31)
FNDA:0,(anonymous_32)
FNDA:0,(anonymous_33)
FNDA:0,(anonymous_34)
FNDA:0,ItemDetail
FNDA:0,(anonymous_36)
FNDA:0,(anonymous_37)
FNDA:0,(anonymous_38)
FNDA:0,(anonymous_39)
FNDA:0,(anonymous_40)
FNDA:0,DetailBtn
FNDA:0,PassiveEffectList
FNDA:0,(anonymous_43)
FNDA:0,ActiveEffectList
FNDA:0,(anonymous_45)
DA:62,0
DA:83,0
DA:84,0
DA:87,0
DA:88,0
DA:89,0
DA:90,0
DA:93,0
DA:94,0
DA:96,0
DA:100,0
DA:101,0
DA:102,0
DA:103,0
DA:107,0
DA:113,0
DA:114,0
DA:115,0
DA:116,0
DA:117,0
DA:118,0
DA:119,0
DA:124,0
DA:125,0
DA:126,0
DA:127,0
DA:128,0
DA:129,0
DA:134,0
DA:135,0
DA:136,0
DA:140,0
DA:141,0
DA:148,0
DA:149,0
DA:152,0
DA:156,0
DA:157,0
DA:158,0
DA:160,0
DA:163,0
DA:164,0
DA:165,0
DA:167,0
DA:169,0
DA:170,0
DA:173,0
DA:174,0
DA:180,0
DA:181,0
DA:184,0
DA:185,0
DA:188,0
DA:193,0
DA:194,0
DA:195,0
DA:196,0
DA:207,0
DA:208,0
DA:209,0
DA:210,0
DA:212,0
DA:217,0
DA:225,0
DA:226,0
DA:227,0
DA:229,0
DA:230,0
DA:232,0
DA:236,0
DA:237,0
DA:238,0
DA:240,0
DA:244,0
DA:245,0
DA:246,0
DA:247,0
DA:248,0
DA:256,0
DA:257,0
DA:258,0
DA:262,0
DA:263,0
DA:264,0
DA:265,0
DA:266,0
DA:276,0
DA:277,0
DA:278,0
DA:280,0
DA:281,0
DA:287,0
DA:301,0
DA:303,0
DA:393,0
DA:394,0
DA:396,0
DA:399,0
DA:400,0
DA:401,0
DA:402,0
DA:403,0
DA:405,0
DA:408,0
DA:443,0
DA:444,0
DA:445,0
DA:446,0
DA:448,0
DA:451,0
DA:463,0
DA:475,0
DA:478,0
DA:479,0
DA:480,0
DA:482,0
DA:485,0
DA:521,0
DA:523,0
DA:524,0
DA:525,0
DA:526,0
DA:528,0
DA:529,0
DA:530,0
DA:533,0
DA:534,0
DA:535,0
DA:536,0
DA:537,0
DA:538,0
DA:539,0
DA:540,0
DA:541,0
DA:543,0
DA:545,0
DA:547,0
DA:548,0
DA:549,0
DA:551,0
DA:552,0
DA:559,0
DA:564,0
DA:582,0
DA:607,0
DA:608,0
DA:609,0
DA:610,0
DA:611,0
DA:612,0
DA:614,0
DA:663,0
DA:667,0
DA:671,0
DA:675,0
DA:679,0
DA:694,0
DA:706,0
DA:707,0
DA:708,0
DA:709,0
DA:710,0
DA:711,0
DA:712,0
DA:713,0
DA:714,0
DA:715,0
DA:716,0
DA:717,0
DA:718,0
DA:719,0
DA:720,0
DA:722,0
DA:725,0
DA:732,0
DA:733,0
DA:734,0
DA:735,0
DA:736,0
DA:737,0
DA:738,0
DA:739,0
DA:740,0
DA:742,0
DA:743,0
DA:745,0
DA:748,0
DA:758,0
LF:188
LH:0
BRDA:102,0,0,0
BRDA:102,0,1,0
BRDA:115,1,0,0
BRDA:115,1,1,0
BRDA:119,2,0,0
BRDA:119,2,1,0
BRDA:126,3,0,0
BRDA:126,3,1,0
BRDA:136,4,0,0
BRDA:136,4,1,0
BRDA:141,5,0,0
BRDA:141,5,1,0
BRDA:141,6,0,0
BRDA:141,6,1,0
BRDA:141,6,2,0
BRDA:141,6,3,0
BRDA:141,6,4,0
BRDA:141,6,5,0
BRDA:157,7,0,0
BRDA:157,7,1,0
BRDA:167,8,0,0
BRDA:167,8,1,0
BRDA:169,9,0,0
BRDA:169,9,1,0
BRDA:173,10,0,0
BRDA:173,10,1,0
BRDA:180,11,0,0
BRDA:180,11,1,0
BRDA:184,12,0,0
BRDA:184,12,1,0
BRDA:193,13,0,0
BRDA:193,13,1,0
BRDA:195,14,0,0
BRDA:195,14,1,0
BRDA:200,15,0,0
BRDA:200,15,1,0
BRDA:213,16,0,0
BRDA:213,16,1,0
BRDA:214,17,0,0
BRDA:214,17,1,0
BRDA:215,18,0,0
BRDA:215,18,1,0
BRDA:217,19,0,0
BRDA:217,19,1,0
BRDA:227,20,0,0
BRDA:227,20,1,0
BRDA:229,21,0,0
BRDA:229,21,1,0
BRDA:230,22,0,0
BRDA:230,22,1,0
BRDA:237,23,0,0
BRDA:237,23,1,0
BRDA:241,24,0,0
BRDA:241,24,1,0
BRDA:260,25,0,0
BRDA:260,25,1,0
BRDA:263,26,0,0
BRDA:263,26,1,0
BRDA:276,27,0,0
BRDA:276,27,1,0
BRDA:277,28,0,0
BRDA:277,28,1,0
BRDA:278,29,0,0
BRDA:278,29,1,0
BRDA:304,30,0,0
BRDA:304,30,1,0
BRDA:307,31,0,0
BRDA:307,31,1,0
BRDA:308,32,0,0
BRDA:308,32,1,0
BRDA:309,33,0,0
BRDA:309,33,1,0
BRDA:321,34,0,0
BRDA:321,34,1,0
BRDA:336,35,0,0
BRDA:336,35,1,0
BRDA:346,36,0,0
BRDA:346,36,1,0
BRDA:357,37,0,0
BRDA:357,37,1,0
BRDA:357,38,0,0
BRDA:357,38,1,0
BRDA:400,39,0,0
BRDA:400,39,1,0
BRDA:413,40,0,0
BRDA:413,40,1,0
BRDA:414,41,0,0
BRDA:414,41,1,0
BRDA:415,42,0,0
BRDA:415,42,1,0
BRDA:415,43,0,0
BRDA:415,43,1,0
BRDA:427,44,0,0
BRDA:427,44,1,0
BRDA:434,45,0,0
BRDA:434,45,1,0
BRDA:445,46,0,0
BRDA:445,46,1,0
BRDA:479,47,0,0
BRDA:479,47,1,0
BRDA:485,48,0,0
BRDA:485,48,1,0
BRDA:490,49,0,0
BRDA:490,49,1,0
BRDA:490,49,2,0
BRDA:491,50,0,0
BRDA:491,50,1,0
BRDA:498,51,0,0
BRDA:498,51,1,0
BRDA:524,52,0,0
BRDA:525,53,0,0
BRDA:525,53,1,0
BRDA:526,54,0,0
BRDA:526,54,1,0
BRDA:529,55,0,0
BRDA:529,55,1,0
BRDA:536,56,0,0
BRDA:536,56,1,0
BRDA:537,57,0,0
BRDA:537,57,1,0
BRDA:541,58,0,0
BRDA:541,58,1,0
BRDA:543,59,0,0
BRDA:543,59,1,0
BRDA:545,60,0,0
BRDA:545,60,1,0
BRDA:551,61,0,0
BRDA:551,61,1,0
BRDA:566,62,0,0
BRDA:566,62,1,0
BRDA:608,63,0,0
BRDA:608,63,1,0
BRDA:610,64,0,0
BRDA:610,64,1,0
BRDA:629,65,0,0
BRDA:629,65,1,0
BRDA:630,66,0,0
BRDA:630,66,1,0
BRDA:637,67,0,0
BRDA:637,67,1,0
BRDA:645,68,0,0
BRDA:645,68,1,0
BRDA:653,69,0,0
BRDA:653,69,1,0
BRDA:655,70,0,0
BRDA:655,70,1,0
BRDA:661,71,0,0
BRDA:661,71,1,0
BRDA:661,71,2,0
BRDA:665,72,0,0
BRDA:665,72,1,0
BRDA:665,72,2,0
BRDA:669,73,0,0
BRDA:669,73,1,0
BRDA:673,74,0,0
BRDA:673,74,1,0
BRDA:677,75,0,0
BRDA:677,75,1,0
BRDA:707,76,0,0
BRDA:707,76,1,0
BRDA:708,77,0,0
BRDA:708,77,1,0
BRDA:709,78,0,0
BRDA:709,78,1,0
BRDA:710,79,0,0
BRDA:710,79,1,0
BRDA:711,80,0,0
BRDA:711,80,1,0
BRDA:712,81,0,0
BRDA:712,81,1,0
BRDA:713,82,0,0
BRDA:713,82,1,0
BRDA:714,83,0,0
BRDA:714,83,1,0
BRDA:715,84,0,0
BRDA:715,84,1,0
BRDA:716,85,0,0
BRDA:716,85,1,0
BRDA:717,86,0,0
BRDA:717,86,1,0
BRDA:718,87,0,0
BRDA:718,87,1,0
BRDA:719,88,0,0
BRDA:719,88,1,0
BRDA:720,89,0,0
BRDA:720,89,1,0
BRDA:734,90,0,0
BRDA:734,90,1,0
BRDA:735,91,0,0
BRDA:735,91,1,0
BRDA:736,92,0,0
BRDA:736,92,1,0
BRDA:737,93,0,0
BRDA:737,93,1,0
BRDA:738,94,0,0
BRDA:738,94,1,0
BRDA:739,95,0,0
BRDA:739,95,1,0
BRDA:740,96,0,0
BRDA:740,96,1,0
BRDA:741,97,0,0
BRDA:741,97,1,0
BRDA:742,98,0,0
BRDA:742,98,1,0
BRDA:743,99,0,0
BRDA:743,99,1,0
BRF:206
BRH:0
end_of_record
TN:
SF:src\screens\MapScreen.tsx
FN:76,buildItems
FN:82,(anonymous_1)
FN:98,MapScreen
FN:109,(anonymous_3)
FN:118,(anonymous_4)
FN:120,(anonymous_5)
FN:123,(anonymous_6)
FN:129,(anonymous_7)
FN:140,(anonymous_8)
FN:145,(anonymous_9)
FN:156,(anonymous_10)
FN:156,(anonymous_11)
FN:172,(anonymous_12)
FN:221,MapHeader
FN:251,RegionBanner
FN:265,LocationRow
FN:281,(anonymous_16)
FN:307,(anonymous_17)
FN:310,(anonymous_18)
FN:311,(anonymous_19)
FN:313,(anonymous_20)
FN:344,Badge
FN:361,Destination
FN:375,LocationDetail
FN:387,(anonymous_24)
FN:442,(anonymous_25)
FN:444,(anonymous_26)
FN:445,(anonymous_27)
FN:447,(anonymous_28)
FN:483,DetailLine
FNF:30
FNH:0
FNDA:0,buildItems
FNDA:0,(anonymous_1)
FNDA:0,MapScreen
FNDA:0,(anonymous_3)
FNDA:0,(anonymous_4)
FNDA:0,(anonymous_5)
FNDA:0,(anonymous_6)
FNDA:0,(anonymous_7)
FNDA:0,(anonymous_8)
FNDA:0,(anonymous_9)
FNDA:0,(anonymous_10)
FNDA:0,(anonymous_11)
FNDA:0,(anonymous_12)
FNDA:0,MapHeader
FNDA:0,RegionBanner
FNDA:0,LocationRow
FNDA:0,(anonymous_16)
FNDA:0,(anonymous_17)
FNDA:0,(anonymous_18)
FNDA:0,(anonymous_19)
FNDA:0,(anonymous_20)
FNDA:0,Badge
FNDA:0,Destination
FNDA:0,LocationDetail
FNDA:0,(anonymous_24)
FNDA:0,(anonymous_25)
FNDA:0,(anonymous_26)
FNDA:0,(anonymous_27)
FNDA:0,(anonymous_28)
FNDA:0,DetailLine
DA:42,0
DA:65,0
DA:66,0
DA:77,0
DA:78,0
DA:79,0
DA:80,0
DA:81,0
DA:82,0
DA:84,0
DA:85,0
DA:86,0
DA:89,0
DA:92,0
DA:99,0
DA:100,0
DA:101,0
DA:102,0
DA:103,0
DA:105,0
DA:106,0
DA:109,0
DA:110,0
DA:111,0
DA:113,0
DA:114,0
DA:118,0
DA:119,0
DA:120,0
DA:122,0
DA:123,0
DA:124,0
DA:129,0
DA:130,0
DA:131,0
DA:132,0
DA:133,0
DA:140,0
DA:141,0
DA:145,0
DA:148,0
DA:156,0
DA:173,0
DA:174,0
DA:181,0
DA:182,0
DA:222,0
DA:223,0
DA:224,0
DA:226,0
DA:252,0
DA:275,0
DA:276,0
DA:277,0
DA:280,0
DA:281,0
DA:307,0
DA:310,0
DA:311,0
DA:313,0
DA:320,0
DA:322,0
DA:350,0
DA:362,0
DA:384,0
DA:385,0
DA:386,0
DA:387,0
DA:388,0
DA:390,0
DA:442,0
DA:444,0
DA:445,0
DA:448,0
DA:491,0
DA:504,0
LF:76
LH:0
BRDA:82,0,0,0
BRDA:82,0,1,0
BRDA:85,1,0,0
BRDA:85,1,1,0
BRDA:109,2,0,0
BRDA:109,2,1,0
BRDA:110,3,0,0
BRDA:110,3,1,0
BRDA:111,4,0,0
BRDA:111,4,1,0
BRDA:114,5,0,0
BRDA:114,5,1,0
BRDA:119,6,0,0
BRDA:119,6,1,0
BRDA:161,7,0,0
BRDA:161,7,1,0
BRDA:173,8,0,0
BRDA:173,8,1,0
BRDA:200,9,0,0
BRDA:200,9,1,0
BRDA:236,10,0,0
BRDA:236,10,1,0
BRDA:239,11,0,0
BRDA:239,11,1,0
BRDA:240,12,0,0
BRDA:240,12,1,0
BRDA:277,13,0,0
BRDA:277,13,1,0
BRDA:285,14,0,0
BRDA:285,14,1,0
BRDA:286,15,0,0
BRDA:286,15,1,0
BRDA:286,15,2,0
BRDA:287,16,0,0
BRDA:287,16,1,0
BRDA:287,16,2,0
BRDA:288,17,0,0
BRDA:288,17,1,0
BRDA:292,18,0,0
BRDA:292,18,1,0
BRDA:301,19,0,0
BRDA:301,19,1,0
BRDA:301,19,2,0
BRDA:302,20,0,0
BRDA:302,20,1,0
BRDA:303,21,0,0
BRDA:303,21,1,0
BRDA:307,22,0,0
BRDA:307,22,1,0
BRDA:325,23,0,0
BRDA:325,23,1,0
BRDA:332,24,0,0
BRDA:332,24,1,0
BRDA:333,25,0,0
BRDA:333,25,1,0
BRDA:333,25,2,0
BRDA:334,26,0,0
BRDA:334,26,1,0
BRDA:339,27,0,0
BRDA:339,27,1,0
BRDA:388,28,0,0
BRDA:388,28,1,0
BRDA:404,29,0,0
BRDA:404,29,1,0
BRDA:407,30,0,0
BRDA:407,30,1,0
BRDA:407,30,2,0
BRDA:410,31,0,0
BRDA:410,31,1,0
BRDA:413,32,0,0
BRDA:413,32,1,0
BRDA:414,33,0,0
BRDA:414,33,1,0
BRDA:416,34,0,0
BRDA:416,34,1,0
BRDA:416,34,2,0
BRDA:428,35,0,0
BRDA:428,35,1,0
BRDA:429,36,0,0
BRDA:429,36,1,0
BRDA:430,37,0,0
BRDA:430,37,1,0
BRDA:431,38,0,0
BRDA:431,38,1,0
BRDA:432,39,0,0
BRDA:432,39,1,0
BRDA:432,39,2,0
BRDA:432,39,3,0
BRDA:432,39,4,0
BRDA:442,40,0,0
BRDA:442,40,1,0
BRDA:453,41,0,0
BRDA:453,41,1,0
BRDA:463,42,0,0
BRDA:463,42,1,0
BRDA:470,43,0,0
BRDA:470,43,1,0
BRDA:470,43,2,0
BRDA:470,43,3,0
BRDA:470,43,4,0
BRDA:495,44,0,0
BRDA:495,44,1,0
BRDA:495,45,0,0
BRDA:495,45,1,0
BRF:104
BRH:0
end_of_record
TN:
SF:src\screens\RoadScreen.tsx
FN:20,getForageLabel
FN:38,getPassiveBonusDescription
FN:70,CompanionDetailCard
FN:157,RoadScreen
FN:168,(anonymous_4)
FN:173,submit
FN:178,submitWithConfirm
FN:184,(anonymous_7)
FN:187,(anonymous_8)
FN:280,(anonymous_9)
FN:292,(anonymous_10)
FN:293,(anonymous_11)
FN:295,(anonymous_12)
FN:313,(anonymous_13)
FN:314,(anonymous_14)
FN:315,(anonymous_15)
FN:316,(anonymous_16)
FN:317,(anonymous_17)
FN:318,(anonymous_18)
FN:319,(anonymous_19)
FN:330,statColor
FN:348,CompanionIcon
FN:364,(anonymous_22)
FN:368,(anonymous_23)
FN:396,StatBar
FN:415,SectionHeader
FN:447,ActionGrid
FN:454,(anonymous_27)
FN:456,(anonymous_28)
FN:464,ActionButton
FN:475,(anonymous_30)
FN:476,(anonymous_31)
FN:506,TypewriterText
FN:510,(anonymous_33)
FN:523,(anonymous_34)
FN:531,(anonymous_35)
FN:539,LatestJournalEntry
FNF:37
FNH:0
FNDA:0,getForageLabel
FNDA:0,getPassiveBonusDescription
FNDA:0,CompanionDetailCard
FNDA:0,RoadScreen
FNDA:0,(anonymous_4)
FNDA:0,submit
FNDA:0,submitWithConfirm
FNDA:0,(anonymous_7)
FNDA:0,(anonymous_8)
FNDA:0,(anonymous_9)
FNDA:0,(anonymous_10)
FNDA:0,(anonymous_11)
FNDA:0,(anonymous_12)
FNDA:0,(anonymous_13)
FNDA:0,(anonymous_14)
FNDA:0,(anonymous_15)
FNDA:0,(anonymous_16)
FNDA:0,(anonymous_17)
FNDA:0,(anonymous_18)
FNDA:0,(anonymous_19)
FNDA:0,statColor
FNDA:0,CompanionIcon
FNDA:0,(anonymous_22)
FNDA:0,(anonymous_23)
FNDA:0,StatBar
FNDA:0,SectionHeader
FNDA:0,ActionGrid
FNDA:0,(anonymous_27)
FNDA:0,(anonymous_28)
FNDA:0,ActionButton
FNDA:0,(anonymous_30)
FNDA:0,(anonymous_31)
FNDA:0,TypewriterText
FNDA:0,(anonymous_33)
FNDA:0,(anonymous_34)
FNDA:0,(anonymous_35)
FNDA:0,LatestJournalEntry
DA:21,0
DA:22,0
DA:23,0
DA:24,0
DA:25,0
DA:26,0
DA:27,0
DA:30,0
DA:39,0
DA:40,0
DA:41,0
DA:43,0
DA:44,0
DA:46,0
DA:47,0
DA:49,0
DA:50,0
DA:52,0
DA:53,0
DA:55,0
DA:56,0
DA:58,0
DA:59,0
DA:61,0
DA:62,0
DA:64,0
DA:65,0
DA:67,0
DA:71,0
DA:72,0
DA:73,0
DA:74,0
DA:76,0
DA:165,0
DA:166,0
DA:167,0
DA:168,0
DA:171,0
DA:174,0
DA:175,0
DA:179,0
DA:180,0
DA:181,0
DA:184,0
DA:187,0
DA:188,0
DA:189,0
DA:191,0
DA:195,0
DA:281,0
DA:293,0
DA:294,0
DA:295,0
DA:313,0
DA:314,0
DA:315,0
DA:316,0
DA:317,0
DA:318,0
DA:319,0
DA:331,0
DA:332,0
DA:333,0
DA:334,0
DA:337,0
DA:363,0
DA:364,0
DA:366,0
DA:368,0
DA:397,0
DA:398,0
DA:400,0
DA:416,0
DA:417,0
DA:428,0
DA:448,0
DA:449,0
DA:450,0
DA:452,0
DA:455,0
DA:456,0
DA:465,0
DA:468,0
DA:471,0
DA:473,0
DA:476,0
DA:477,0
DA:507,0
DA:508,0
DA:510,0
DA:511,0
DA:512,0
DA:513,0
DA:516,0
DA:517,0
DA:518,0
DA:521,0
DA:522,0
DA:523,0
DA:524,0
DA:525,0
DA:526,0
DA:527,0
DA:528,0
DA:531,0
DA:532,0
DA:536,0
DA:540,0
DA:541,0
LF:109
LH:0
BRDA:21,0,0,0
BRDA:21,0,1,0
BRDA:22,1,0,0
BRDA:22,1,1,0
BRDA:23,2,0,0
BRDA:23,2,1,0
BRDA:24,3,0,0
BRDA:24,3,1,0
BRDA:25,4,0,0
BRDA:25,4,1,0
BRDA:26,5,0,0
BRDA:26,5,1,0
BRDA:40,6,0,0
BRDA:40,6,1,0
BRDA:43,7,0,0
BRDA:43,7,1,0
BRDA:46,8,0,0
BRDA:46,8,1,0
BRDA:49,9,0,0
BRDA:49,9,1,0
BRDA:52,10,0,0
BRDA:52,10,1,0
BRDA:55,11,0,0
BRDA:55,11,1,0
BRDA:58,12,0,0
BRDA:58,12,1,0
BRDA:61,13,0,0
BRDA:61,13,1,0
BRDA:61,14,0,0
BRDA:61,14,1,0
BRDA:64,15,0,0
BRDA:64,15,1,0
BRDA:67,16,0,0
BRDA:67,16,1,0
BRDA:72,17,0,0
BRDA:72,17,1,0
BRDA:72,18,0,0
BRDA:72,18,1,0
BRDA:73,19,0,0
BRDA:73,19,1,0
BRDA:73,20,0,0
BRDA:73,20,1,0
BRDA:147,21,0,0
BRDA:147,21,1,0
BRDA:162,22,0,0
BRDA:163,23,0,0
BRDA:168,24,0,0
BRDA:168,24,1,0
BRDA:168,25,0,0
BRDA:168,25,1,0
BRDA:174,26,0,0
BRDA:174,26,1,0
BRDA:179,27,0,0
BRDA:179,27,1,0
BRDA:188,28,0,0
BRDA:188,28,1,0
BRDA:225,29,0,0
BRDA:225,29,1,0
BRDA:226,30,0,0
BRDA:226,30,1,0
BRDA:233,31,0,0
BRDA:233,31,1,0
BRDA:240,32,0,0
BRDA:240,32,1,0
BRDA:240,32,2,0
BRDA:242,33,0,0
BRDA:242,33,1,0
BRDA:249,34,0,0
BRDA:249,34,1,0
BRDA:265,35,0,0
BRDA:265,35,1,0
BRDA:276,36,0,0
BRDA:276,36,1,0
BRDA:279,37,0,0
BRDA:279,37,1,0
BRDA:292,38,0,0
BRDA:292,38,1,0
BRDA:294,39,0,0
BRDA:294,39,1,0
BRDA:301,40,0,0
BRDA:301,40,1,0
BRDA:315,41,0,0
BRDA:315,41,1,0
BRDA:316,42,0,0
BRDA:316,42,1,0
BRDA:331,43,0,0
BRDA:331,43,1,0
BRDA:332,44,0,0
BRDA:332,44,1,0
BRDA:333,45,0,0
BRDA:333,45,1,0
BRDA:379,46,0,0
BRDA:379,46,1,0
BRDA:380,47,0,0
BRDA:380,47,1,0
BRDA:396,48,0,0
BRDA:416,49,0,0
BRDA:416,49,1,0
BRDA:422,50,0,0
BRDA:422,50,1,0
BRDA:433,51,0,0
BRDA:433,51,1,0
BRDA:457,52,0,0
BRDA:457,52,1,0
BRDA:465,53,0,0
BRDA:465,53,1,0
BRDA:466,54,0,0
BRDA:466,54,1,0
BRDA:468,55,0,0
BRDA:468,55,1,0
BRDA:469,56,0,0
BRDA:469,56,1,0
BRDA:471,57,0,0
BRDA:471,57,1,0
BRDA:506,58,0,0
BRDA:511,59,0,0
BRDA:511,59,1,0
BRDA:516,60,0,0
BRDA:516,60,1,0
BRDA:526,61,0,0
BRDA:526,61,1,0
BRDA:532,62,0,0
BRDA:532,62,1,0
BRDA:540,63,0,0
BRDA:540,63,1,0
BRF:125
BRH:0
end_of_record
TN:
SF:src\screens\ShopScreen.tsx
FN:63,ShopScreen
FN:65,(anonymous_1)
FN:74,(anonymous_2)
FN:75,(anonymous_3)
FN:77,handleBuy
FN:84,(anonymous_5)
FN:115,handleSell
FN:171,(anonymous_7)
FN:174,(anonymous_8)
FN:194,(anonymous_9)
FN:198,(anonymous_10)
FN:205,(anonymous_11)
FN:212,(anonymous_12)
FN:226,BuyRow
FN:266,SellRow
FNF:15
FNH:0
FNDA:0,ShopScreen
FNDA:0,(anonymous_1)
FNDA:0,(anonymous_2)
FNDA:0,(anonymous_3)
FNDA:0,handleBuy
FNDA:0,(anonymous_5)
FNDA:0,handleSell
FNDA:0,(anonymous_7)
FNDA:0,(anonymous_8)
FNDA:0,(anonymous_9)
FNDA:0,(anonymous_10)
FNDA:0,(anonymous_11)
FNDA:0,(anonymous_12)
FNDA:0,BuyRow
FNDA:0,SellRow
DA:35,0
DA:64,0
DA:65,0
DA:67,0
DA:68,0
DA:69,0
DA:70,0
DA:73,0
DA:74,0
DA:75,0
DA:78,0
DA:81,0
DA:82,0
DA:83,0
DA:84,0
DA:85,0
DA:86,0
DA:87,0
DA:92,0
DA:93,0
DA:94,0
DA:95,0
DA:96,0
DA:99,0
DA:100,0
DA:101,0
DA:102,0
DA:103,0
DA:105,0
DA:109,0
DA:110,0
DA:111,0
DA:112,0
DA:116,0
DA:117,0
DA:118,0
DA:119,0
DA:120,0
DA:122,0
DA:126,0
DA:127,0
DA:128,0
DA:129,0
DA:130,0
DA:133,0
DA:172,0
DA:174,0
DA:195,0
DA:198,0
DA:205,0
DA:212,0
DA:227,0
DA:228,0
DA:229,0
DA:231,0
DA:275,0
DA:277,0
DA:310,0
LF:58
LH:0
BRDA:75,0,0,0
BRDA:75,0,1,0
BRDA:81,1,0,0
BRDA:81,1,1,0
BRDA:85,2,0,0
BRDA:85,2,1,0
BRDA:86,3,0,0
BRDA:86,3,1,0
BRDA:101,4,0,0
BRDA:101,4,1,0
BRDA:101,5,0,0
BRDA:101,5,1,0
BRDA:102,6,0,0
BRDA:102,6,1,0
BRDA:112,7,0,0
BRDA:112,7,1,0
BRDA:118,8,0,0
BRDA:118,8,1,0
BRDA:118,9,0,0
BRDA:118,9,1,0
BRDA:119,10,0,0
BRDA:119,10,1,0
BRDA:130,11,0,0
BRDA:130,11,1,0
BRDA:161,12,0,0
BRDA:161,12,1,0
BRDA:175,13,0,0
BRDA:175,13,1,0
BRDA:178,14,0,0
BRDA:178,14,1,0
BRDA:179,15,0,0
BRDA:179,15,1,0
BRDA:191,16,0,0
BRDA:191,16,1,0
BRDA:191,16,2,0
BRDA:194,17,0,0
BRDA:194,17,1,0
BRDA:202,18,0,0
BRDA:202,18,1,0
BRDA:202,18,2,0
BRDA:205,19,0,0
BRDA:205,19,1,0
BRDA:205,20,0,0
BRDA:205,20,1,0
BRDA:210,21,0,0
BRDA:210,21,1,0
BRDA:248,22,0,0
BRDA:248,22,1,0
BRDA:252,23,0,0
BRDA:252,23,1,0
BRDA:253,24,0,0
BRDA:253,24,1,0
BRDA:283,25,0,0
BRDA:283,25,1,0
BRF:54
BRH:0
end_of_record
